Requirement already satisfied: pip in /nemo/lab/briscoej/home/users/maizelr/envs_for_svm23/deepvelo_env/lib/python3.10/site-packages (22.2.2)
Collecting pip
  Using cached pip-23.3.2-py3-none-any.whl (2.1 MB)
Installing collected packages: pip
  Attempting uninstall: pip
    Found existing installation: pip 22.2.2
    Uninstalling pip-22.2.2:
      Successfully uninstalled pip-22.2.2
Successfully installed pip-23.3.2
Collecting scanpy==1.9.*
  Downloading scanpy-1.9.6-py3-none-any.whl.metadata (6.0 kB)
Collecting anndata>=0.7.4 (from scanpy==1.9.*)
  Downloading anndata-0.10.4-py3-none-any.whl.metadata (6.4 kB)
Collecting h5py>=3 (from scanpy==1.9.*)
  Downloading h5py-3.10.0-cp310-cp310-manylinux_2_17_x86_64.manylinux2014_x86_64.whl.metadata (2.5 kB)
Collecting joblib (from scanpy==1.9.*)
  Downloading joblib-1.3.2-py3-none-any.whl.metadata (5.4 kB)
Collecting matplotlib>=3.4 (from scanpy==1.9.*)
  Downloading matplotlib-3.8.2-cp310-cp310-manylinux_2_17_x86_64.manylinux2014_x86_64.whl.metadata (5.8 kB)
Collecting natsort (from scanpy==1.9.*)
  Downloading natsort-8.4.0-py3-none-any.whl.metadata (21 kB)
Collecting networkx>=2.3 (from scanpy==1.9.*)
  Downloading networkx-3.2.1-py3-none-any.whl.metadata (5.2 kB)
Collecting numba>=0.41.0 (from scanpy==1.9.*)
  Downloading numba-0.58.1-cp310-cp310-manylinux2014_x86_64.manylinux_2_17_x86_64.whl.metadata (2.7 kB)
Collecting numpy>=1.17.0 (from scanpy==1.9.*)
  Downloading numpy-1.26.3-cp310-cp310-manylinux_2_17_x86_64.manylinux2014_x86_64.whl.metadata (61 kB)
     ━━━━━━━━━━━━━━━━━━━━━━━━━━━━━━━━━━━━━━━━ 61.2/61.2 kB 8.0 MB/s eta 0:00:00
Collecting packaging (from scanpy==1.9.*)
  Downloading packaging-23.2-py3-none-any.whl.metadata (3.2 kB)
Collecting pandas!=2.1.2,>=1.1.1 (from scanpy==1.9.*)
  Downloading pandas-2.1.4-cp310-cp310-manylinux_2_17_x86_64.manylinux2014_x86_64.whl.metadata (18 kB)
Collecting patsy (from scanpy==1.9.*)
  Downloading patsy-0.5.6-py2.py3-none-any.whl.metadata (3.5 kB)
Collecting scikit-learn>=0.24 (from scanpy==1.9.*)
  Downloading scikit_learn-1.3.2-cp310-cp310-manylinux_2_17_x86_64.manylinux2014_x86_64.whl.metadata (11 kB)
Collecting scipy>=1.4 (from scanpy==1.9.*)
  Downloading scipy-1.11.4-cp310-cp310-manylinux_2_17_x86_64.manylinux2014_x86_64.whl.metadata (60 kB)
     ━━━━━━━━━━━━━━━━━━━━━━━━━━━━━━━━━━━━━━━ 60.4/60.4 kB 114.6 MB/s eta 0:00:00
Collecting seaborn!=0.13.0 (from scanpy==1.9.*)
  Downloading seaborn-0.13.1-py3-none-any.whl.metadata (5.4 kB)
Collecting session-info (from scanpy==1.9.*)
  Downloading session_info-1.0.0.tar.gz (24 kB)
  Installing build dependencies: started
  Installing build dependencies: finished with status 'done'
  Getting requirements to build wheel: started
  Getting requirements to build wheel: finished with status 'done'
  Preparing metadata (pyproject.toml): started
  Preparing metadata (pyproject.toml): finished with status 'done'
Collecting statsmodels>=0.10.0rc2 (from scanpy==1.9.*)
  Downloading statsmodels-0.14.1-cp310-cp310-manylinux_2_17_x86_64.manylinux2014_x86_64.whl.metadata (9.5 kB)
Collecting tqdm (from scanpy==1.9.*)
  Downloading tqdm-4.66.1-py3-none-any.whl.metadata (57 kB)
     ━━━━━━━━━━━━━━━━━━━━━━━━━━━━━━━━━━━━━━━ 57.6/57.6 kB 214.7 MB/s eta 0:00:00
Collecting umap-learn>=0.3.10 (from scanpy==1.9.*)
  Downloading umap-learn-0.5.5.tar.gz (90 kB)
     ━━━━━━━━━━━━━━━━━━━━━━━━━━━━━━━━━━━━━━━ 90.9/90.9 kB 103.9 MB/s eta 0:00:00
  Installing build dependencies: started
  Installing build dependencies: finished with status 'done'
  Getting requirements to build wheel: started
  Getting requirements to build wheel: finished with status 'done'
  Preparing metadata (pyproject.toml): started
  Preparing metadata (pyproject.toml): finished with status 'done'
Collecting array-api-compat (from anndata>=0.7.4->scanpy==1.9.*)
  Downloading array_api_compat-1.4-py3-none-any.whl.metadata (13 kB)
Collecting exceptiongroup (from anndata>=0.7.4->scanpy==1.9.*)
  Downloading exceptiongroup-1.2.0-py3-none-any.whl.metadata (6.6 kB)
Collecting contourpy>=1.0.1 (from matplotlib>=3.4->scanpy==1.9.*)
  Downloading contourpy-1.2.0-cp310-cp310-manylinux_2_17_x86_64.manylinux2014_x86_64.whl.metadata (5.8 kB)
Collecting cycler>=0.10 (from matplotlib>=3.4->scanpy==1.9.*)
  Downloading cycler-0.12.1-py3-none-any.whl.metadata (3.8 kB)
Collecting fonttools>=4.22.0 (from matplotlib>=3.4->scanpy==1.9.*)
  Downloading fonttools-4.47.2-cp310-cp310-manylinux_2_17_x86_64.manylinux2014_x86_64.whl.metadata (157 kB)
     ━━━━━━━━━━━━━━━━━━━━━━━━━━━━━━━━━━━━━ 157.6/157.6 kB 144.5 MB/s eta 0:00:00
Collecting kiwisolver>=1.3.1 (from matplotlib>=3.4->scanpy==1.9.*)
  Downloading kiwisolver-1.4.5-cp310-cp310-manylinux_2_12_x86_64.manylinux2010_x86_64.whl.metadata (6.4 kB)
Collecting pillow>=8 (from matplotlib>=3.4->scanpy==1.9.*)
  Downloading pillow-10.2.0-cp310-cp310-manylinux_2_17_x86_64.manylinux2014_x86_64.whl.metadata (9.7 kB)
Collecting pyparsing>=2.3.1 (from matplotlib>=3.4->scanpy==1.9.*)
  Downloading pyparsing-3.1.1-py3-none-any.whl.metadata (5.1 kB)
Collecting python-dateutil>=2.7 (from matplotlib>=3.4->scanpy==1.9.*)
  Downloading python_dateutil-2.8.2-py2.py3-none-any.whl (247 kB)
     ━━━━━━━━━━━━━━━━━━━━━━━━━━━━━━━━━━━━━ 247.7/247.7 kB 215.6 MB/s eta 0:00:00
Collecting llvmlite<0.42,>=0.41.0dev0 (from numba>=0.41.0->scanpy==1.9.*)
  Downloading llvmlite-0.41.1-cp310-cp310-manylinux_2_17_x86_64.manylinux2014_x86_64.whl.metadata (4.8 kB)
Collecting pytz>=2020.1 (from pandas!=2.1.2,>=1.1.1->scanpy==1.9.*)
  Downloading pytz-2023.3.post1-py2.py3-none-any.whl.metadata (22 kB)
Collecting tzdata>=2022.1 (from pandas!=2.1.2,>=1.1.1->scanpy==1.9.*)
  Downloading tzdata-2023.4-py2.py3-none-any.whl.metadata (1.4 kB)
Collecting threadpoolctl>=2.0.0 (from scikit-learn>=0.24->scanpy==1.9.*)
  Downloading threadpoolctl-3.2.0-py3-none-any.whl.metadata (10.0 kB)
Collecting six (from patsy->scanpy==1.9.*)
  Downloading six-1.16.0-py2.py3-none-any.whl (11 kB)
Collecting pynndescent>=0.5 (from umap-learn>=0.3.10->scanpy==1.9.*)
  Downloading pynndescent-0.5.11-py3-none-any.whl.metadata (6.8 kB)
Collecting stdlib-list (from session-info->scanpy==1.9.*)
  Downloading stdlib_list-0.10.0-py3-none-any.whl.metadata (3.3 kB)
Downloading scanpy-1.9.6-py3-none-any.whl (2.0 MB)
   ━━━━━━━━━━━━━━━━━━━━━━━━━━━━━━━━━━━━━━━━ 2.0/2.0 MB 58.8 MB/s eta 0:00:00
Downloading anndata-0.10.4-py3-none-any.whl (119 kB)
   ━━━━━━━━━━━━━━━━━━━━━━━━━━━━━━━━━━━━━━━ 119.9/119.9 kB 251.5 MB/s eta 0:00:00
Downloading h5py-3.10.0-cp310-cp310-manylinux_2_17_x86_64.manylinux2014_x86_64.whl (4.8 MB)
   ━━━━━━━━━━━━━━━━━━━━━━━━━━━━━━━━━━━━━━━━ 4.8/4.8 MB 221.2 MB/s eta 0:00:00
Downloading matplotlib-3.8.2-cp310-cp310-manylinux_2_17_x86_64.manylinux2014_x86_64.whl (11.6 MB)
   ━━━━━━━━━━━━━━━━━━━━━━━━━━━━━━━━━━━━━━━━ 11.6/11.6 MB 216.8 MB/s eta 0:00:00
Downloading networkx-3.2.1-py3-none-any.whl (1.6 MB)
   ━━━━━━━━━━━━━━━━━━━━━━━━━━━━━━━━━━━━━━━━ 1.6/1.6 MB 297.7 MB/s eta 0:00:00
Downloading numba-0.58.1-cp310-cp310-manylinux2014_x86_64.manylinux_2_17_x86_64.whl (3.6 MB)
   ━━━━━━━━━━━━━━━━━━━━━━━━━━━━━━━━━━━━━━━━ 3.6/3.6 MB 198.6 MB/s eta 0:00:00
Downloading numpy-1.26.3-cp310-cp310-manylinux_2_17_x86_64.manylinux2014_x86_64.whl (18.2 MB)
   ━━━━━━━━━━━━━━━━━━━━━━━━━━━━━━━━━━━━━━━━ 18.2/18.2 MB 211.6 MB/s eta 0:00:00
Downloading packaging-23.2-py3-none-any.whl (53 kB)
   ━━━━━━━━━━━━━━━━━━━━━━━━━━━━━━━━━━━━━━━━ 53.0/53.0 kB 158.3 MB/s eta 0:00:00
Downloading pandas-2.1.4-cp310-cp310-manylinux_2_17_x86_64.manylinux2014_x86_64.whl (12.3 MB)
   ━━━━━━━━━━━━━━━━━━━━━━━━━━━━━━━━━━━━━━━━ 12.3/12.3 MB 233.3 MB/s eta 0:00:00
Downloading scikit_learn-1.3.2-cp310-cp310-manylinux_2_17_x86_64.manylinux2014_x86_64.whl (10.8 MB)
   ━━━━━━━━━━━━━━━━━━━━━━━━━━━━━━━━━━━━━━━━ 10.8/10.8 MB 172.9 MB/s eta 0:00:00
Downloading joblib-1.3.2-py3-none-any.whl (302 kB)
   ━━━━━━━━━━━━━━━━━━━━━━━━━━━━━━━━━━━━━━━ 302.2/302.2 kB 285.9 MB/s eta 0:00:00
Downloading scipy-1.11.4-cp310-cp310-manylinux_2_17_x86_64.manylinux2014_x86_64.whl (36.4 MB)
   ━━━━━━━━━━━━━━━━━━━━━━━━━━━━━━━━━━━━━━━━ 36.4/36.4 MB 182.4 MB/s eta 0:00:00
Downloading seaborn-0.13.1-py3-none-any.whl (294 kB)
   ━━━━━━━━━━━━━━━━━━━━━━━━━━━━━━━━━━━━━━━ 294.8/294.8 kB 274.7 MB/s eta 0:00:00
Downloading statsmodels-0.14.1-cp310-cp310-manylinux_2_17_x86_64.manylinux2014_x86_64.whl (10.8 MB)
   ━━━━━━━━━━━━━━━━━━━━━━━━━━━━━━━━━━━━━━━━ 10.8/10.8 MB 226.3 MB/s eta 0:00:00
Downloading patsy-0.5.6-py2.py3-none-any.whl (233 kB)
   ━━━━━━━━━━━━━━━━━━━━━━━━━━━━━━━━━━━━━━━ 233.9/233.9 kB 266.7 MB/s eta 0:00:00
Downloading natsort-8.4.0-py3-none-any.whl (38 kB)
Downloading tqdm-4.66.1-py3-none-any.whl (78 kB)
   ━━━━━━━━━━━━━━━━━━━━━━━━━━━━━━━━━━━━━━━━ 78.3/78.3 kB 247.7 MB/s eta 0:00:00
Downloading contourpy-1.2.0-cp310-cp310-manylinux_2_17_x86_64.manylinux2014_x86_64.whl (310 kB)
   ━━━━━━━━━━━━━━━━━━━━━━━━━━━━━━━━━━━━━━━ 310.7/310.7 kB 289.9 MB/s eta 0:00:00
Downloading cycler-0.12.1-py3-none-any.whl (8.3 kB)
Downloading fonttools-4.47.2-cp310-cp310-manylinux_2_17_x86_64.manylinux2014_x86_64.whl (4.6 MB)
   ━━━━━━━━━━━━━━━━━━━━━━━━━━━━━━━━━━━━━━━━ 4.6/4.6 MB 243.5 MB/s eta 0:00:00
Downloading kiwisolver-1.4.5-cp310-cp310-manylinux_2_12_x86_64.manylinux2010_x86_64.whl (1.6 MB)
   ━━━━━━━━━━━━━━━━━━━━━━━━━━━━━━━━━━━━━━━━ 1.6/1.6 MB 256.2 MB/s eta 0:00:00
Downloading llvmlite-0.41.1-cp310-cp310-manylinux_2_17_x86_64.manylinux2014_x86_64.whl (43.6 MB)
   ━━━━━━━━━━━━━━━━━━━━━━━━━━━━━━━━━━━━━━━━ 43.6/43.6 MB 154.1 MB/s eta 0:00:00
Downloading pillow-10.2.0-cp310-cp310-manylinux_2_17_x86_64.manylinux2014_x86_64.whl (4.4 MB)
   ━━━━━━━━━━━━━━━━━━━━━━━━━━━━━━━━━━━━━━━━ 4.4/4.4 MB 235.8 MB/s eta 0:00:00
Downloading pynndescent-0.5.11-py3-none-any.whl (55 kB)
   ━━━━━━━━━━━━━━━━━━━━━━━━━━━━━━━━━━━━━━━━ 55.8/55.8 kB 228.0 MB/s eta 0:00:00
Downloading pyparsing-3.1.1-py3-none-any.whl (103 kB)
   ━━━━━━━━━━━━━━━━━━━━━━━━━━━━━━━━━━━━━━━ 103.1/103.1 kB 243.2 MB/s eta 0:00:00
Downloading pytz-2023.3.post1-py2.py3-none-any.whl (502 kB)
   ━━━━━━━━━━━━━━━━━━━━━━━━━━━━━━━━━━━━━━━ 502.5/502.5 kB 300.1 MB/s eta 0:00:00
Downloading threadpoolctl-3.2.0-py3-none-any.whl (15 kB)
Downloading tzdata-2023.4-py2.py3-none-any.whl (346 kB)
   ━━━━━━━━━━━━━━━━━━━━━━━━━━━━━━━━━━━━━━━ 346.6/346.6 kB 280.3 MB/s eta 0:00:00
Downloading array_api_compat-1.4-py3-none-any.whl (29 kB)
Downloading exceptiongroup-1.2.0-py3-none-any.whl (16 kB)
Downloading stdlib_list-0.10.0-py3-none-any.whl (79 kB)
   ━━━━━━━━━━━━━━━━━━━━━━━━━━━━━━━━━━━━━━━━ 79.8/79.8 kB 265.6 MB/s eta 0:00:00
Building wheels for collected packages: umap-learn, session-info
  Building wheel for umap-learn (pyproject.toml): started
  Building wheel for umap-learn (pyproject.toml): finished with status 'done'
  Created wheel for umap-learn: filename=umap_learn-0.5.5-py3-none-any.whl size=86832 sha256=4bbbd1931b96783fdf926657814369dff445850a70004696c9022012e48404f6
  Stored in directory: /tmp/slurm_63526161/pip-ephem-wheel-cache-gz8fvtam/wheels/3a/70/07/428d2b58660a1a3b431db59b806a10da736612ebbc66c1bcc5
  Building wheel for session-info (pyproject.toml): started
  Building wheel for session-info (pyproject.toml): finished with status 'done'
  Created wheel for session-info: filename=session_info-1.0.0-py3-none-any.whl size=8023 sha256=0ec714ce7bd6a90dcd8297a4dc7a791d1f50819afae2a3bb7c4e2171eb438564
  Stored in directory: /tmp/slurm_63526161/pip-ephem-wheel-cache-gz8fvtam/wheels/6a/aa/b9/eb5d4031476ec10802795b97ccf937b9bd998d68a9b268765a
Successfully built umap-learn session-info
Installing collected packages: pytz, tzdata, tqdm, threadpoolctl, stdlib-list, six, pyparsing, pillow, packaging, numpy, networkx, natsort, llvmlite, kiwisolver, joblib, fonttools, exceptiongroup, cycler, array-api-compat, session-info, scipy, python-dateutil, patsy, numba, h5py, contourpy, scikit-learn, pandas, matplotlib, statsmodels, seaborn, pynndescent, anndata, umap-learn, scanpy
Successfully installed anndata-0.10.4 array-api-compat-1.4 contourpy-1.2.0 cycler-0.12.1 exceptiongroup-1.2.0 fonttools-4.47.2 h5py-3.10.0 joblib-1.3.2 kiwisolver-1.4.5 llvmlite-0.41.1 matplotlib-3.8.2 natsort-8.4.0 networkx-3.2.1 numba-0.58.1 numpy-1.26.3 packaging-23.2 pandas-2.1.4 patsy-0.5.6 pillow-10.2.0 pynndescent-0.5.11 pyparsing-3.1.1 python-dateutil-2.8.2 pytz-2023.3.post1 scanpy-1.9.6 scikit-learn-1.3.2 scipy-1.11.4 seaborn-0.13.1 session-info-1.0.0 six-1.16.0 statsmodels-0.14.1 stdlib-list-0.10.0 threadpoolctl-3.2.0 tqdm-4.66.1 tzdata-2023.4 umap-learn-0.5.5
Collecting scvelo==0.2.*
  Downloading scvelo-0.2.5-py3-none-any.whl (219 kB)
     ━━━━━━━━━━━━━━━━━━━━━━━━━━━━━━━━━━━━━━ 220.0/220.0 kB 16.6 MB/s eta 0:00:00
Collecting typing-extensions (from scvelo==0.2.*)
  Downloading typing_extensions-4.9.0-py3-none-any.whl.metadata (3.0 kB)
Requirement already satisfied: anndata>=0.7.5 in /nemo/lab/briscoej/home/users/maizelr/envs_for_svm23/deepvelo_env/lib/python3.10/site-packages (from scvelo==0.2.*) (0.10.4)
Requirement already satisfied: scanpy>=1.5 in /nemo/lab/briscoej/home/users/maizelr/envs_for_svm23/deepvelo_env/lib/python3.10/site-packages (from scvelo==0.2.*) (1.9.6)
Collecting loompy>=2.0.12 (from scvelo==0.2.*)
  Downloading loompy-3.0.7.tar.gz (4.8 MB)
     ━━━━━━━━━━━━━━━━━━━━━━━━━━━━━━━━━━━━━━━━ 4.8/4.8 MB 124.8 MB/s eta 0:00:00
  Installing build dependencies: started
  Installing build dependencies: finished with status 'done'
  Getting requirements to build wheel: started
  Getting requirements to build wheel: finished with status 'done'
  Preparing metadata (pyproject.toml): started
  Preparing metadata (pyproject.toml): finished with status 'done'
Requirement already satisfied: umap-learn>=0.3.10 in /nemo/lab/briscoej/home/users/maizelr/envs_for_svm23/deepvelo_env/lib/python3.10/site-packages (from scvelo==0.2.*) (0.5.5)
Requirement already satisfied: numba>=0.41.0 in /nemo/lab/briscoej/home/users/maizelr/envs_for_svm23/deepvelo_env/lib/python3.10/site-packages (from scvelo==0.2.*) (0.58.1)
Requirement already satisfied: numpy>=1.17 in /nemo/lab/briscoej/home/users/maizelr/envs_for_svm23/deepvelo_env/lib/python3.10/site-packages (from scvelo==0.2.*) (1.26.3)
Requirement already satisfied: scipy>=1.4.1 in /nemo/lab/briscoej/home/users/maizelr/envs_for_svm23/deepvelo_env/lib/python3.10/site-packages (from scvelo==0.2.*) (1.11.4)
Requirement already satisfied: pandas!=1.4.0,>=0.23 in /nemo/lab/briscoej/home/users/maizelr/envs_for_svm23/deepvelo_env/lib/python3.10/site-packages (from scvelo==0.2.*) (2.1.4)
Requirement already satisfied: scikit-learn>=0.21.2 in /nemo/lab/briscoej/home/users/maizelr/envs_for_svm23/deepvelo_env/lib/python3.10/site-packages (from scvelo==0.2.*) (1.3.2)
Requirement already satisfied: matplotlib>=3.3.0 in /nemo/lab/briscoej/home/users/maizelr/envs_for_svm23/deepvelo_env/lib/python3.10/site-packages (from scvelo==0.2.*) (3.8.2)
Requirement already satisfied: array-api-compat in /nemo/lab/briscoej/home/users/maizelr/envs_for_svm23/deepvelo_env/lib/python3.10/site-packages (from anndata>=0.7.5->scvelo==0.2.*) (1.4)
Requirement already satisfied: exceptiongroup in /nemo/lab/briscoej/home/users/maizelr/envs_for_svm23/deepvelo_env/lib/python3.10/site-packages (from anndata>=0.7.5->scvelo==0.2.*) (1.2.0)
Requirement already satisfied: h5py>=3 in /nemo/lab/briscoej/home/users/maizelr/envs_for_svm23/deepvelo_env/lib/python3.10/site-packages (from anndata>=0.7.5->scvelo==0.2.*) (3.10.0)
Requirement already satisfied: natsort in /nemo/lab/briscoej/home/users/maizelr/envs_for_svm23/deepvelo_env/lib/python3.10/site-packages (from anndata>=0.7.5->scvelo==0.2.*) (8.4.0)
Requirement already satisfied: packaging>=20 in /nemo/lab/briscoej/home/users/maizelr/envs_for_svm23/deepvelo_env/lib/python3.10/site-packages (from anndata>=0.7.5->scvelo==0.2.*) (23.2)
Requirement already satisfied: setuptools in /nemo/lab/briscoej/home/users/maizelr/envs_for_svm23/deepvelo_env/lib/python3.10/site-packages (from loompy>=2.0.12->scvelo==0.2.*) (63.2.0)
Collecting click (from loompy>=2.0.12->scvelo==0.2.*)
  Downloading click-8.1.7-py3-none-any.whl.metadata (3.0 kB)
Collecting numpy-groupies (from loompy>=2.0.12->scvelo==0.2.*)
  Downloading numpy_groupies-0.10.2-py3-none-any.whl.metadata (18 kB)
Requirement already satisfied: contourpy>=1.0.1 in /nemo/lab/briscoej/home/users/maizelr/envs_for_svm23/deepvelo_env/lib/python3.10/site-packages (from matplotlib>=3.3.0->scvelo==0.2.*) (1.2.0)
Requirement already satisfied: cycler>=0.10 in /nemo/lab/briscoej/home/users/maizelr/envs_for_svm23/deepvelo_env/lib/python3.10/site-packages (from matplotlib>=3.3.0->scvelo==0.2.*) (0.12.1)
Requirement already satisfied: fonttools>=4.22.0 in /nemo/lab/briscoej/home/users/maizelr/envs_for_svm23/deepvelo_env/lib/python3.10/site-packages (from matplotlib>=3.3.0->scvelo==0.2.*) (4.47.2)
Requirement already satisfied: kiwisolver>=1.3.1 in /nemo/lab/briscoej/home/users/maizelr/envs_for_svm23/deepvelo_env/lib/python3.10/site-packages (from matplotlib>=3.3.0->scvelo==0.2.*) (1.4.5)
Requirement already satisfied: pillow>=8 in /nemo/lab/briscoej/home/users/maizelr/envs_for_svm23/deepvelo_env/lib/python3.10/site-packages (from matplotlib>=3.3.0->scvelo==0.2.*) (10.2.0)
Requirement already satisfied: pyparsing>=2.3.1 in /nemo/lab/briscoej/home/users/maizelr/envs_for_svm23/deepvelo_env/lib/python3.10/site-packages (from matplotlib>=3.3.0->scvelo==0.2.*) (3.1.1)
Requirement already satisfied: python-dateutil>=2.7 in /nemo/lab/briscoej/home/users/maizelr/envs_for_svm23/deepvelo_env/lib/python3.10/site-packages (from matplotlib>=3.3.0->scvelo==0.2.*) (2.8.2)
Requirement already satisfied: llvmlite<0.42,>=0.41.0dev0 in /nemo/lab/briscoej/home/users/maizelr/envs_for_svm23/deepvelo_env/lib/python3.10/site-packages (from numba>=0.41.0->scvelo==0.2.*) (0.41.1)
Requirement already satisfied: pytz>=2020.1 in /nemo/lab/briscoej/home/users/maizelr/envs_for_svm23/deepvelo_env/lib/python3.10/site-packages (from pandas!=1.4.0,>=0.23->scvelo==0.2.*) (2023.3.post1)
Requirement already satisfied: tzdata>=2022.1 in /nemo/lab/briscoej/home/users/maizelr/envs_for_svm23/deepvelo_env/lib/python3.10/site-packages (from pandas!=1.4.0,>=0.23->scvelo==0.2.*) (2023.4)
Requirement already satisfied: joblib in /nemo/lab/briscoej/home/users/maizelr/envs_for_svm23/deepvelo_env/lib/python3.10/site-packages (from scanpy>=1.5->scvelo==0.2.*) (1.3.2)
Requirement already satisfied: networkx>=2.3 in /nemo/lab/briscoej/home/users/maizelr/envs_for_svm23/deepvelo_env/lib/python3.10/site-packages (from scanpy>=1.5->scvelo==0.2.*) (3.2.1)
Requirement already satisfied: patsy in /nemo/lab/briscoej/home/users/maizelr/envs_for_svm23/deepvelo_env/lib/python3.10/site-packages (from scanpy>=1.5->scvelo==0.2.*) (0.5.6)
Requirement already satisfied: seaborn!=0.13.0 in /nemo/lab/briscoej/home/users/maizelr/envs_for_svm23/deepvelo_env/lib/python3.10/site-packages (from scanpy>=1.5->scvelo==0.2.*) (0.13.1)
Requirement already satisfied: session-info in /nemo/lab/briscoej/home/users/maizelr/envs_for_svm23/deepvelo_env/lib/python3.10/site-packages (from scanpy>=1.5->scvelo==0.2.*) (1.0.0)
Requirement already satisfied: statsmodels>=0.10.0rc2 in /nemo/lab/briscoej/home/users/maizelr/envs_for_svm23/deepvelo_env/lib/python3.10/site-packages (from scanpy>=1.5->scvelo==0.2.*) (0.14.1)
Requirement already satisfied: tqdm in /nemo/lab/briscoej/home/users/maizelr/envs_for_svm23/deepvelo_env/lib/python3.10/site-packages (from scanpy>=1.5->scvelo==0.2.*) (4.66.1)
Requirement already satisfied: threadpoolctl>=2.0.0 in /nemo/lab/briscoej/home/users/maizelr/envs_for_svm23/deepvelo_env/lib/python3.10/site-packages (from scikit-learn>=0.21.2->scvelo==0.2.*) (3.2.0)
Requirement already satisfied: pynndescent>=0.5 in /nemo/lab/briscoej/home/users/maizelr/envs_for_svm23/deepvelo_env/lib/python3.10/site-packages (from umap-learn>=0.3.10->scvelo==0.2.*) (0.5.11)
Requirement already satisfied: six>=1.5 in /nemo/lab/briscoej/home/users/maizelr/envs_for_svm23/deepvelo_env/lib/python3.10/site-packages (from python-dateutil>=2.7->matplotlib>=3.3.0->scvelo==0.2.*) (1.16.0)
Requirement already satisfied: stdlib-list in /nemo/lab/briscoej/home/users/maizelr/envs_for_svm23/deepvelo_env/lib/python3.10/site-packages (from session-info->scanpy>=1.5->scvelo==0.2.*) (0.10.0)
Downloading typing_extensions-4.9.0-py3-none-any.whl (32 kB)
Downloading click-8.1.7-py3-none-any.whl (97 kB)
   ━━━━━━━━━━━━━━━━━━━━━━━━━━━━━━━━━━━━━━━━ 97.9/97.9 kB 243.5 MB/s eta 0:00:00
Downloading numpy_groupies-0.10.2-py3-none-any.whl (39 kB)
Building wheels for collected packages: loompy
  Building wheel for loompy (pyproject.toml): started
  Building wheel for loompy (pyproject.toml): finished with status 'done'
  Created wheel for loompy: filename=loompy-3.0.7-py3-none-any.whl size=52018 sha256=d77882e2bacfcf2c1577fb0894df4401bb550c9530e46a2b9add1d129c3b9ae2
  Stored in directory: /tmp/slurm_63526161/pip-ephem-wheel-cache-gzg3vv99/wheels/2c/22/1f/792a4621bb631e538bf1c21feae9bbaa6b19fd6d6ab382d1fd
Successfully built loompy
Installing collected packages: typing-extensions, numpy-groupies, click, loompy, scvelo
Successfully installed click-8.1.7 loompy-3.0.7 numpy-groupies-0.10.2 scvelo-0.2.5 typing-extensions-4.9.0
Collecting anndata==0.8.0
  Downloading anndata-0.8.0-py3-none-any.whl (96 kB)
     ━━━━━━━━━━━━━━━━━━━━━━━━━━━━━━━━━━━━━━━━ 96.1/96.1 kB 41.8 MB/s eta 0:00:00
Requirement already satisfied: pandas>=1.1.1 in /nemo/lab/briscoej/home/users/maizelr/envs_for_svm23/deepvelo_env/lib/python3.10/site-packages (from anndata==0.8.0) (2.1.4)
Requirement already satisfied: numpy>=1.16.5 in /nemo/lab/briscoej/home/users/maizelr/envs_for_svm23/deepvelo_env/lib/python3.10/site-packages (from anndata==0.8.0) (1.26.3)
Requirement already satisfied: scipy>1.4 in /nemo/lab/briscoej/home/users/maizelr/envs_for_svm23/deepvelo_env/lib/python3.10/site-packages (from anndata==0.8.0) (1.11.4)
Requirement already satisfied: h5py>=3 in /nemo/lab/briscoej/home/users/maizelr/envs_for_svm23/deepvelo_env/lib/python3.10/site-packages (from anndata==0.8.0) (3.10.0)
Requirement already satisfied: natsort in /nemo/lab/briscoej/home/users/maizelr/envs_for_svm23/deepvelo_env/lib/python3.10/site-packages (from anndata==0.8.0) (8.4.0)
Requirement already satisfied: packaging>=20 in /nemo/lab/briscoej/home/users/maizelr/envs_for_svm23/deepvelo_env/lib/python3.10/site-packages (from anndata==0.8.0) (23.2)
Requirement already satisfied: python-dateutil>=2.8.2 in /nemo/lab/briscoej/home/users/maizelr/envs_for_svm23/deepvelo_env/lib/python3.10/site-packages (from pandas>=1.1.1->anndata==0.8.0) (2.8.2)
Requirement already satisfied: pytz>=2020.1 in /nemo/lab/briscoej/home/users/maizelr/envs_for_svm23/deepvelo_env/lib/python3.10/site-packages (from pandas>=1.1.1->anndata==0.8.0) (2023.3.post1)
Requirement already satisfied: tzdata>=2022.1 in /nemo/lab/briscoej/home/users/maizelr/envs_for_svm23/deepvelo_env/lib/python3.10/site-packages (from pandas>=1.1.1->anndata==0.8.0) (2023.4)
Requirement already satisfied: six>=1.5 in /nemo/lab/briscoej/home/users/maizelr/envs_for_svm23/deepvelo_env/lib/python3.10/site-packages (from python-dateutil>=2.8.2->pandas>=1.1.1->anndata==0.8.0) (1.16.0)
Installing collected packages: anndata
  Attempting uninstall: anndata
    Found existing installation: anndata 0.10.4
    Uninstalling anndata-0.10.4:
      Successfully uninstalled anndata-0.10.4
Successfully installed anndata-0.8.0
Collecting numpy==1.23.5
  Downloading numpy-1.23.5-cp310-cp310-manylinux_2_17_x86_64.manylinux2014_x86_64.whl (17.1 MB)
     ━━━━━━━━━━━━━━━━━━━━━━━━━━━━━━━━━━━━━━━ 17.1/17.1 MB 234.7 MB/s eta 0:00:00
Installing collected packages: numpy
  Attempting uninstall: numpy
    Found existing installation: numpy 1.26.3
    Uninstalling numpy-1.26.3:
      Successfully uninstalled numpy-1.26.3
Successfully installed numpy-1.23.5
Collecting matplotlib==3.5.2
  Downloading matplotlib-3.5.2-cp310-cp310-manylinux_2_17_x86_64.manylinux2014_x86_64.whl (11.9 MB)
     ━━━━━━━━━━━━━━━━━━━━━━━━━━━━━━━━━━━━━━━━ 11.9/11.9 MB 33.1 MB/s eta 0:00:00
Requirement already satisfied: cycler>=0.10 in /nemo/lab/briscoej/home/users/maizelr/envs_for_svm23/deepvelo_env/lib/python3.10/site-packages (from matplotlib==3.5.2) (0.12.1)
Requirement already satisfied: fonttools>=4.22.0 in /nemo/lab/briscoej/home/users/maizelr/envs_for_svm23/deepvelo_env/lib/python3.10/site-packages (from matplotlib==3.5.2) (4.47.2)
Requirement already satisfied: kiwisolver>=1.0.1 in /nemo/lab/briscoej/home/users/maizelr/envs_for_svm23/deepvelo_env/lib/python3.10/site-packages (from matplotlib==3.5.2) (1.4.5)
Requirement already satisfied: numpy>=1.17 in /nemo/lab/briscoej/home/users/maizelr/envs_for_svm23/deepvelo_env/lib/python3.10/site-packages (from matplotlib==3.5.2) (1.23.5)
Requirement already satisfied: packaging>=20.0 in /nemo/lab/briscoej/home/users/maizelr/envs_for_svm23/deepvelo_env/lib/python3.10/site-packages (from matplotlib==3.5.2) (23.2)
Requirement already satisfied: pillow>=6.2.0 in /nemo/lab/briscoej/home/users/maizelr/envs_for_svm23/deepvelo_env/lib/python3.10/site-packages (from matplotlib==3.5.2) (10.2.0)
Requirement already satisfied: pyparsing>=2.2.1 in /nemo/lab/briscoej/home/users/maizelr/envs_for_svm23/deepvelo_env/lib/python3.10/site-packages (from matplotlib==3.5.2) (3.1.1)
Requirement already satisfied: python-dateutil>=2.7 in /nemo/lab/briscoej/home/users/maizelr/envs_for_svm23/deepvelo_env/lib/python3.10/site-packages (from matplotlib==3.5.2) (2.8.2)
Requirement already satisfied: six>=1.5 in /nemo/lab/briscoej/home/users/maizelr/envs_for_svm23/deepvelo_env/lib/python3.10/site-packages (from python-dateutil>=2.7->matplotlib==3.5.2) (1.16.0)
Installing collected packages: matplotlib
  Attempting uninstall: matplotlib
    Found existing installation: matplotlib 3.8.2
    Uninstalling matplotlib-3.8.2:
      Successfully uninstalled matplotlib-3.8.2
Successfully installed matplotlib-3.5.2
Collecting pandas==1.5.3
  Downloading pandas-1.5.3-cp310-cp310-manylinux_2_17_x86_64.manylinux2014_x86_64.whl (12.1 MB)
     ━━━━━━━━━━━━━━━━━━━━━━━━━━━━━━━━━━━━━━━━ 12.1/12.1 MB 24.4 MB/s eta 0:00:00
Requirement already satisfied: python-dateutil>=2.8.1 in /nemo/lab/briscoej/home/users/maizelr/envs_for_svm23/deepvelo_env/lib/python3.10/site-packages (from pandas==1.5.3) (2.8.2)
Requirement already satisfied: pytz>=2020.1 in /nemo/lab/briscoej/home/users/maizelr/envs_for_svm23/deepvelo_env/lib/python3.10/site-packages (from pandas==1.5.3) (2023.3.post1)
Requirement already satisfied: numpy>=1.21.0 in /nemo/lab/briscoej/home/users/maizelr/envs_for_svm23/deepvelo_env/lib/python3.10/site-packages (from pandas==1.5.3) (1.23.5)
Requirement already satisfied: six>=1.5 in /nemo/lab/briscoej/home/users/maizelr/envs_for_svm23/deepvelo_env/lib/python3.10/site-packages (from python-dateutil>=2.8.1->pandas==1.5.3) (1.16.0)
Installing collected packages: pandas
  Attempting uninstall: pandas
    Found existing installation: pandas 2.1.4
    Uninstalling pandas-2.1.4:
      Successfully uninstalled pandas-2.1.4
Successfully installed pandas-1.5.3
Collecting scipy==1.8.*
  Downloading scipy-1.8.1-cp310-cp310-manylinux_2_17_x86_64.manylinux2014_x86_64.whl (42.2 MB)
     ━━━━━━━━━━━━━━━━━━━━━━━━━━━━━━━━━━━━━━━━ 42.2/42.2 MB 35.4 MB/s eta 0:00:00
Requirement already satisfied: numpy<1.25.0,>=1.17.3 in /nemo/lab/briscoej/home/users/maizelr/envs_for_svm23/deepvelo_env/lib/python3.10/site-packages (from scipy==1.8.*) (1.23.5)
Installing collected packages: scipy
  Attempting uninstall: scipy
    Found existing installation: scipy 1.11.4
    Uninstalling scipy-1.11.4:
      Successfully uninstalled scipy-1.11.4
Successfully installed scipy-1.8.1
Requirement already satisfied: scikit-learn==1.3.* in /nemo/lab/briscoej/home/users/maizelr/envs_for_svm23/deepvelo_env/lib/python3.10/site-packages (1.3.2)
Requirement already satisfied: numpy<2.0,>=1.17.3 in /nemo/lab/briscoej/home/users/maizelr/envs_for_svm23/deepvelo_env/lib/python3.10/site-packages (from scikit-learn==1.3.*) (1.23.5)
Requirement already satisfied: scipy>=1.5.0 in /nemo/lab/briscoej/home/users/maizelr/envs_for_svm23/deepvelo_env/lib/python3.10/site-packages (from scikit-learn==1.3.*) (1.8.1)
Requirement already satisfied: joblib>=1.1.1 in /nemo/lab/briscoej/home/users/maizelr/envs_for_svm23/deepvelo_env/lib/python3.10/site-packages (from scikit-learn==1.3.*) (1.3.2)
Requirement already satisfied: threadpoolctl>=2.0.0 in /nemo/lab/briscoej/home/users/maizelr/envs_for_svm23/deepvelo_env/lib/python3.10/site-packages (from scikit-learn==1.3.*) (3.2.0)
Collecting seaborn==0.12.*
  Downloading seaborn-0.12.2-py3-none-any.whl (293 kB)
     ━━━━━━━━━━━━━━━━━━━━━━━━━━━━━━━━━━━━━━ 293.3/293.3 kB 44.5 MB/s eta 0:00:00
Requirement already satisfied: numpy!=1.24.0,>=1.17 in /nemo/lab/briscoej/home/users/maizelr/envs_for_svm23/deepvelo_env/lib/python3.10/site-packages (from seaborn==0.12.*) (1.23.5)
Requirement already satisfied: pandas>=0.25 in /nemo/lab/briscoej/home/users/maizelr/envs_for_svm23/deepvelo_env/lib/python3.10/site-packages (from seaborn==0.12.*) (1.5.3)
Requirement already satisfied: matplotlib!=3.6.1,>=3.1 in /nemo/lab/briscoej/home/users/maizelr/envs_for_svm23/deepvelo_env/lib/python3.10/site-packages (from seaborn==0.12.*) (3.5.2)
Requirement already satisfied: cycler>=0.10 in /nemo/lab/briscoej/home/users/maizelr/envs_for_svm23/deepvelo_env/lib/python3.10/site-packages (from matplotlib!=3.6.1,>=3.1->seaborn==0.12.*) (0.12.1)
Requirement already satisfied: fonttools>=4.22.0 in /nemo/lab/briscoej/home/users/maizelr/envs_for_svm23/deepvelo_env/lib/python3.10/site-packages (from matplotlib!=3.6.1,>=3.1->seaborn==0.12.*) (4.47.2)
Requirement already satisfied: kiwisolver>=1.0.1 in /nemo/lab/briscoej/home/users/maizelr/envs_for_svm23/deepvelo_env/lib/python3.10/site-packages (from matplotlib!=3.6.1,>=3.1->seaborn==0.12.*) (1.4.5)
Requirement already satisfied: packaging>=20.0 in /nemo/lab/briscoej/home/users/maizelr/envs_for_svm23/deepvelo_env/lib/python3.10/site-packages (from matplotlib!=3.6.1,>=3.1->seaborn==0.12.*) (23.2)
Requirement already satisfied: pillow>=6.2.0 in /nemo/lab/briscoej/home/users/maizelr/envs_for_svm23/deepvelo_env/lib/python3.10/site-packages (from matplotlib!=3.6.1,>=3.1->seaborn==0.12.*) (10.2.0)
Requirement already satisfied: pyparsing>=2.2.1 in /nemo/lab/briscoej/home/users/maizelr/envs_for_svm23/deepvelo_env/lib/python3.10/site-packages (from matplotlib!=3.6.1,>=3.1->seaborn==0.12.*) (3.1.1)
Requirement already satisfied: python-dateutil>=2.7 in /nemo/lab/briscoej/home/users/maizelr/envs_for_svm23/deepvelo_env/lib/python3.10/site-packages (from matplotlib!=3.6.1,>=3.1->seaborn==0.12.*) (2.8.2)
Requirement already satisfied: pytz>=2020.1 in /nemo/lab/briscoej/home/users/maizelr/envs_for_svm23/deepvelo_env/lib/python3.10/site-packages (from pandas>=0.25->seaborn==0.12.*) (2023.3.post1)
Requirement already satisfied: six>=1.5 in /nemo/lab/briscoej/home/users/maizelr/envs_for_svm23/deepvelo_env/lib/python3.10/site-packages (from python-dateutil>=2.7->matplotlib!=3.6.1,>=3.1->seaborn==0.12.*) (1.16.0)
Installing collected packages: seaborn
  Attempting uninstall: seaborn
    Found existing installation: seaborn 0.13.1
    Uninstalling seaborn-0.13.1:
      Successfully uninstalled seaborn-0.13.1
Successfully installed seaborn-0.12.2
Requirement already satisfied: tqdm in /nemo/lab/briscoej/home/users/maizelr/envs_for_svm23/deepvelo_env/lib/python3.10/site-packages (4.66.1)
Collecting ipykernel
  Downloading ipykernel-6.28.0-py3-none-any.whl.metadata (6.0 kB)
Collecting comm>=0.1.1 (from ipykernel)
  Downloading comm-0.2.1-py3-none-any.whl.metadata (3.7 kB)
Collecting debugpy>=1.6.5 (from ipykernel)
  Downloading debugpy-1.8.0-cp310-cp310-manylinux_2_17_x86_64.manylinux2014_x86_64.whl.metadata (1.0 kB)
Collecting ipython>=7.23.1 (from ipykernel)
  Downloading ipython-8.20.0-py3-none-any.whl.metadata (5.9 kB)
Collecting jupyter-client>=6.1.12 (from ipykernel)
  Downloading jupyter_client-8.6.0-py3-none-any.whl.metadata (8.3 kB)
Collecting jupyter-core!=5.0.*,>=4.12 (from ipykernel)
  Downloading jupyter_core-5.7.1-py3-none-any.whl.metadata (3.4 kB)
Collecting matplotlib-inline>=0.1 (from ipykernel)
  Downloading matplotlib_inline-0.1.6-py3-none-any.whl (9.4 kB)
Collecting nest-asyncio (from ipykernel)
  Downloading nest_asyncio-1.5.8-py3-none-any.whl.metadata (2.8 kB)
Requirement already satisfied: packaging in /nemo/lab/briscoej/home/users/maizelr/envs_for_svm23/deepvelo_env/lib/python3.10/site-packages (from ipykernel) (23.2)
Collecting psutil (from ipykernel)
  Downloading psutil-5.9.7-cp36-abi3-manylinux_2_12_x86_64.manylinux2010_x86_64.manylinux_2_17_x86_64.manylinux2014_x86_64.whl.metadata (21 kB)
Collecting pyzmq>=24 (from ipykernel)
  Downloading pyzmq-25.1.2-cp310-cp310-manylinux_2_17_x86_64.manylinux2014_x86_64.whl.metadata (4.9 kB)
Collecting tornado>=6.1 (from ipykernel)
  Downloading tornado-6.4-cp38-abi3-manylinux_2_5_x86_64.manylinux1_x86_64.manylinux_2_17_x86_64.manylinux2014_x86_64.whl.metadata (2.5 kB)
Collecting traitlets>=5.4.0 (from ipykernel)
  Downloading traitlets-5.14.1-py3-none-any.whl.metadata (10 kB)
Collecting decorator (from ipython>=7.23.1->ipykernel)
  Downloading decorator-5.1.1-py3-none-any.whl (9.1 kB)
Collecting jedi>=0.16 (from ipython>=7.23.1->ipykernel)
  Downloading jedi-0.19.1-py2.py3-none-any.whl.metadata (22 kB)
Collecting prompt-toolkit<3.1.0,>=3.0.41 (from ipython>=7.23.1->ipykernel)
  Downloading prompt_toolkit-3.0.43-py3-none-any.whl.metadata (6.5 kB)
Collecting pygments>=2.4.0 (from ipython>=7.23.1->ipykernel)
  Downloading pygments-2.17.2-py3-none-any.whl.metadata (2.6 kB)
Collecting stack-data (from ipython>=7.23.1->ipykernel)
  Downloading stack_data-0.6.3-py3-none-any.whl.metadata (18 kB)
Requirement already satisfied: exceptiongroup in /nemo/lab/briscoej/home/users/maizelr/envs_for_svm23/deepvelo_env/lib/python3.10/site-packages (from ipython>=7.23.1->ipykernel) (1.2.0)
Collecting pexpect>4.3 (from ipython>=7.23.1->ipykernel)
  Downloading pexpect-4.9.0-py2.py3-none-any.whl.metadata (2.5 kB)
Requirement already satisfied: python-dateutil>=2.8.2 in /nemo/lab/briscoej/home/users/maizelr/envs_for_svm23/deepvelo_env/lib/python3.10/site-packages (from jupyter-client>=6.1.12->ipykernel) (2.8.2)
Collecting platformdirs>=2.5 (from jupyter-core!=5.0.*,>=4.12->ipykernel)
  Downloading platformdirs-4.1.0-py3-none-any.whl.metadata (11 kB)
Collecting parso<0.9.0,>=0.8.3 (from jedi>=0.16->ipython>=7.23.1->ipykernel)
  Downloading parso-0.8.3-py2.py3-none-any.whl (100 kB)
     ━━━━━━━━━━━━━━━━━━━━━━━━━━━━━━━━━━━━━ 100.8/100.8 kB 240.1 MB/s eta 0:00:00
Collecting ptyprocess>=0.5 (from pexpect>4.3->ipython>=7.23.1->ipykernel)
  Downloading ptyprocess-0.7.0-py2.py3-none-any.whl (13 kB)
Collecting wcwidth (from prompt-toolkit<3.1.0,>=3.0.41->ipython>=7.23.1->ipykernel)
  Downloading wcwidth-0.2.13-py2.py3-none-any.whl.metadata (14 kB)
Requirement already satisfied: six>=1.5 in /nemo/lab/briscoej/home/users/maizelr/envs_for_svm23/deepvelo_env/lib/python3.10/site-packages (from python-dateutil>=2.8.2->jupyter-client>=6.1.12->ipykernel) (1.16.0)
Collecting executing>=1.2.0 (from stack-data->ipython>=7.23.1->ipykernel)
  Downloading executing-2.0.1-py2.py3-none-any.whl.metadata (9.0 kB)
Collecting asttokens>=2.1.0 (from stack-data->ipython>=7.23.1->ipykernel)
  Downloading asttokens-2.4.1-py2.py3-none-any.whl.metadata (5.2 kB)
Collecting pure-eval (from stack-data->ipython>=7.23.1->ipykernel)
  Downloading pure_eval-0.2.2-py3-none-any.whl (11 kB)
Downloading ipykernel-6.28.0-py3-none-any.whl (114 kB)
   ━━━━━━━━━━━━━━━━━━━━━━━━━━━━━━━━━━━━━━━ 114.1/114.1 kB 262.7 MB/s eta 0:00:00
Downloading comm-0.2.1-py3-none-any.whl (7.2 kB)
Downloading debugpy-1.8.0-cp310-cp310-manylinux_2_17_x86_64.manylinux2014_x86_64.whl (3.3 MB)
   ━━━━━━━━━━━━━━━━━━━━━━━━━━━━━━━━━━━━━━━━ 3.3/3.3 MB 256.7 MB/s eta 0:00:00
Downloading ipython-8.20.0-py3-none-any.whl (809 kB)
   ━━━━━━━━━━━━━━━━━━━━━━━━━━━━━━━━━━━━━━━ 809.2/809.2 kB 211.5 MB/s eta 0:00:00
Downloading jupyter_client-8.6.0-py3-none-any.whl (105 kB)
   ━━━━━━━━━━━━━━━━━━━━━━━━━━━━━━━━━━━━━━━ 105.9/105.9 kB 197.7 MB/s eta 0:00:00
Downloading jupyter_core-5.7.1-py3-none-any.whl (28 kB)
Downloading pyzmq-25.1.2-cp310-cp310-manylinux_2_17_x86_64.manylinux2014_x86_64.whl (1.1 MB)
   ━━━━━━━━━━━━━━━━━━━━━━━━━━━━━━━━━━━━━━━━ 1.1/1.1 MB 210.8 MB/s eta 0:00:00
Downloading tornado-6.4-cp38-abi3-manylinux_2_5_x86_64.manylinux1_x86_64.manylinux_2_17_x86_64.manylinux2014_x86_64.whl (435 kB)
   ━━━━━━━━━━━━━━━━━━━━━━━━━━━━━━━━━━━━━━━ 435.4/435.4 kB 211.3 MB/s eta 0:00:00
Downloading traitlets-5.14.1-py3-none-any.whl (85 kB)
   ━━━━━━━━━━━━━━━━━━━━━━━━━━━━━━━━━━━━━━━━ 85.4/85.4 kB 187.9 MB/s eta 0:00:00
Downloading nest_asyncio-1.5.8-py3-none-any.whl (5.3 kB)
Downloading psutil-5.9.7-cp36-abi3-manylinux_2_12_x86_64.manylinux2010_x86_64.manylinux_2_17_x86_64.manylinux2014_x86_64.whl (285 kB)
   ━━━━━━━━━━━━━━━━━━━━━━━━━━━━━━━━━━━━━━━ 285.5/285.5 kB 216.9 MB/s eta 0:00:00
Downloading jedi-0.19.1-py2.py3-none-any.whl (1.6 MB)
   ━━━━━━━━━━━━━━━━━━━━━━━━━━━━━━━━━━━━━━━━ 1.6/1.6 MB 231.1 MB/s eta 0:00:00
Downloading pexpect-4.9.0-py2.py3-none-any.whl (63 kB)
   ━━━━━━━━━━━━━━━━━━━━━━━━━━━━━━━━━━━━━━━━ 63.8/63.8 kB 196.9 MB/s eta 0:00:00
Downloading platformdirs-4.1.0-py3-none-any.whl (17 kB)
Downloading prompt_toolkit-3.0.43-py3-none-any.whl (386 kB)
   ━━━━━━━━━━━━━━━━━━━━━━━━━━━━━━━━━━━━━━━ 386.1/386.1 kB 239.4 MB/s eta 0:00:00
Downloading pygments-2.17.2-py3-none-any.whl (1.2 MB)
   ━━━━━━━━━━━━━━━━━━━━━━━━━━━━━━━━━━━━━━━━ 1.2/1.2 MB 246.4 MB/s eta 0:00:00
Downloading stack_data-0.6.3-py3-none-any.whl (24 kB)
Downloading asttokens-2.4.1-py2.py3-none-any.whl (27 kB)
Downloading executing-2.0.1-py2.py3-none-any.whl (24 kB)
Downloading wcwidth-0.2.13-py2.py3-none-any.whl (34 kB)
Installing collected packages: wcwidth, pure-eval, ptyprocess, traitlets, tornado, pyzmq, pygments, psutil, prompt-toolkit, platformdirs, pexpect, parso, nest-asyncio, executing, decorator, debugpy, asttokens, stack-data, matplotlib-inline, jupyter-core, jedi, comm, jupyter-client, ipython, ipykernel
Successfully installed asttokens-2.4.1 comm-0.2.1 debugpy-1.8.0 decorator-5.1.1 executing-2.0.1 ipykernel-6.28.0 ipython-8.20.0 jedi-0.19.1 jupyter-client-8.6.0 jupyter-core-5.7.1 matplotlib-inline-0.1.6 nest-asyncio-1.5.8 parso-0.8.3 pexpect-4.9.0 platformdirs-4.1.0 prompt-toolkit-3.0.43 psutil-5.9.7 ptyprocess-0.7.0 pure-eval-0.2.2 pygments-2.17.2 pyzmq-25.1.2 stack-data-0.6.3 tornado-6.4 traitlets-5.14.1 wcwidth-0.2.13
Collecting deepvelo
  Downloading deepvelo-0.2.4-py3-none-any.whl (66 kB)
     ━━━━━━━━━━━━━━━━━━━━━━━━━━━━━━━━━━━━━━━━ 66.2/66.2 kB 17.2 MB/s eta 0:00:00
Collecting adjustText<0.8.0,>=0.7.3 (from deepvelo)
  Downloading adjustText-0.7.3.tar.gz (7.5 kB)
  Installing build dependencies: started
  Installing build dependencies: finished with status 'done'
  Getting requirements to build wheel: started
  Getting requirements to build wheel: finished with status 'done'
  Preparing metadata (pyproject.toml): started
  Preparing metadata (pyproject.toml): finished with status 'done'
Collecting dgl!=0.8.0.post1,>=0.4 (from deepvelo)
  Downloading dgl-1.1.3-cp310-cp310-manylinux1_x86_64.whl.metadata (547 bytes)
Collecting hnswlib<0.7.0,>=0.6.2 (from deepvelo)
  Downloading hnswlib-0.6.2.tar.gz (31 kB)
  Installing build dependencies: started
  Installing build dependencies: finished with status 'done'
  Getting requirements to build wheel: started
  Getting requirements to build wheel: finished with status 'done'
  Preparing metadata (pyproject.toml): started
  Preparing metadata (pyproject.toml): finished with status 'done'
Collecting igraph<0.10.0,>=0.9.10 (from deepvelo)
  Downloading igraph-0.9.11-cp310-cp310-manylinux_2_17_x86_64.manylinux2014_x86_64.whl (3.2 MB)
     ━━━━━━━━━━━━━━━━━━━━━━━━━━━━━━━━━━━━━━━━ 3.2/3.2 MB 27.5 MB/s eta 0:00:00
Collecting ipywidgets<8.0.0,>=7.6.5 (from deepvelo)
  Downloading ipywidgets-7.8.1-py2.py3-none-any.whl.metadata (1.9 kB)
Requirement already satisfied: numpy<2.0.0,>=1.21.1 in /nemo/lab/briscoej/home/users/maizelr/envs_for_svm23/deepvelo_env/lib/python3.10/site-packages (from deepvelo) (1.23.5)
Requirement already satisfied: scanpy<2.0.0,>=1.8.2 in /nemo/lab/briscoej/home/users/maizelr/envs_for_svm23/deepvelo_env/lib/python3.10/site-packages (from deepvelo) (1.9.6)
Requirement already satisfied: scvelo<0.3.0,>=0.2.4 in /nemo/lab/briscoej/home/users/maizelr/envs_for_svm23/deepvelo_env/lib/python3.10/site-packages (from deepvelo) (0.2.5)
Collecting seaborn<0.12.0,>=0.11.2 (from deepvelo)
  Downloading seaborn-0.11.2-py3-none-any.whl (292 kB)
     ━━━━━━━━━━━━━━━━━━━━━━━━━━━━━━━━━━━━━ 292.8/292.8 kB 261.6 MB/s eta 0:00:00
Collecting torch<2.0,>=1.2 (from deepvelo)
  Downloading torch-1.13.1-cp310-cp310-manylinux1_x86_64.whl (887.5 MB)
     ━━━━━━━━━━━━━━━━━━━━━━━━━━━━━━━━━━━━━ 887.5/887.5 MB 228.6 MB/s eta 0:00:00
Requirement already satisfied: tqdm<5.0.0,>=4.62.3 in /nemo/lab/briscoej/home/users/maizelr/envs_for_svm23/deepvelo_env/lib/python3.10/site-packages (from deepvelo) (4.66.1)
Requirement already satisfied: umap-learn<0.6.0,>=0.5.2 in /nemo/lab/briscoej/home/users/maizelr/envs_for_svm23/deepvelo_env/lib/python3.10/site-packages (from deepvelo) (0.5.5)
Requirement already satisfied: matplotlib in /nemo/lab/briscoej/home/users/maizelr/envs_for_svm23/deepvelo_env/lib/python3.10/site-packages (from adjustText<0.8.0,>=0.7.3->deepvelo) (3.5.2)
Requirement already satisfied: scipy>=1.1.0 in /nemo/lab/briscoej/home/users/maizelr/envs_for_svm23/deepvelo_env/lib/python3.10/site-packages (from dgl!=0.8.0.post1,>=0.4->deepvelo) (1.8.1)
Requirement already satisfied: networkx>=2.1 in /nemo/lab/briscoej/home/users/maizelr/envs_for_svm23/deepvelo_env/lib/python3.10/site-packages (from dgl!=0.8.0.post1,>=0.4->deepvelo) (3.2.1)
Collecting requests>=2.19.0 (from dgl!=0.8.0.post1,>=0.4->deepvelo)
  Downloading requests-2.31.0-py3-none-any.whl.metadata (4.6 kB)
Requirement already satisfied: psutil>=5.8.0 in /nemo/lab/briscoej/home/users/maizelr/envs_for_svm23/deepvelo_env/lib/python3.10/site-packages (from dgl!=0.8.0.post1,>=0.4->deepvelo) (5.9.7)
Collecting texttable>=1.6.2 (from igraph<0.10.0,>=0.9.10->deepvelo)
  Downloading texttable-1.7.0-py2.py3-none-any.whl.metadata (9.8 kB)
Requirement already satisfied: comm>=0.1.3 in /nemo/lab/briscoej/home/users/maizelr/envs_for_svm23/deepvelo_env/lib/python3.10/site-packages (from ipywidgets<8.0.0,>=7.6.5->deepvelo) (0.2.1)
Collecting ipython-genutils~=0.2.0 (from ipywidgets<8.0.0,>=7.6.5->deepvelo)
  Downloading ipython_genutils-0.2.0-py2.py3-none-any.whl (26 kB)
Requirement already satisfied: traitlets>=4.3.1 in /nemo/lab/briscoej/home/users/maizelr/envs_for_svm23/deepvelo_env/lib/python3.10/site-packages (from ipywidgets<8.0.0,>=7.6.5->deepvelo) (5.14.1)
Collecting widgetsnbextension~=3.6.6 (from ipywidgets<8.0.0,>=7.6.5->deepvelo)
  Downloading widgetsnbextension-3.6.6-py2.py3-none-any.whl.metadata (1.3 kB)
Requirement already satisfied: ipython>=4.0.0 in /nemo/lab/briscoej/home/users/maizelr/envs_for_svm23/deepvelo_env/lib/python3.10/site-packages (from ipywidgets<8.0.0,>=7.6.5->deepvelo) (8.20.0)
Collecting jupyterlab-widgets<3,>=1.0.0 (from ipywidgets<8.0.0,>=7.6.5->deepvelo)
  Downloading jupyterlab_widgets-1.1.7-py3-none-any.whl.metadata (3.7 kB)
Requirement already satisfied: anndata>=0.7.4 in /nemo/lab/briscoej/home/users/maizelr/envs_for_svm23/deepvelo_env/lib/python3.10/site-packages (from scanpy<2.0.0,>=1.8.2->deepvelo) (0.8.0)
Requirement already satisfied: h5py>=3 in /nemo/lab/briscoej/home/users/maizelr/envs_for_svm23/deepvelo_env/lib/python3.10/site-packages (from scanpy<2.0.0,>=1.8.2->deepvelo) (3.10.0)
Requirement already satisfied: joblib in /nemo/lab/briscoej/home/users/maizelr/envs_for_svm23/deepvelo_env/lib/python3.10/site-packages (from scanpy<2.0.0,>=1.8.2->deepvelo) (1.3.2)
Requirement already satisfied: natsort in /nemo/lab/briscoej/home/users/maizelr/envs_for_svm23/deepvelo_env/lib/python3.10/site-packages (from scanpy<2.0.0,>=1.8.2->deepvelo) (8.4.0)
Requirement already satisfied: numba>=0.41.0 in /nemo/lab/briscoej/home/users/maizelr/envs_for_svm23/deepvelo_env/lib/python3.10/site-packages (from scanpy<2.0.0,>=1.8.2->deepvelo) (0.58.1)
Requirement already satisfied: packaging in /nemo/lab/briscoej/home/users/maizelr/envs_for_svm23/deepvelo_env/lib/python3.10/site-packages (from scanpy<2.0.0,>=1.8.2->deepvelo) (23.2)
Requirement already satisfied: pandas!=2.1.2,>=1.1.1 in /nemo/lab/briscoej/home/users/maizelr/envs_for_svm23/deepvelo_env/lib/python3.10/site-packages (from scanpy<2.0.0,>=1.8.2->deepvelo) (1.5.3)
Requirement already satisfied: patsy in /nemo/lab/briscoej/home/users/maizelr/envs_for_svm23/deepvelo_env/lib/python3.10/site-packages (from scanpy<2.0.0,>=1.8.2->deepvelo) (0.5.6)
Requirement already satisfied: scikit-learn>=0.24 in /nemo/lab/briscoej/home/users/maizelr/envs_for_svm23/deepvelo_env/lib/python3.10/site-packages (from scanpy<2.0.0,>=1.8.2->deepvelo) (1.3.2)
Requirement already satisfied: session-info in /nemo/lab/briscoej/home/users/maizelr/envs_for_svm23/deepvelo_env/lib/python3.10/site-packages (from scanpy<2.0.0,>=1.8.2->deepvelo) (1.0.0)
Requirement already satisfied: statsmodels>=0.10.0rc2 in /nemo/lab/briscoej/home/users/maizelr/envs_for_svm23/deepvelo_env/lib/python3.10/site-packages (from scanpy<2.0.0,>=1.8.2->deepvelo) (0.14.1)
Requirement already satisfied: typing-extensions in /nemo/lab/briscoej/home/users/maizelr/envs_for_svm23/deepvelo_env/lib/python3.10/site-packages (from scvelo<0.3.0,>=0.2.4->deepvelo) (4.9.0)
Requirement already satisfied: loompy>=2.0.12 in /nemo/lab/briscoej/home/users/maizelr/envs_for_svm23/deepvelo_env/lib/python3.10/site-packages (from scvelo<0.3.0,>=0.2.4->deepvelo) (3.0.7)
Collecting nvidia-cuda-runtime-cu11==11.7.99 (from torch<2.0,>=1.2->deepvelo)
  Downloading nvidia_cuda_runtime_cu11-11.7.99-py3-none-manylinux1_x86_64.whl (849 kB)
     ━━━━━━━━━━━━━━━━━━━━━━━━━━━━━━━━━━━━━ 849.3/849.3 kB 303.3 MB/s eta 0:00:00
Collecting nvidia-cudnn-cu11==8.5.0.96 (from torch<2.0,>=1.2->deepvelo)
  Downloading nvidia_cudnn_cu11-8.5.0.96-2-py3-none-manylinux1_x86_64.whl (557.1 MB)
     ━━━━━━━━━━━━━━━━━━━━━━━━━━━━━━━━━━━━━ 557.1/557.1 MB 192.1 MB/s eta 0:00:00
Collecting nvidia-cublas-cu11==11.10.3.66 (from torch<2.0,>=1.2->deepvelo)
  Downloading nvidia_cublas_cu11-11.10.3.66-py3-none-manylinux1_x86_64.whl (317.1 MB)
     ━━━━━━━━━━━━━━━━━━━━━━━━━━━━━━━━━━━━━━ 317.1/317.1 MB 26.3 MB/s eta 0:00:00
Collecting nvidia-cuda-nvrtc-cu11==11.7.99 (from torch<2.0,>=1.2->deepvelo)
  Downloading nvidia_cuda_nvrtc_cu11-11.7.99-2-py3-none-manylinux1_x86_64.whl (21.0 MB)
     ━━━━━━━━━━━━━━━━━━━━━━━━━━━━━━━━━━━━━━━ 21.0/21.0 MB 232.7 MB/s eta 0:00:00
Requirement already satisfied: setuptools in /nemo/lab/briscoej/home/users/maizelr/envs_for_svm23/deepvelo_env/lib/python3.10/site-packages (from nvidia-cublas-cu11==11.10.3.66->torch<2.0,>=1.2->deepvelo) (63.2.0)
Collecting wheel (from nvidia-cublas-cu11==11.10.3.66->torch<2.0,>=1.2->deepvelo)
  Downloading wheel-0.42.0-py3-none-any.whl.metadata (2.2 kB)
Requirement already satisfied: pynndescent>=0.5 in /nemo/lab/briscoej/home/users/maizelr/envs_for_svm23/deepvelo_env/lib/python3.10/site-packages (from umap-learn<0.6.0,>=0.5.2->deepvelo) (0.5.11)
Requirement already satisfied: decorator in /nemo/lab/briscoej/home/users/maizelr/envs_for_svm23/deepvelo_env/lib/python3.10/site-packages (from ipython>=4.0.0->ipywidgets<8.0.0,>=7.6.5->deepvelo) (5.1.1)
Requirement already satisfied: jedi>=0.16 in /nemo/lab/briscoej/home/users/maizelr/envs_for_svm23/deepvelo_env/lib/python3.10/site-packages (from ipython>=4.0.0->ipywidgets<8.0.0,>=7.6.5->deepvelo) (0.19.1)
Requirement already satisfied: matplotlib-inline in /nemo/lab/briscoej/home/users/maizelr/envs_for_svm23/deepvelo_env/lib/python3.10/site-packages (from ipython>=4.0.0->ipywidgets<8.0.0,>=7.6.5->deepvelo) (0.1.6)
Requirement already satisfied: prompt-toolkit<3.1.0,>=3.0.41 in /nemo/lab/briscoej/home/users/maizelr/envs_for_svm23/deepvelo_env/lib/python3.10/site-packages (from ipython>=4.0.0->ipywidgets<8.0.0,>=7.6.5->deepvelo) (3.0.43)
Requirement already satisfied: pygments>=2.4.0 in /nemo/lab/briscoej/home/users/maizelr/envs_for_svm23/deepvelo_env/lib/python3.10/site-packages (from ipython>=4.0.0->ipywidgets<8.0.0,>=7.6.5->deepvelo) (2.17.2)
Requirement already satisfied: stack-data in /nemo/lab/briscoej/home/users/maizelr/envs_for_svm23/deepvelo_env/lib/python3.10/site-packages (from ipython>=4.0.0->ipywidgets<8.0.0,>=7.6.5->deepvelo) (0.6.3)
Requirement already satisfied: exceptiongroup in /nemo/lab/briscoej/home/users/maizelr/envs_for_svm23/deepvelo_env/lib/python3.10/site-packages (from ipython>=4.0.0->ipywidgets<8.0.0,>=7.6.5->deepvelo) (1.2.0)
Requirement already satisfied: pexpect>4.3 in /nemo/lab/briscoej/home/users/maizelr/envs_for_svm23/deepvelo_env/lib/python3.10/site-packages (from ipython>=4.0.0->ipywidgets<8.0.0,>=7.6.5->deepvelo) (4.9.0)
Requirement already satisfied: click in /nemo/lab/briscoej/home/users/maizelr/envs_for_svm23/deepvelo_env/lib/python3.10/site-packages (from loompy>=2.0.12->scvelo<0.3.0,>=0.2.4->deepvelo) (8.1.7)
Requirement already satisfied: numpy-groupies in /nemo/lab/briscoej/home/users/maizelr/envs_for_svm23/deepvelo_env/lib/python3.10/site-packages (from loompy>=2.0.12->scvelo<0.3.0,>=0.2.4->deepvelo) (0.10.2)
Requirement already satisfied: cycler>=0.10 in /nemo/lab/briscoej/home/users/maizelr/envs_for_svm23/deepvelo_env/lib/python3.10/site-packages (from matplotlib->adjustText<0.8.0,>=0.7.3->deepvelo) (0.12.1)
Requirement already satisfied: fonttools>=4.22.0 in /nemo/lab/briscoej/home/users/maizelr/envs_for_svm23/deepvelo_env/lib/python3.10/site-packages (from matplotlib->adjustText<0.8.0,>=0.7.3->deepvelo) (4.47.2)
Requirement already satisfied: kiwisolver>=1.0.1 in /nemo/lab/briscoej/home/users/maizelr/envs_for_svm23/deepvelo_env/lib/python3.10/site-packages (from matplotlib->adjustText<0.8.0,>=0.7.3->deepvelo) (1.4.5)
Requirement already satisfied: pillow>=6.2.0 in /nemo/lab/briscoej/home/users/maizelr/envs_for_svm23/deepvelo_env/lib/python3.10/site-packages (from matplotlib->adjustText<0.8.0,>=0.7.3->deepvelo) (10.2.0)
Requirement already satisfied: pyparsing>=2.2.1 in /nemo/lab/briscoej/home/users/maizelr/envs_for_svm23/deepvelo_env/lib/python3.10/site-packages (from matplotlib->adjustText<0.8.0,>=0.7.3->deepvelo) (3.1.1)
Requirement already satisfied: python-dateutil>=2.7 in /nemo/lab/briscoej/home/users/maizelr/envs_for_svm23/deepvelo_env/lib/python3.10/site-packages (from matplotlib->adjustText<0.8.0,>=0.7.3->deepvelo) (2.8.2)
Requirement already satisfied: llvmlite<0.42,>=0.41.0dev0 in /nemo/lab/briscoej/home/users/maizelr/envs_for_svm23/deepvelo_env/lib/python3.10/site-packages (from numba>=0.41.0->scanpy<2.0.0,>=1.8.2->deepvelo) (0.41.1)
Requirement already satisfied: pytz>=2020.1 in /nemo/lab/briscoej/home/users/maizelr/envs_for_svm23/deepvelo_env/lib/python3.10/site-packages (from pandas!=2.1.2,>=1.1.1->scanpy<2.0.0,>=1.8.2->deepvelo) (2023.3.post1)
Collecting charset-normalizer<4,>=2 (from requests>=2.19.0->dgl!=0.8.0.post1,>=0.4->deepvelo)
  Downloading charset_normalizer-3.3.2-cp310-cp310-manylinux_2_17_x86_64.manylinux2014_x86_64.whl.metadata (33 kB)
Collecting idna<4,>=2.5 (from requests>=2.19.0->dgl!=0.8.0.post1,>=0.4->deepvelo)
  Downloading idna-3.6-py3-none-any.whl.metadata (9.9 kB)
Collecting urllib3<3,>=1.21.1 (from requests>=2.19.0->dgl!=0.8.0.post1,>=0.4->deepvelo)
  Downloading urllib3-2.1.0-py3-none-any.whl.metadata (6.4 kB)
Collecting certifi>=2017.4.17 (from requests>=2.19.0->dgl!=0.8.0.post1,>=0.4->deepvelo)
  Downloading certifi-2023.11.17-py3-none-any.whl.metadata (2.2 kB)
Requirement already satisfied: threadpoolctl>=2.0.0 in /nemo/lab/briscoej/home/users/maizelr/envs_for_svm23/deepvelo_env/lib/python3.10/site-packages (from scikit-learn>=0.24->scanpy<2.0.0,>=1.8.2->deepvelo) (3.2.0)
Requirement already satisfied: six in /nemo/lab/briscoej/home/users/maizelr/envs_for_svm23/deepvelo_env/lib/python3.10/site-packages (from patsy->scanpy<2.0.0,>=1.8.2->deepvelo) (1.16.0)
Collecting notebook>=4.4.1 (from widgetsnbextension~=3.6.6->ipywidgets<8.0.0,>=7.6.5->deepvelo)
  Downloading notebook-7.0.6-py3-none-any.whl.metadata (10 kB)
Requirement already satisfied: stdlib-list in /nemo/lab/briscoej/home/users/maizelr/envs_for_svm23/deepvelo_env/lib/python3.10/site-packages (from session-info->scanpy<2.0.0,>=1.8.2->deepvelo) (0.10.0)
Requirement already satisfied: parso<0.9.0,>=0.8.3 in /nemo/lab/briscoej/home/users/maizelr/envs_for_svm23/deepvelo_env/lib/python3.10/site-packages (from jedi>=0.16->ipython>=4.0.0->ipywidgets<8.0.0,>=7.6.5->deepvelo) (0.8.3)
Collecting jupyter-server<3,>=2.4.0 (from notebook>=4.4.1->widgetsnbextension~=3.6.6->ipywidgets<8.0.0,>=7.6.5->deepvelo)
  Downloading jupyter_server-2.12.4-py3-none-any.whl.metadata (8.4 kB)
Collecting jupyterlab-server<3,>=2.22.1 (from notebook>=4.4.1->widgetsnbextension~=3.6.6->ipywidgets<8.0.0,>=7.6.5->deepvelo)
  Downloading jupyterlab_server-2.25.2-py3-none-any.whl.metadata (5.9 kB)
Collecting jupyterlab<5,>=4.0.2 (from notebook>=4.4.1->widgetsnbextension~=3.6.6->ipywidgets<8.0.0,>=7.6.5->deepvelo)
  Downloading jupyterlab-4.0.10-py3-none-any.whl.metadata (15 kB)
Collecting notebook-shim<0.3,>=0.2 (from notebook>=4.4.1->widgetsnbextension~=3.6.6->ipywidgets<8.0.0,>=7.6.5->deepvelo)
  Downloading notebook_shim-0.2.3-py3-none-any.whl (13 kB)
Requirement already satisfied: tornado>=6.2.0 in /nemo/lab/briscoej/home/users/maizelr/envs_for_svm23/deepvelo_env/lib/python3.10/site-packages (from notebook>=4.4.1->widgetsnbextension~=3.6.6->ipywidgets<8.0.0,>=7.6.5->deepvelo) (6.4)
Requirement already satisfied: ptyprocess>=0.5 in /nemo/lab/briscoej/home/users/maizelr/envs_for_svm23/deepvelo_env/lib/python3.10/site-packages (from pexpect>4.3->ipython>=4.0.0->ipywidgets<8.0.0,>=7.6.5->deepvelo) (0.7.0)
Requirement already satisfied: wcwidth in /nemo/lab/briscoej/home/users/maizelr/envs_for_svm23/deepvelo_env/lib/python3.10/site-packages (from prompt-toolkit<3.1.0,>=3.0.41->ipython>=4.0.0->ipywidgets<8.0.0,>=7.6.5->deepvelo) (0.2.13)
Requirement already satisfied: executing>=1.2.0 in /nemo/lab/briscoej/home/users/maizelr/envs_for_svm23/deepvelo_env/lib/python3.10/site-packages (from stack-data->ipython>=4.0.0->ipywidgets<8.0.0,>=7.6.5->deepvelo) (2.0.1)
Requirement already satisfied: asttokens>=2.1.0 in /nemo/lab/briscoej/home/users/maizelr/envs_for_svm23/deepvelo_env/lib/python3.10/site-packages (from stack-data->ipython>=4.0.0->ipywidgets<8.0.0,>=7.6.5->deepvelo) (2.4.1)
Requirement already satisfied: pure-eval in /nemo/lab/briscoej/home/users/maizelr/envs_for_svm23/deepvelo_env/lib/python3.10/site-packages (from stack-data->ipython>=4.0.0->ipywidgets<8.0.0,>=7.6.5->deepvelo) (0.2.2)
Collecting anyio>=3.1.0 (from jupyter-server<3,>=2.4.0->notebook>=4.4.1->widgetsnbextension~=3.6.6->ipywidgets<8.0.0,>=7.6.5->deepvelo)
  Downloading anyio-4.2.0-py3-none-any.whl.metadata (4.6 kB)
Collecting argon2-cffi (from jupyter-server<3,>=2.4.0->notebook>=4.4.1->widgetsnbextension~=3.6.6->ipywidgets<8.0.0,>=7.6.5->deepvelo)
  Downloading argon2_cffi-23.1.0-py3-none-any.whl.metadata (5.2 kB)
Collecting jinja2 (from jupyter-server<3,>=2.4.0->notebook>=4.4.1->widgetsnbextension~=3.6.6->ipywidgets<8.0.0,>=7.6.5->deepvelo)
  Downloading Jinja2-3.1.3-py3-none-any.whl.metadata (3.3 kB)
Requirement already satisfied: jupyter-client>=7.4.4 in /nemo/lab/briscoej/home/users/maizelr/envs_for_svm23/deepvelo_env/lib/python3.10/site-packages (from jupyter-server<3,>=2.4.0->notebook>=4.4.1->widgetsnbextension~=3.6.6->ipywidgets<8.0.0,>=7.6.5->deepvelo) (8.6.0)
Requirement already satisfied: jupyter-core!=5.0.*,>=4.12 in /nemo/lab/briscoej/home/users/maizelr/envs_for_svm23/deepvelo_env/lib/python3.10/site-packages (from jupyter-server<3,>=2.4.0->notebook>=4.4.1->widgetsnbextension~=3.6.6->ipywidgets<8.0.0,>=7.6.5->deepvelo) (5.7.1)
Collecting jupyter-events>=0.9.0 (from jupyter-server<3,>=2.4.0->notebook>=4.4.1->widgetsnbextension~=3.6.6->ipywidgets<8.0.0,>=7.6.5->deepvelo)
  Downloading jupyter_events-0.9.0-py3-none-any.whl.metadata (5.7 kB)
Collecting jupyter-server-terminals (from jupyter-server<3,>=2.4.0->notebook>=4.4.1->widgetsnbextension~=3.6.6->ipywidgets<8.0.0,>=7.6.5->deepvelo)
  Downloading jupyter_server_terminals-0.5.1-py3-none-any.whl.metadata (5.6 kB)
Collecting nbconvert>=6.4.4 (from jupyter-server<3,>=2.4.0->notebook>=4.4.1->widgetsnbextension~=3.6.6->ipywidgets<8.0.0,>=7.6.5->deepvelo)
  Downloading nbconvert-7.14.1-py3-none-any.whl.metadata (7.7 kB)
Collecting nbformat>=5.3.0 (from jupyter-server<3,>=2.4.0->notebook>=4.4.1->widgetsnbextension~=3.6.6->ipywidgets<8.0.0,>=7.6.5->deepvelo)
  Downloading nbformat-5.9.2-py3-none-any.whl.metadata (3.4 kB)
Collecting overrides (from jupyter-server<3,>=2.4.0->notebook>=4.4.1->widgetsnbextension~=3.6.6->ipywidgets<8.0.0,>=7.6.5->deepvelo)
  Downloading overrides-7.4.0-py3-none-any.whl.metadata (5.7 kB)
Collecting prometheus-client (from jupyter-server<3,>=2.4.0->notebook>=4.4.1->widgetsnbextension~=3.6.6->ipywidgets<8.0.0,>=7.6.5->deepvelo)
  Downloading prometheus_client-0.19.0-py3-none-any.whl.metadata (1.8 kB)
Requirement already satisfied: pyzmq>=24 in /nemo/lab/briscoej/home/users/maizelr/envs_for_svm23/deepvelo_env/lib/python3.10/site-packages (from jupyter-server<3,>=2.4.0->notebook>=4.4.1->widgetsnbextension~=3.6.6->ipywidgets<8.0.0,>=7.6.5->deepvelo) (25.1.2)
Collecting send2trash>=1.8.2 (from jupyter-server<3,>=2.4.0->notebook>=4.4.1->widgetsnbextension~=3.6.6->ipywidgets<8.0.0,>=7.6.5->deepvelo)
  Downloading Send2Trash-1.8.2-py3-none-any.whl (18 kB)
Collecting terminado>=0.8.3 (from jupyter-server<3,>=2.4.0->notebook>=4.4.1->widgetsnbextension~=3.6.6->ipywidgets<8.0.0,>=7.6.5->deepvelo)
  Downloading terminado-0.18.0-py3-none-any.whl.metadata (5.8 kB)
Collecting websocket-client (from jupyter-server<3,>=2.4.0->notebook>=4.4.1->widgetsnbextension~=3.6.6->ipywidgets<8.0.0,>=7.6.5->deepvelo)
  Downloading websocket_client-1.7.0-py3-none-any.whl.metadata (7.9 kB)
Collecting async-lru>=1.0.0 (from jupyterlab<5,>=4.0.2->notebook>=4.4.1->widgetsnbextension~=3.6.6->ipywidgets<8.0.0,>=7.6.5->deepvelo)
  Downloading async_lru-2.0.4-py3-none-any.whl.metadata (4.5 kB)
Requirement already satisfied: ipykernel in /nemo/lab/briscoej/home/users/maizelr/envs_for_svm23/deepvelo_env/lib/python3.10/site-packages (from jupyterlab<5,>=4.0.2->notebook>=4.4.1->widgetsnbextension~=3.6.6->ipywidgets<8.0.0,>=7.6.5->deepvelo) (6.28.0)
Collecting jupyter-lsp>=2.0.0 (from jupyterlab<5,>=4.0.2->notebook>=4.4.1->widgetsnbextension~=3.6.6->ipywidgets<8.0.0,>=7.6.5->deepvelo)
  Downloading jupyter_lsp-2.2.1-py3-none-any.whl.metadata (1.8 kB)
Collecting tomli (from jupyterlab<5,>=4.0.2->notebook>=4.4.1->widgetsnbextension~=3.6.6->ipywidgets<8.0.0,>=7.6.5->deepvelo)
  Downloading tomli-2.0.1-py3-none-any.whl (12 kB)
Collecting babel>=2.10 (from jupyterlab-server<3,>=2.22.1->notebook>=4.4.1->widgetsnbextension~=3.6.6->ipywidgets<8.0.0,>=7.6.5->deepvelo)
  Downloading Babel-2.14.0-py3-none-any.whl.metadata (1.6 kB)
Collecting json5>=0.9.0 (from jupyterlab-server<3,>=2.22.1->notebook>=4.4.1->widgetsnbextension~=3.6.6->ipywidgets<8.0.0,>=7.6.5->deepvelo)
  Downloading json5-0.9.14-py2.py3-none-any.whl.metadata (10 kB)
Collecting jsonschema>=4.18.0 (from jupyterlab-server<3,>=2.22.1->notebook>=4.4.1->widgetsnbextension~=3.6.6->ipywidgets<8.0.0,>=7.6.5->deepvelo)
  Downloading jsonschema-4.20.0-py3-none-any.whl.metadata (8.1 kB)
Collecting sniffio>=1.1 (from anyio>=3.1.0->jupyter-server<3,>=2.4.0->notebook>=4.4.1->widgetsnbextension~=3.6.6->ipywidgets<8.0.0,>=7.6.5->deepvelo)
  Downloading sniffio-1.3.0-py3-none-any.whl (10 kB)
Collecting MarkupSafe>=2.0 (from jinja2->jupyter-server<3,>=2.4.0->notebook>=4.4.1->widgetsnbextension~=3.6.6->ipywidgets<8.0.0,>=7.6.5->deepvelo)
  Downloading MarkupSafe-2.1.3-cp310-cp310-manylinux_2_17_x86_64.manylinux2014_x86_64.whl.metadata (3.0 kB)
Collecting attrs>=22.2.0 (from jsonschema>=4.18.0->jupyterlab-server<3,>=2.22.1->notebook>=4.4.1->widgetsnbextension~=3.6.6->ipywidgets<8.0.0,>=7.6.5->deepvelo)
  Downloading attrs-23.2.0-py3-none-any.whl.metadata (9.5 kB)
Collecting jsonschema-specifications>=2023.03.6 (from jsonschema>=4.18.0->jupyterlab-server<3,>=2.22.1->notebook>=4.4.1->widgetsnbextension~=3.6.6->ipywidgets<8.0.0,>=7.6.5->deepvelo)
  Downloading jsonschema_specifications-2023.12.1-py3-none-any.whl.metadata (3.0 kB)
Collecting referencing>=0.28.4 (from jsonschema>=4.18.0->jupyterlab-server<3,>=2.22.1->notebook>=4.4.1->widgetsnbextension~=3.6.6->ipywidgets<8.0.0,>=7.6.5->deepvelo)
  Downloading referencing-0.32.1-py3-none-any.whl.metadata (2.7 kB)
Collecting rpds-py>=0.7.1 (from jsonschema>=4.18.0->jupyterlab-server<3,>=2.22.1->notebook>=4.4.1->widgetsnbextension~=3.6.6->ipywidgets<8.0.0,>=7.6.5->deepvelo)
  Downloading rpds_py-0.17.1-cp310-cp310-manylinux_2_17_x86_64.manylinux2014_x86_64.whl.metadata (4.1 kB)
Requirement already satisfied: platformdirs>=2.5 in /nemo/lab/briscoej/home/users/maizelr/envs_for_svm23/deepvelo_env/lib/python3.10/site-packages (from jupyter-core!=5.0.*,>=4.12->jupyter-server<3,>=2.4.0->notebook>=4.4.1->widgetsnbextension~=3.6.6->ipywidgets<8.0.0,>=7.6.5->deepvelo) (4.1.0)
Collecting python-json-logger>=2.0.4 (from jupyter-events>=0.9.0->jupyter-server<3,>=2.4.0->notebook>=4.4.1->widgetsnbextension~=3.6.6->ipywidgets<8.0.0,>=7.6.5->deepvelo)
  Downloading python_json_logger-2.0.7-py3-none-any.whl (8.1 kB)
Collecting pyyaml>=5.3 (from jupyter-events>=0.9.0->jupyter-server<3,>=2.4.0->notebook>=4.4.1->widgetsnbextension~=3.6.6->ipywidgets<8.0.0,>=7.6.5->deepvelo)
  Downloading PyYAML-6.0.1-cp310-cp310-manylinux_2_17_x86_64.manylinux2014_x86_64.whl.metadata (2.1 kB)
Collecting rfc3339-validator (from jupyter-events>=0.9.0->jupyter-server<3,>=2.4.0->notebook>=4.4.1->widgetsnbextension~=3.6.6->ipywidgets<8.0.0,>=7.6.5->deepvelo)
  Downloading rfc3339_validator-0.1.4-py2.py3-none-any.whl (3.5 kB)
Collecting rfc3986-validator>=0.1.1 (from jupyter-events>=0.9.0->jupyter-server<3,>=2.4.0->notebook>=4.4.1->widgetsnbextension~=3.6.6->ipywidgets<8.0.0,>=7.6.5->deepvelo)
  Downloading rfc3986_validator-0.1.1-py2.py3-none-any.whl (4.2 kB)
Collecting beautifulsoup4 (from nbconvert>=6.4.4->jupyter-server<3,>=2.4.0->notebook>=4.4.1->widgetsnbextension~=3.6.6->ipywidgets<8.0.0,>=7.6.5->deepvelo)
  Downloading beautifulsoup4-4.12.2-py3-none-any.whl (142 kB)
     ━━━━━━━━━━━━━━━━━━━━━━━━━━━━━━━━━━━━━ 143.0/143.0 kB 281.9 MB/s eta 0:00:00
Collecting bleach!=5.0.0 (from nbconvert>=6.4.4->jupyter-server<3,>=2.4.0->notebook>=4.4.1->widgetsnbextension~=3.6.6->ipywidgets<8.0.0,>=7.6.5->deepvelo)
  Downloading bleach-6.1.0-py3-none-any.whl.metadata (30 kB)
Collecting defusedxml (from nbconvert>=6.4.4->jupyter-server<3,>=2.4.0->notebook>=4.4.1->widgetsnbextension~=3.6.6->ipywidgets<8.0.0,>=7.6.5->deepvelo)
  Downloading defusedxml-0.7.1-py2.py3-none-any.whl (25 kB)
Collecting jupyterlab-pygments (from nbconvert>=6.4.4->jupyter-server<3,>=2.4.0->notebook>=4.4.1->widgetsnbextension~=3.6.6->ipywidgets<8.0.0,>=7.6.5->deepvelo)
  Downloading jupyterlab_pygments-0.3.0-py3-none-any.whl.metadata (4.4 kB)
Collecting mistune<4,>=2.0.3 (from nbconvert>=6.4.4->jupyter-server<3,>=2.4.0->notebook>=4.4.1->widgetsnbextension~=3.6.6->ipywidgets<8.0.0,>=7.6.5->deepvelo)
  Downloading mistune-3.0.2-py3-none-any.whl.metadata (1.7 kB)
Collecting nbclient>=0.5.0 (from nbconvert>=6.4.4->jupyter-server<3,>=2.4.0->notebook>=4.4.1->widgetsnbextension~=3.6.6->ipywidgets<8.0.0,>=7.6.5->deepvelo)
  Downloading nbclient-0.9.0-py3-none-any.whl.metadata (7.8 kB)
Collecting pandocfilters>=1.4.1 (from nbconvert>=6.4.4->jupyter-server<3,>=2.4.0->notebook>=4.4.1->widgetsnbextension~=3.6.6->ipywidgets<8.0.0,>=7.6.5->deepvelo)
  Downloading pandocfilters-1.5.0-py2.py3-none-any.whl (8.7 kB)
Collecting tinycss2 (from nbconvert>=6.4.4->jupyter-server<3,>=2.4.0->notebook>=4.4.1->widgetsnbextension~=3.6.6->ipywidgets<8.0.0,>=7.6.5->deepvelo)
  Downloading tinycss2-1.2.1-py3-none-any.whl (21 kB)
Collecting fastjsonschema (from nbformat>=5.3.0->jupyter-server<3,>=2.4.0->notebook>=4.4.1->widgetsnbextension~=3.6.6->ipywidgets<8.0.0,>=7.6.5->deepvelo)
  Downloading fastjsonschema-2.19.1-py3-none-any.whl.metadata (2.1 kB)
Collecting argon2-cffi-bindings (from argon2-cffi->jupyter-server<3,>=2.4.0->notebook>=4.4.1->widgetsnbextension~=3.6.6->ipywidgets<8.0.0,>=7.6.5->deepvelo)
  Downloading argon2_cffi_bindings-21.2.0-cp36-abi3-manylinux_2_17_x86_64.manylinux2014_x86_64.whl (86 kB)
     ━━━━━━━━━━━━━━━━━━━━━━━━━━━━━━━━━━━━━━━ 86.2/86.2 kB 241.0 MB/s eta 0:00:00
Requirement already satisfied: debugpy>=1.6.5 in /nemo/lab/briscoej/home/users/maizelr/envs_for_svm23/deepvelo_env/lib/python3.10/site-packages (from ipykernel->jupyterlab<5,>=4.0.2->notebook>=4.4.1->widgetsnbextension~=3.6.6->ipywidgets<8.0.0,>=7.6.5->deepvelo) (1.8.0)
Requirement already satisfied: nest-asyncio in /nemo/lab/briscoej/home/users/maizelr/envs_for_svm23/deepvelo_env/lib/python3.10/site-packages (from ipykernel->jupyterlab<5,>=4.0.2->notebook>=4.4.1->widgetsnbextension~=3.6.6->ipywidgets<8.0.0,>=7.6.5->deepvelo) (1.5.8)
Collecting webencodings (from bleach!=5.0.0->nbconvert>=6.4.4->jupyter-server<3,>=2.4.0->notebook>=4.4.1->widgetsnbextension~=3.6.6->ipywidgets<8.0.0,>=7.6.5->deepvelo)
  Downloading webencodings-0.5.1-py2.py3-none-any.whl (11 kB)
Collecting fqdn (from jsonschema[format-nongpl]>=4.18.0->jupyter-events>=0.9.0->jupyter-server<3,>=2.4.0->notebook>=4.4.1->widgetsnbextension~=3.6.6->ipywidgets<8.0.0,>=7.6.5->deepvelo)
  Downloading fqdn-1.5.1-py3-none-any.whl (9.1 kB)
Collecting isoduration (from jsonschema[format-nongpl]>=4.18.0->jupyter-events>=0.9.0->jupyter-server<3,>=2.4.0->notebook>=4.4.1->widgetsnbextension~=3.6.6->ipywidgets<8.0.0,>=7.6.5->deepvelo)
  Downloading isoduration-20.11.0-py3-none-any.whl (11 kB)
Collecting jsonpointer>1.13 (from jsonschema[format-nongpl]>=4.18.0->jupyter-events>=0.9.0->jupyter-server<3,>=2.4.0->notebook>=4.4.1->widgetsnbextension~=3.6.6->ipywidgets<8.0.0,>=7.6.5->deepvelo)
  Downloading jsonpointer-2.4-py2.py3-none-any.whl.metadata (2.5 kB)
Collecting uri-template (from jsonschema[format-nongpl]>=4.18.0->jupyter-events>=0.9.0->jupyter-server<3,>=2.4.0->notebook>=4.4.1->widgetsnbextension~=3.6.6->ipywidgets<8.0.0,>=7.6.5->deepvelo)
  Downloading uri_template-1.3.0-py3-none-any.whl.metadata (8.8 kB)
Collecting webcolors>=1.11 (from jsonschema[format-nongpl]>=4.18.0->jupyter-events>=0.9.0->jupyter-server<3,>=2.4.0->notebook>=4.4.1->widgetsnbextension~=3.6.6->ipywidgets<8.0.0,>=7.6.5->deepvelo)
  Downloading webcolors-1.13-py3-none-any.whl (14 kB)
Collecting cffi>=1.0.1 (from argon2-cffi-bindings->argon2-cffi->jupyter-server<3,>=2.4.0->notebook>=4.4.1->widgetsnbextension~=3.6.6->ipywidgets<8.0.0,>=7.6.5->deepvelo)
  Downloading cffi-1.16.0-cp310-cp310-manylinux_2_17_x86_64.manylinux2014_x86_64.whl.metadata (1.5 kB)
Collecting soupsieve>1.2 (from beautifulsoup4->nbconvert>=6.4.4->jupyter-server<3,>=2.4.0->notebook>=4.4.1->widgetsnbextension~=3.6.6->ipywidgets<8.0.0,>=7.6.5->deepvelo)
  Downloading soupsieve-2.5-py3-none-any.whl.metadata (4.7 kB)
Collecting pycparser (from cffi>=1.0.1->argon2-cffi-bindings->argon2-cffi->jupyter-server<3,>=2.4.0->notebook>=4.4.1->widgetsnbextension~=3.6.6->ipywidgets<8.0.0,>=7.6.5->deepvelo)
  Downloading pycparser-2.21-py2.py3-none-any.whl (118 kB)
     ━━━━━━━━━━━━━━━━━━━━━━━━━━━━━━━━━━━━━ 118.7/118.7 kB 271.4 MB/s eta 0:00:00
Collecting arrow>=0.15.0 (from isoduration->jsonschema[format-nongpl]>=4.18.0->jupyter-events>=0.9.0->jupyter-server<3,>=2.4.0->notebook>=4.4.1->widgetsnbextension~=3.6.6->ipywidgets<8.0.0,>=7.6.5->deepvelo)
  Downloading arrow-1.3.0-py3-none-any.whl.metadata (7.5 kB)
Collecting types-python-dateutil>=2.8.10 (from arrow>=0.15.0->isoduration->jsonschema[format-nongpl]>=4.18.0->jupyter-events>=0.9.0->jupyter-server<3,>=2.4.0->notebook>=4.4.1->widgetsnbextension~=3.6.6->ipywidgets<8.0.0,>=7.6.5->deepvelo)
  Downloading types_python_dateutil-2.8.19.20240106-py3-none-any.whl.metadata (1.8 kB)
Downloading dgl-1.1.3-cp310-cp310-manylinux1_x86_64.whl (6.5 MB)
   ━━━━━━━━━━━━━━━━━━━━━━━━━━━━━━━━━━━━━━━━ 6.5/6.5 MB 15.5 MB/s eta 0:00:00
Downloading ipywidgets-7.8.1-py2.py3-none-any.whl (124 kB)
   ━━━━━━━━━━━━━━━━━━━━━━━━━━━━━━━━━━━━━━━ 124.2/124.2 kB 229.8 MB/s eta 0:00:00
Downloading jupyterlab_widgets-1.1.7-py3-none-any.whl (295 kB)
   ━━━━━━━━━━━━━━━━━━━━━━━━━━━━━━━━━━━━━━━ 295.4/295.4 kB 245.2 MB/s eta 0:00:00
Downloading requests-2.31.0-py3-none-any.whl (62 kB)
   ━━━━━━━━━━━━━━━━━━━━━━━━━━━━━━━━━━━━━━━━ 62.6/62.6 kB 211.2 MB/s eta 0:00:00
Downloading texttable-1.7.0-py2.py3-none-any.whl (10 kB)
Downloading widgetsnbextension-3.6.6-py2.py3-none-any.whl (1.6 MB)
   ━━━━━━━━━━━━━━━━━━━━━━━━━━━━━━━━━━━━━━━━ 1.6/1.6 MB 229.1 MB/s eta 0:00:00
Downloading certifi-2023.11.17-py3-none-any.whl (162 kB)
   ━━━━━━━━━━━━━━━━━━━━━━━━━━━━━━━━━━━━━━━ 162.5/162.5 kB 249.0 MB/s eta 0:00:00
Downloading charset_normalizer-3.3.2-cp310-cp310-manylinux_2_17_x86_64.manylinux2014_x86_64.whl (142 kB)
   ━━━━━━━━━━━━━━━━━━━━━━━━━━━━━━━━━━━━━━━ 142.1/142.1 kB 240.4 MB/s eta 0:00:00
Downloading idna-3.6-py3-none-any.whl (61 kB)
   ━━━━━━━━━━━━━━━━━━━━━━━━━━━━━━━━━━━━━━━━ 61.6/61.6 kB 215.0 MB/s eta 0:00:00
Downloading notebook-7.0.6-py3-none-any.whl (4.0 MB)
   ━━━━━━━━━━━━━━━━━━━━━━━━━━━━━━━━━━━━━━━━ 4.0/4.0 MB 214.2 MB/s eta 0:00:00
Downloading urllib3-2.1.0-py3-none-any.whl (104 kB)
   ━━━━━━━━━━━━━━━━━━━━━━━━━━━━━━━━━━━━━━━ 104.6/104.6 kB 224.8 MB/s eta 0:00:00
Downloading wheel-0.42.0-py3-none-any.whl (65 kB)
   ━━━━━━━━━━━━━━━━━━━━━━━━━━━━━━━━━━━━━━━━ 65.4/65.4 kB 238.1 MB/s eta 0:00:00
Downloading jupyter_server-2.12.4-py3-none-any.whl (380 kB)
   ━━━━━━━━━━━━━━━━━━━━━━━━━━━━━━━━━━━━━━━ 380.3/380.3 kB 272.0 MB/s eta 0:00:00
Downloading jupyterlab-4.0.10-py3-none-any.whl (9.2 MB)
   ━━━━━━━━━━━━━━━━━━━━━━━━━━━━━━━━━━━━━━━━ 9.2/9.2 MB 221.6 MB/s eta 0:00:00
Downloading jupyterlab_server-2.25.2-py3-none-any.whl (58 kB)
   ━━━━━━━━━━━━━━━━━━━━━━━━━━━━━━━━━━━━━━━━ 58.9/58.9 kB 166.0 MB/s eta 0:00:00
Downloading anyio-4.2.0-py3-none-any.whl (85 kB)
   ━━━━━━━━━━━━━━━━━━━━━━━━━━━━━━━━━━━━━━━━ 85.5/85.5 kB 251.3 MB/s eta 0:00:00
Downloading async_lru-2.0.4-py3-none-any.whl (6.1 kB)
Downloading Babel-2.14.0-py3-none-any.whl (11.0 MB)
   ━━━━━━━━━━━━━━━━━━━━━━━━━━━━━━━━━━━━━━━━ 11.0/11.0 MB 216.3 MB/s eta 0:00:00
Downloading Jinja2-3.1.3-py3-none-any.whl (133 kB)
   ━━━━━━━━━━━━━━━━━━━━━━━━━━━━━━━━━━━━━━━ 133.2/133.2 kB 268.0 MB/s eta 0:00:00
Downloading json5-0.9.14-py2.py3-none-any.whl (19 kB)
Downloading jsonschema-4.20.0-py3-none-any.whl (84 kB)
   ━━━━━━━━━━━━━━━━━━━━━━━━━━━━━━━━━━━━━━━━ 84.7/84.7 kB 232.3 MB/s eta 0:00:00
Downloading jupyter_events-0.9.0-py3-none-any.whl (18 kB)
Downloading jupyter_lsp-2.2.1-py3-none-any.whl (66 kB)
   ━━━━━━━━━━━━━━━━━━━━━━━━━━━━━━━━━━━━━━━━ 66.0/66.0 kB 236.0 MB/s eta 0:00:00
Downloading nbconvert-7.14.1-py3-none-any.whl (256 kB)
   ━━━━━━━━━━━━━━━━━━━━━━━━━━━━━━━━━━━━━━━ 256.4/256.4 kB 298.5 MB/s eta 0:00:00
Downloading nbformat-5.9.2-py3-none-any.whl (77 kB)
   ━━━━━━━━━━━━━━━━━━━━━━━━━━━━━━━━━━━━━━━━ 77.6/77.6 kB 149.2 MB/s eta 0:00:00
Downloading terminado-0.18.0-py3-none-any.whl (14 kB)
Downloading argon2_cffi-23.1.0-py3-none-any.whl (15 kB)
Downloading jupyter_server_terminals-0.5.1-py3-none-any.whl (13 kB)
Downloading overrides-7.4.0-py3-none-any.whl (17 kB)
Downloading prometheus_client-0.19.0-py3-none-any.whl (54 kB)
   ━━━━━━━━━━━━━━━━━━━━━━━━━━━━━━━━━━━━━━━━ 54.2/54.2 kB 244.5 MB/s eta 0:00:00
Downloading websocket_client-1.7.0-py3-none-any.whl (58 kB)
   ━━━━━━━━━━━━━━━━━━━━━━━━━━━━━━━━━━━━━━━━ 58.5/58.5 kB 250.5 MB/s eta 0:00:00
Downloading attrs-23.2.0-py3-none-any.whl (60 kB)
   ━━━━━━━━━━━━━━━━━━━━━━━━━━━━━━━━━━━━━━━━ 60.8/60.8 kB 188.9 MB/s eta 0:00:00
Downloading bleach-6.1.0-py3-none-any.whl (162 kB)
   ━━━━━━━━━━━━━━━━━━━━━━━━━━━━━━━━━━━━━━━ 162.8/162.8 kB 207.6 MB/s eta 0:00:00
Downloading jsonschema_specifications-2023.12.1-py3-none-any.whl (18 kB)
Downloading MarkupSafe-2.1.3-cp310-cp310-manylinux_2_17_x86_64.manylinux2014_x86_64.whl (25 kB)
Downloading mistune-3.0.2-py3-none-any.whl (47 kB)
   ━━━━━━━━━━━━━━━━━━━━━━━━━━━━━━━━━━━━━━━━ 48.0/48.0 kB 215.6 MB/s eta 0:00:00
Downloading nbclient-0.9.0-py3-none-any.whl (24 kB)
Downloading PyYAML-6.0.1-cp310-cp310-manylinux_2_17_x86_64.manylinux2014_x86_64.whl (705 kB)
   ━━━━━━━━━━━━━━━━━━━━━━━━━━━━━━━━━━━━━━━ 705.5/705.5 kB 313.0 MB/s eta 0:00:00
Downloading referencing-0.32.1-py3-none-any.whl (26 kB)
Downloading rpds_py-0.17.1-cp310-cp310-manylinux_2_17_x86_64.manylinux2014_x86_64.whl (1.2 MB)
   ━━━━━━━━━━━━━━━━━━━━━━━━━━━━━━━━━━━━━━━━ 1.2/1.2 MB 312.4 MB/s eta 0:00:00
Downloading fastjsonschema-2.19.1-py3-none-any.whl (23 kB)
Downloading jupyterlab_pygments-0.3.0-py3-none-any.whl (15 kB)
Downloading cffi-1.16.0-cp310-cp310-manylinux_2_17_x86_64.manylinux2014_x86_64.whl (443 kB)
   ━━━━━━━━━━━━━━━━━━━━━━━━━━━━━━━━━━━━━━━ 443.9/443.9 kB 306.7 MB/s eta 0:00:00
Downloading jsonpointer-2.4-py2.py3-none-any.whl (7.8 kB)
Downloading soupsieve-2.5-py3-none-any.whl (36 kB)
Downloading uri_template-1.3.0-py3-none-any.whl (11 kB)
Downloading arrow-1.3.0-py3-none-any.whl (66 kB)
   ━━━━━━━━━━━━━━━━━━━━━━━━━━━━━━━━━━━━━━━━ 66.4/66.4 kB 240.9 MB/s eta 0:00:00
Downloading types_python_dateutil-2.8.19.20240106-py3-none-any.whl (9.7 kB)
Building wheels for collected packages: adjustText, hnswlib
  Building wheel for adjustText (pyproject.toml): started
  Building wheel for adjustText (pyproject.toml): finished with status 'done'
  Created wheel for adjustText: filename=adjustText-0.7.3-py3-none-any.whl size=7073 sha256=7bd981add9d9e9d357f8b7dd74ac73a6abce109c74baddafa0d30ec3f9d52eeb
  Stored in directory: /tmp/slurm_63526161/pip-ephem-wheel-cache-jy58luq6/wheels/08/17/ca/9b56027427d0a46e5696312ad2bc4e8a47620d31a25c473d44
  Building wheel for hnswlib (pyproject.toml): started
  Building wheel for hnswlib (pyproject.toml): finished with status 'done'
  Created wheel for hnswlib: filename=hnswlib-0.6.2-cp310-cp310-linux_x86_64.whl size=2104426 sha256=c78f043191c759df6b4a46e9c8872f70f58c6604dec62a7fad9d926017e26668
  Stored in directory: /tmp/slurm_63526161/pip-ephem-wheel-cache-jy58luq6/wheels/b3/51/94/2e27c3c7bddd94d1ca6852f497e9ad7989d3f1e0dcf551e10b
Successfully built adjustText hnswlib
Installing collected packages: webencodings, texttable, json5, ipython-genutils, fastjsonschema, wheel, websocket-client, webcolors, urllib3, uri-template, types-python-dateutil, tomli, tinycss2, terminado, soupsieve, sniffio, send2trash, rpds-py, rfc3986-validator, rfc3339-validator, pyyaml, python-json-logger, pycparser, prometheus-client, pandocfilters, overrides, nvidia-cuda-nvrtc-cu11, mistune, MarkupSafe, jupyterlab-widgets, jupyterlab-pygments, jsonpointer, igraph, idna, hnswlib, fqdn, defusedxml, charset-normalizer, certifi, bleach, babel, attrs, async-lru, requests, referencing, nvidia-cuda-runtime-cu11, nvidia-cublas-cu11, jupyter-server-terminals, jinja2, cffi, beautifulsoup4, arrow, anyio, seaborn, nvidia-cudnn-cu11, jsonschema-specifications, isoduration, dgl, argon2-cffi-bindings, adjustText, torch, jsonschema, argon2-cffi, nbformat, nbclient, jupyter-events, nbconvert, jupyter-server, notebook-shim, jupyterlab-server, jupyter-lsp, jupyterlab, notebook, widgetsnbextension, ipywidgets, deepvelo
  Attempting uninstall: seaborn
    Found existing installation: seaborn 0.12.2
    Uninstalling seaborn-0.12.2:
      Successfully uninstalled seaborn-0.12.2
Successfully installed MarkupSafe-2.1.3 adjustText-0.7.3 anyio-4.2.0 argon2-cffi-23.1.0 argon2-cffi-bindings-21.2.0 arrow-1.3.0 async-lru-2.0.4 attrs-23.2.0 babel-2.14.0 beautifulsoup4-4.12.2 bleach-6.1.0 certifi-2023.11.17 cffi-1.16.0 charset-normalizer-3.3.2 deepvelo-0.2.4 defusedxml-0.7.1 dgl-1.1.3 fastjsonschema-2.19.1 fqdn-1.5.1 hnswlib-0.6.2 idna-3.6 igraph-0.9.11 ipython-genutils-0.2.0 ipywidgets-7.8.1 isoduration-20.11.0 jinja2-3.1.3 json5-0.9.14 jsonpointer-2.4 jsonschema-4.20.0 jsonschema-specifications-2023.12.1 jupyter-events-0.9.0 jupyter-lsp-2.2.1 jupyter-server-2.12.4 jupyter-server-terminals-0.5.1 jupyterlab-4.0.10 jupyterlab-pygments-0.3.0 jupyterlab-server-2.25.2 jupyterlab-widgets-1.1.7 mistune-3.0.2 nbclient-0.9.0 nbconvert-7.14.1 nbformat-5.9.2 notebook-7.0.6 notebook-shim-0.2.3 nvidia-cublas-cu11-11.10.3.66 nvidia-cuda-nvrtc-cu11-11.7.99 nvidia-cuda-runtime-cu11-11.7.99 nvidia-cudnn-cu11-8.5.0.96 overrides-7.4.0 pandocfilters-1.5.0 prometheus-client-0.19.0 pycparser-2.21 python-json-logger-2.0.7 pyyaml-6.0.1 referencing-0.32.1 requests-2.31.0 rfc3339-validator-0.1.4 rfc3986-validator-0.1.1 rpds-py-0.17.1 seaborn-0.11.2 send2trash-1.8.2 sniffio-1.3.0 soupsieve-2.5 terminado-0.18.0 texttable-1.7.0 tinycss2-1.2.1 tomli-2.0.1 torch-1.13.1 types-python-dateutil-2.8.19.20240106 uri-template-1.3.0 urllib3-2.1.0 webcolors-1.13 webencodings-0.5.1 websocket-client-1.7.0 wheel-0.42.0 widgetsnbextension-3.6.6
Installed kernelspec deepvelo_env in /nemo/project/home/maizelr/.local/share/jupyter/kernels/deepvelo_env
All done!
