Requirement already satisfied: pip in /nemo/lab/briscoej/home/users/maizelr/envs_for_svm23/dynamo_env/lib/python3.10/site-packages (22.2.2)
Collecting pip
  Using cached pip-23.3.2-py3-none-any.whl (2.1 MB)
Installing collected packages: pip
  Attempting uninstall: pip
    Found existing installation: pip 22.2.2
    Uninstalling pip-22.2.2:
      Successfully uninstalled pip-22.2.2
Successfully installed pip-23.3.2
Collecting dynamo-release==1.2.0
  Downloading dynamo_release-1.2.0-py3-none-any.whl (591 kB)
     ━━━━━━━━━━━━━━━━━━━━━━━━━━━━━━━━━━━━━━━ 591.5/591.5 kB 7.9 MB/s eta 0:00:00
Collecting numpy>=1.20.0 (from dynamo-release==1.2.0)
  Downloading numpy-1.26.3-cp310-cp310-manylinux_2_17_x86_64.manylinux2014_x86_64.whl.metadata (61 kB)
     ━━━━━━━━━━━━━━━━━━━━━━━━━━━━━━━━━━━━━━━ 61.2/61.2 kB 221.4 MB/s eta 0:00:00
Collecting pandas>=1.3.5 (from dynamo-release==1.2.0)
  Downloading pandas-2.1.4-cp310-cp310-manylinux_2_17_x86_64.manylinux2014_x86_64.whl.metadata (18 kB)
Collecting scipy>=1.4.1 (from dynamo-release==1.2.0)
  Downloading scipy-1.11.4-cp310-cp310-manylinux_2_17_x86_64.manylinux2014_x86_64.whl.metadata (60 kB)
     ━━━━━━━━━━━━━━━━━━━━━━━━━━━━━━━━━━━━━━━ 60.4/60.4 kB 218.7 MB/s eta 0:00:00
Collecting scikit-learn>=0.19.1 (from dynamo-release==1.2.0)
  Downloading scikit_learn-1.3.2-cp310-cp310-manylinux_2_17_x86_64.manylinux2014_x86_64.whl.metadata (11 kB)
Collecting anndata==0.7.5 (from dynamo-release==1.2.0)
  Downloading anndata-0.7.5-py3-none-any.whl (119 kB)
     ━━━━━━━━━━━━━━━━━━━━━━━━━━━━━━━━━━━━━ 119.7/119.7 kB 253.9 MB/s eta 0:00:00
Collecting KDEpy (from dynamo-release==1.2.0)
  Downloading KDEpy-1.1.8-cp310-cp310-manylinux_2_17_x86_64.manylinux2014_x86_64.whl.metadata (7.6 kB)
Collecting loompy>=3.0.5 (from dynamo-release==1.2.0)
  Downloading loompy-3.0.7.tar.gz (4.8 MB)
     ━━━━━━━━━━━━━━━━━━━━━━━━━━━━━━━━━━━━━━━━ 4.8/4.8 MB 82.2 MB/s eta 0:00:00
  Installing build dependencies: started
  Installing build dependencies: finished with status 'done'
  Getting requirements to build wheel: started
  Getting requirements to build wheel: finished with status 'done'
  Preparing metadata (pyproject.toml): started
  Preparing metadata (pyproject.toml): finished with status 'done'
Collecting matplotlib>=3.5.3 (from dynamo-release==1.2.0)
  Downloading matplotlib-3.8.2-cp310-cp310-manylinux_2_17_x86_64.manylinux2014_x86_64.whl.metadata (5.8 kB)
Requirement already satisfied: setuptools in /nemo/lab/briscoej/home/users/maizelr/envs_for_svm23/dynamo_env/lib/python3.10/site-packages (from dynamo-release==1.2.0) (63.2.0)
Collecting numdifftools>=0.9.39 (from dynamo-release==1.2.0)
  Downloading numdifftools-0.9.41-py2.py3-none-any.whl (100 kB)
     ━━━━━━━━━━━━━━━━━━━━━━━━━━━━━━━━━━━━━ 100.2/100.2 kB 259.9 MB/s eta 0:00:00
Collecting umap-learn>=0.5.1 (from dynamo-release==1.2.0)
  Downloading umap-learn-0.5.5.tar.gz (90 kB)
     ━━━━━━━━━━━━━━━━━━━━━━━━━━━━━━━━━━━━━━━ 90.9/90.9 kB 250.9 MB/s eta 0:00:00
  Installing build dependencies: started
  Installing build dependencies: finished with status 'done'
  Getting requirements to build wheel: started
  Getting requirements to build wheel: finished with status 'done'
  Preparing metadata (pyproject.toml): started
  Preparing metadata (pyproject.toml): finished with status 'done'
Collecting PATSY>=0.5.1 (from dynamo-release==1.2.0)
  Downloading patsy-0.5.6-py2.py3-none-any.whl.metadata (3.5 kB)
Collecting statsmodels>=0.9.0 (from dynamo-release==1.2.0)
  Downloading statsmodels-0.14.1-cp310-cp310-manylinux_2_17_x86_64.manylinux2014_x86_64.whl.metadata (9.5 kB)
Collecting numba>=0.54.0 (from dynamo-release==1.2.0)
  Downloading numba-0.58.1-cp310-cp310-manylinux2014_x86_64.manylinux_2_17_x86_64.whl.metadata (2.7 kB)
Collecting seaborn>=0.9.0 (from dynamo-release==1.2.0)
  Downloading seaborn-0.13.1-py3-none-any.whl.metadata (5.4 kB)
Collecting colorcet>=2.0.1 (from dynamo-release==1.2.0)
  Downloading colorcet-3.0.1-py2.py3-none-any.whl (1.7 MB)
     ━━━━━━━━━━━━━━━━━━━━━━━━━━━━━━━━━━━━━━━━ 1.7/1.7 MB 295.6 MB/s eta 0:00:00
Collecting tqdm (from dynamo-release==1.2.0)
  Downloading tqdm-4.66.1-py3-none-any.whl.metadata (57 kB)
     ━━━━━━━━━━━━━━━━━━━━━━━━━━━━━━━━━━━━━━━ 57.6/57.6 kB 222.7 MB/s eta 0:00:00
Collecting python-igraph>=0.7.1 (from dynamo-release==1.2.0)
  Downloading python_igraph-0.11.3-py3-none-any.whl.metadata (2.8 kB)
Collecting pynndescent>=0.5.2 (from dynamo-release==1.2.0)
  Downloading pynndescent-0.5.11-py3-none-any.whl.metadata (6.8 kB)
Collecting pre-commit (from dynamo-release==1.2.0)
  Downloading pre_commit-3.6.0-py2.py3-none-any.whl.metadata (1.3 kB)
Collecting networkx (from dynamo-release==1.2.0)
  Downloading networkx-3.2.1-py3-none-any.whl.metadata (5.2 kB)
Collecting nxviz==0.7.3 (from dynamo-release==1.2.0)
  Downloading nxviz-0.7.3-py3-none-any.whl (28 kB)
Collecting get-version>=3.5.4 (from dynamo-release==1.2.0)
  Downloading get_version-3.5.5-py3-none-any.whl.metadata (2.3 kB)
Collecting openpyxl (from dynamo-release==1.2.0)
  Downloading openpyxl-3.1.2-py2.py3-none-any.whl (249 kB)
     ━━━━━━━━━━━━━━━━━━━━━━━━━━━━━━━━━━━━━ 250.0/250.0 kB 283.7 MB/s eta 0:00:00
Collecting typing-extensions (from dynamo-release==1.2.0)
  Downloading typing_extensions-4.9.0-py3-none-any.whl.metadata (3.0 kB)
Collecting h5py (from anndata==0.7.5->dynamo-release==1.2.0)
  Downloading h5py-3.10.0-cp310-cp310-manylinux_2_17_x86_64.manylinux2014_x86_64.whl.metadata (2.5 kB)
Collecting natsort (from anndata==0.7.5->dynamo-release==1.2.0)
  Downloading natsort-8.4.0-py3-none-any.whl.metadata (21 kB)
Collecting packaging (from anndata==0.7.5->dynamo-release==1.2.0)
  Downloading packaging-23.2-py3-none-any.whl.metadata (3.2 kB)
Collecting more-itertools>=8.6.0 (from nxviz==0.7.3->dynamo-release==1.2.0)
  Downloading more_itertools-10.2.0-py3-none-any.whl.metadata (34 kB)
Collecting palettable>=3.3.0 (from nxviz==0.7.3->dynamo-release==1.2.0)
  Downloading palettable-3.3.3-py2.py3-none-any.whl (332 kB)
     ━━━━━━━━━━━━━━━━━━━━━━━━━━━━━━━━━━━━━ 332.3/332.3 kB 282.9 MB/s eta 0:00:00
Collecting mkdocs (from nxviz==0.7.3->dynamo-release==1.2.0)
  Downloading mkdocs-1.5.3-py3-none-any.whl.metadata (6.2 kB)
Collecting mkdocs-material (from nxviz==0.7.3->dynamo-release==1.2.0)
  Downloading mkdocs_material-9.5.4-py3-none-any.whl.metadata (15 kB)
Collecting mknotebooks (from nxviz==0.7.3->dynamo-release==1.2.0)
  Downloading mknotebooks-0.8.0-py3-none-any.whl.metadata (4.3 kB)
Collecting pyct>=0.4.4 (from colorcet>=2.0.1->dynamo-release==1.2.0)
  Downloading pyct-0.5.0-py2.py3-none-any.whl (15 kB)
Collecting dunamai>=1.19.0 (from get-version>=3.5.4->dynamo-release==1.2.0)
  Downloading dunamai-1.19.0-py3-none-any.whl.metadata (10.0 kB)
Collecting click (from loompy>=3.0.5->dynamo-release==1.2.0)
  Downloading click-8.1.7-py3-none-any.whl.metadata (3.0 kB)
Collecting numpy-groupies (from loompy>=3.0.5->dynamo-release==1.2.0)
  Downloading numpy_groupies-0.10.2-py3-none-any.whl.metadata (18 kB)
Collecting contourpy>=1.0.1 (from matplotlib>=3.5.3->dynamo-release==1.2.0)
  Downloading contourpy-1.2.0-cp310-cp310-manylinux_2_17_x86_64.manylinux2014_x86_64.whl.metadata (5.8 kB)
Collecting cycler>=0.10 (from matplotlib>=3.5.3->dynamo-release==1.2.0)
  Downloading cycler-0.12.1-py3-none-any.whl.metadata (3.8 kB)
Collecting fonttools>=4.22.0 (from matplotlib>=3.5.3->dynamo-release==1.2.0)
  Downloading fonttools-4.47.2-cp310-cp310-manylinux_2_17_x86_64.manylinux2014_x86_64.whl.metadata (157 kB)
     ━━━━━━━━━━━━━━━━━━━━━━━━━━━━━━━━━━━━━ 157.6/157.6 kB 270.0 MB/s eta 0:00:00
Collecting kiwisolver>=1.3.1 (from matplotlib>=3.5.3->dynamo-release==1.2.0)
  Downloading kiwisolver-1.4.5-cp310-cp310-manylinux_2_12_x86_64.manylinux2010_x86_64.whl.metadata (6.4 kB)
Collecting pillow>=8 (from matplotlib>=3.5.3->dynamo-release==1.2.0)
  Downloading pillow-10.2.0-cp310-cp310-manylinux_2_17_x86_64.manylinux2014_x86_64.whl.metadata (9.7 kB)
Collecting pyparsing>=2.3.1 (from matplotlib>=3.5.3->dynamo-release==1.2.0)
  Downloading pyparsing-3.1.1-py3-none-any.whl.metadata (5.1 kB)
Collecting python-dateutil>=2.7 (from matplotlib>=3.5.3->dynamo-release==1.2.0)
  Downloading python_dateutil-2.8.2-py2.py3-none-any.whl (247 kB)
     ━━━━━━━━━━━━━━━━━━━━━━━━━━━━━━━━━━━━━ 247.7/247.7 kB 283.4 MB/s eta 0:00:00
Collecting llvmlite<0.42,>=0.41.0dev0 (from numba>=0.54.0->dynamo-release==1.2.0)
  Downloading llvmlite-0.41.1-cp310-cp310-manylinux_2_17_x86_64.manylinux2014_x86_64.whl.metadata (4.8 kB)
Collecting pytz>=2020.1 (from pandas>=1.3.5->dynamo-release==1.2.0)
  Downloading pytz-2023.3.post1-py2.py3-none-any.whl.metadata (22 kB)
Collecting tzdata>=2022.1 (from pandas>=1.3.5->dynamo-release==1.2.0)
  Downloading tzdata-2023.4-py2.py3-none-any.whl.metadata (1.4 kB)
Collecting six (from PATSY>=0.5.1->dynamo-release==1.2.0)
  Downloading six-1.16.0-py2.py3-none-any.whl (11 kB)
Collecting joblib>=0.11 (from pynndescent>=0.5.2->dynamo-release==1.2.0)
  Downloading joblib-1.3.2-py3-none-any.whl.metadata (5.4 kB)
Collecting igraph==0.11.3 (from python-igraph>=0.7.1->dynamo-release==1.2.0)
  Downloading igraph-0.11.3-cp39-abi3-manylinux_2_17_x86_64.manylinux2014_x86_64.whl.metadata (3.9 kB)
Collecting texttable>=1.6.2 (from igraph==0.11.3->python-igraph>=0.7.1->dynamo-release==1.2.0)
  Downloading texttable-1.7.0-py2.py3-none-any.whl.metadata (9.8 kB)
Collecting threadpoolctl>=2.0.0 (from scikit-learn>=0.19.1->dynamo-release==1.2.0)
  Downloading threadpoolctl-3.2.0-py3-none-any.whl.metadata (10.0 kB)
Collecting et-xmlfile (from openpyxl->dynamo-release==1.2.0)
  Downloading et_xmlfile-1.1.0-py3-none-any.whl (4.7 kB)
Collecting cfgv>=2.0.0 (from pre-commit->dynamo-release==1.2.0)
  Downloading cfgv-3.4.0-py2.py3-none-any.whl.metadata (8.5 kB)
Collecting identify>=1.0.0 (from pre-commit->dynamo-release==1.2.0)
  Downloading identify-2.5.33-py2.py3-none-any.whl.metadata (4.4 kB)
Collecting nodeenv>=0.11.1 (from pre-commit->dynamo-release==1.2.0)
  Downloading nodeenv-1.8.0-py2.py3-none-any.whl.metadata (21 kB)
Collecting pyyaml>=5.1 (from pre-commit->dynamo-release==1.2.0)
  Downloading PyYAML-6.0.1-cp310-cp310-manylinux_2_17_x86_64.manylinux2014_x86_64.whl.metadata (2.1 kB)
Collecting virtualenv>=20.10.0 (from pre-commit->dynamo-release==1.2.0)
  Downloading virtualenv-20.25.0-py3-none-any.whl.metadata (4.5 kB)
Collecting param>=1.7.0 (from pyct>=0.4.4->colorcet>=2.0.1->dynamo-release==1.2.0)
  Downloading param-2.0.1-py3-none-any.whl.metadata (5.9 kB)
Collecting distlib<1,>=0.3.7 (from virtualenv>=20.10.0->pre-commit->dynamo-release==1.2.0)
  Downloading distlib-0.3.8-py2.py3-none-any.whl.metadata (5.1 kB)
Collecting filelock<4,>=3.12.2 (from virtualenv>=20.10.0->pre-commit->dynamo-release==1.2.0)
  Downloading filelock-3.13.1-py3-none-any.whl.metadata (2.8 kB)
Collecting platformdirs<5,>=3.9.1 (from virtualenv>=20.10.0->pre-commit->dynamo-release==1.2.0)
  Downloading platformdirs-4.1.0-py3-none-any.whl.metadata (11 kB)
Collecting ghp-import>=1.0 (from mkdocs->nxviz==0.7.3->dynamo-release==1.2.0)
  Downloading ghp_import-2.1.0-py3-none-any.whl (11 kB)
Collecting jinja2>=2.11.1 (from mkdocs->nxviz==0.7.3->dynamo-release==1.2.0)
  Downloading Jinja2-3.1.3-py3-none-any.whl.metadata (3.3 kB)
Collecting markdown>=3.2.1 (from mkdocs->nxviz==0.7.3->dynamo-release==1.2.0)
  Downloading Markdown-3.5.2-py3-none-any.whl.metadata (7.0 kB)
Collecting markupsafe>=2.0.1 (from mkdocs->nxviz==0.7.3->dynamo-release==1.2.0)
  Downloading MarkupSafe-2.1.3-cp310-cp310-manylinux_2_17_x86_64.manylinux2014_x86_64.whl.metadata (3.0 kB)
Collecting mergedeep>=1.3.4 (from mkdocs->nxviz==0.7.3->dynamo-release==1.2.0)
  Downloading mergedeep-1.3.4-py3-none-any.whl (6.4 kB)
Collecting pathspec>=0.11.1 (from mkdocs->nxviz==0.7.3->dynamo-release==1.2.0)
  Downloading pathspec-0.12.1-py3-none-any.whl.metadata (21 kB)
Collecting pyyaml-env-tag>=0.1 (from mkdocs->nxviz==0.7.3->dynamo-release==1.2.0)
  Downloading pyyaml_env_tag-0.1-py3-none-any.whl (3.9 kB)
Collecting watchdog>=2.0 (from mkdocs->nxviz==0.7.3->dynamo-release==1.2.0)
  Downloading watchdog-3.0.0-py3-none-manylinux2014_x86_64.whl (82 kB)
     ━━━━━━━━━━━━━━━━━━━━━━━━━━━━━━━━━━━━━━━ 82.1/82.1 kB 232.0 MB/s eta 0:00:00
Collecting babel~=2.10 (from mkdocs-material->nxviz==0.7.3->dynamo-release==1.2.0)
  Downloading Babel-2.14.0-py3-none-any.whl.metadata (1.6 kB)
Collecting colorama~=0.4 (from mkdocs-material->nxviz==0.7.3->dynamo-release==1.2.0)
  Downloading colorama-0.4.6-py2.py3-none-any.whl (25 kB)
Collecting mkdocs-material-extensions~=1.3 (from mkdocs-material->nxviz==0.7.3->dynamo-release==1.2.0)
  Downloading mkdocs_material_extensions-1.3.1-py3-none-any.whl.metadata (6.9 kB)
Collecting paginate~=0.5 (from mkdocs-material->nxviz==0.7.3->dynamo-release==1.2.0)
  Downloading paginate-0.5.6.tar.gz (12 kB)
  Installing build dependencies: started
  Installing build dependencies: finished with status 'done'
  Getting requirements to build wheel: started
  Getting requirements to build wheel: finished with status 'done'
  Preparing metadata (pyproject.toml): started
  Preparing metadata (pyproject.toml): finished with status 'done'
Collecting pygments~=2.16 (from mkdocs-material->nxviz==0.7.3->dynamo-release==1.2.0)
  Downloading pygments-2.17.2-py3-none-any.whl.metadata (2.6 kB)
Collecting pymdown-extensions~=10.2 (from mkdocs-material->nxviz==0.7.3->dynamo-release==1.2.0)
  Downloading pymdown_extensions-10.7-py3-none-any.whl.metadata (3.0 kB)
Collecting regex>=2022.4 (from mkdocs-material->nxviz==0.7.3->dynamo-release==1.2.0)
  Downloading regex-2023.12.25-cp310-cp310-manylinux_2_17_x86_64.manylinux2014_x86_64.whl.metadata (40 kB)
     ━━━━━━━━━━━━━━━━━━━━━━━━━━━━━━━━━━━━━━━ 40.9/40.9 kB 222.9 MB/s eta 0:00:00
Collecting requests~=2.26 (from mkdocs-material->nxviz==0.7.3->dynamo-release==1.2.0)
  Downloading requests-2.31.0-py3-none-any.whl.metadata (4.6 kB)
Collecting nbconvert>=6.0.0 (from mknotebooks->nxviz==0.7.3->dynamo-release==1.2.0)
  Downloading nbconvert-7.14.1-py3-none-any.whl.metadata (7.7 kB)
Collecting jupyter-client (from mknotebooks->nxviz==0.7.3->dynamo-release==1.2.0)
  Downloading jupyter_client-8.6.0-py3-none-any.whl.metadata (8.3 kB)
Collecting gitpython (from mknotebooks->nxviz==0.7.3->dynamo-release==1.2.0)
  Downloading GitPython-3.1.41-py3-none-any.whl.metadata (14 kB)
Collecting beautifulsoup4 (from nbconvert>=6.0.0->mknotebooks->nxviz==0.7.3->dynamo-release==1.2.0)
  Downloading beautifulsoup4-4.12.2-py3-none-any.whl (142 kB)
     ━━━━━━━━━━━━━━━━━━━━━━━━━━━━━━━━━━━━━ 143.0/143.0 kB 271.0 MB/s eta 0:00:00
Collecting bleach!=5.0.0 (from nbconvert>=6.0.0->mknotebooks->nxviz==0.7.3->dynamo-release==1.2.0)
  Downloading bleach-6.1.0-py3-none-any.whl.metadata (30 kB)
Collecting defusedxml (from nbconvert>=6.0.0->mknotebooks->nxviz==0.7.3->dynamo-release==1.2.0)
  Downloading defusedxml-0.7.1-py2.py3-none-any.whl (25 kB)
Collecting jupyter-core>=4.7 (from nbconvert>=6.0.0->mknotebooks->nxviz==0.7.3->dynamo-release==1.2.0)
  Downloading jupyter_core-5.7.1-py3-none-any.whl.metadata (3.4 kB)
Collecting jupyterlab-pygments (from nbconvert>=6.0.0->mknotebooks->nxviz==0.7.3->dynamo-release==1.2.0)
  Downloading jupyterlab_pygments-0.3.0-py3-none-any.whl.metadata (4.4 kB)
Collecting mistune<4,>=2.0.3 (from nbconvert>=6.0.0->mknotebooks->nxviz==0.7.3->dynamo-release==1.2.0)
  Downloading mistune-3.0.2-py3-none-any.whl.metadata (1.7 kB)
Collecting nbclient>=0.5.0 (from nbconvert>=6.0.0->mknotebooks->nxviz==0.7.3->dynamo-release==1.2.0)
  Downloading nbclient-0.9.0-py3-none-any.whl.metadata (7.8 kB)
Collecting nbformat>=5.7 (from nbconvert>=6.0.0->mknotebooks->nxviz==0.7.3->dynamo-release==1.2.0)
  Downloading nbformat-5.9.2-py3-none-any.whl.metadata (3.4 kB)
Collecting pandocfilters>=1.4.1 (from nbconvert>=6.0.0->mknotebooks->nxviz==0.7.3->dynamo-release==1.2.0)
  Downloading pandocfilters-1.5.0-py2.py3-none-any.whl (8.7 kB)
Collecting tinycss2 (from nbconvert>=6.0.0->mknotebooks->nxviz==0.7.3->dynamo-release==1.2.0)
  Downloading tinycss2-1.2.1-py3-none-any.whl (21 kB)
Collecting traitlets>=5.1 (from nbconvert>=6.0.0->mknotebooks->nxviz==0.7.3->dynamo-release==1.2.0)
  Downloading traitlets-5.14.1-py3-none-any.whl.metadata (10 kB)
Collecting charset-normalizer<4,>=2 (from requests~=2.26->mkdocs-material->nxviz==0.7.3->dynamo-release==1.2.0)
  Downloading charset_normalizer-3.3.2-cp310-cp310-manylinux_2_17_x86_64.manylinux2014_x86_64.whl.metadata (33 kB)
Collecting idna<4,>=2.5 (from requests~=2.26->mkdocs-material->nxviz==0.7.3->dynamo-release==1.2.0)
  Downloading idna-3.6-py3-none-any.whl.metadata (9.9 kB)
Collecting urllib3<3,>=1.21.1 (from requests~=2.26->mkdocs-material->nxviz==0.7.3->dynamo-release==1.2.0)
  Downloading urllib3-2.1.0-py3-none-any.whl.metadata (6.4 kB)
Collecting certifi>=2017.4.17 (from requests~=2.26->mkdocs-material->nxviz==0.7.3->dynamo-release==1.2.0)
  Downloading certifi-2023.11.17-py3-none-any.whl.metadata (2.2 kB)
Collecting gitdb<5,>=4.0.1 (from gitpython->mknotebooks->nxviz==0.7.3->dynamo-release==1.2.0)
  Downloading gitdb-4.0.11-py3-none-any.whl.metadata (1.2 kB)
Collecting pyzmq>=23.0 (from jupyter-client->mknotebooks->nxviz==0.7.3->dynamo-release==1.2.0)
  Downloading pyzmq-25.1.2-cp310-cp310-manylinux_2_17_x86_64.manylinux2014_x86_64.whl.metadata (4.9 kB)
Collecting tornado>=6.2 (from jupyter-client->mknotebooks->nxviz==0.7.3->dynamo-release==1.2.0)
  Downloading tornado-6.4-cp38-abi3-manylinux_2_5_x86_64.manylinux1_x86_64.manylinux_2_17_x86_64.manylinux2014_x86_64.whl.metadata (2.5 kB)
Collecting webencodings (from bleach!=5.0.0->nbconvert>=6.0.0->mknotebooks->nxviz==0.7.3->dynamo-release==1.2.0)
  Downloading webencodings-0.5.1-py2.py3-none-any.whl (11 kB)
Collecting smmap<6,>=3.0.1 (from gitdb<5,>=4.0.1->gitpython->mknotebooks->nxviz==0.7.3->dynamo-release==1.2.0)
  Downloading smmap-5.0.1-py3-none-any.whl.metadata (4.3 kB)
Collecting fastjsonschema (from nbformat>=5.7->nbconvert>=6.0.0->mknotebooks->nxviz==0.7.3->dynamo-release==1.2.0)
  Downloading fastjsonschema-2.19.1-py3-none-any.whl.metadata (2.1 kB)
Collecting jsonschema>=2.6 (from nbformat>=5.7->nbconvert>=6.0.0->mknotebooks->nxviz==0.7.3->dynamo-release==1.2.0)
  Downloading jsonschema-4.20.0-py3-none-any.whl.metadata (8.1 kB)
Collecting soupsieve>1.2 (from beautifulsoup4->nbconvert>=6.0.0->mknotebooks->nxviz==0.7.3->dynamo-release==1.2.0)
  Downloading soupsieve-2.5-py3-none-any.whl.metadata (4.7 kB)
Collecting attrs>=22.2.0 (from jsonschema>=2.6->nbformat>=5.7->nbconvert>=6.0.0->mknotebooks->nxviz==0.7.3->dynamo-release==1.2.0)
  Downloading attrs-23.2.0-py3-none-any.whl.metadata (9.5 kB)
Collecting jsonschema-specifications>=2023.03.6 (from jsonschema>=2.6->nbformat>=5.7->nbconvert>=6.0.0->mknotebooks->nxviz==0.7.3->dynamo-release==1.2.0)
  Downloading jsonschema_specifications-2023.12.1-py3-none-any.whl.metadata (3.0 kB)
Collecting referencing>=0.28.4 (from jsonschema>=2.6->nbformat>=5.7->nbconvert>=6.0.0->mknotebooks->nxviz==0.7.3->dynamo-release==1.2.0)
  Downloading referencing-0.32.1-py3-none-any.whl.metadata (2.7 kB)
Collecting rpds-py>=0.7.1 (from jsonschema>=2.6->nbformat>=5.7->nbconvert>=6.0.0->mknotebooks->nxviz==0.7.3->dynamo-release==1.2.0)
  Downloading rpds_py-0.17.1-cp310-cp310-manylinux_2_17_x86_64.manylinux2014_x86_64.whl.metadata (4.1 kB)
Downloading get_version-3.5.5-py3-none-any.whl (18 kB)
Downloading matplotlib-3.8.2-cp310-cp310-manylinux_2_17_x86_64.manylinux2014_x86_64.whl (11.6 MB)
   ━━━━━━━━━━━━━━━━━━━━━━━━━━━━━━━━━━━━━━━━ 11.6/11.6 MB 146.5 MB/s eta 0:00:00
Downloading networkx-3.2.1-py3-none-any.whl (1.6 MB)
   ━━━━━━━━━━━━━━━━━━━━━━━━━━━━━━━━━━━━━━━━ 1.6/1.6 MB 301.3 MB/s eta 0:00:00
Downloading numba-0.58.1-cp310-cp310-manylinux2014_x86_64.manylinux_2_17_x86_64.whl (3.6 MB)
   ━━━━━━━━━━━━━━━━━━━━━━━━━━━━━━━━━━━━━━━━ 3.6/3.6 MB 173.8 MB/s eta 0:00:00
Downloading numpy-1.26.3-cp310-cp310-manylinux_2_17_x86_64.manylinux2014_x86_64.whl (18.2 MB)
   ━━━━━━━━━━━━━━━━━━━━━━━━━━━━━━━━━━━━━━━━ 18.2/18.2 MB 148.1 MB/s eta 0:00:00
Downloading pandas-2.1.4-cp310-cp310-manylinux_2_17_x86_64.manylinux2014_x86_64.whl (12.3 MB)
   ━━━━━━━━━━━━━━━━━━━━━━━━━━━━━━━━━━━━━━━━ 12.3/12.3 MB 140.9 MB/s eta 0:00:00
Downloading patsy-0.5.6-py2.py3-none-any.whl (233 kB)
   ━━━━━━━━━━━━━━━━━━━━━━━━━━━━━━━━━━━━━━━ 233.9/233.9 kB 286.7 MB/s eta 0:00:00
Downloading pynndescent-0.5.11-py3-none-any.whl (55 kB)
   ━━━━━━━━━━━━━━━━━━━━━━━━━━━━━━━━━━━━━━━━ 55.8/55.8 kB 223.2 MB/s eta 0:00:00
Downloading python_igraph-0.11.3-py3-none-any.whl (9.1 kB)
Downloading igraph-0.11.3-cp39-abi3-manylinux_2_17_x86_64.manylinux2014_x86_64.whl (3.3 MB)
   ━━━━━━━━━━━━━━━━━━━━━━━━━━━━━━━━━━━━━━━━ 3.3/3.3 MB 172.4 MB/s eta 0:00:00
Downloading scikit_learn-1.3.2-cp310-cp310-manylinux_2_17_x86_64.manylinux2014_x86_64.whl (10.8 MB)
   ━━━━━━━━━━━━━━━━━━━━━━━━━━━━━━━━━━━━━━━━ 10.8/10.8 MB 165.8 MB/s eta 0:00:00
Downloading scipy-1.11.4-cp310-cp310-manylinux_2_17_x86_64.manylinux2014_x86_64.whl (36.4 MB)
   ━━━━━━━━━━━━━━━━━━━━━━━━━━━━━━━━━━━━━━━━ 36.4/36.4 MB 146.3 MB/s eta 0:00:00
Downloading seaborn-0.13.1-py3-none-any.whl (294 kB)
   ━━━━━━━━━━━━━━━━━━━━━━━━━━━━━━━━━━━━━━━ 294.8/294.8 kB 300.5 MB/s eta 0:00:00
Downloading statsmodels-0.14.1-cp310-cp310-manylinux_2_17_x86_64.manylinux2014_x86_64.whl (10.8 MB)
   ━━━━━━━━━━━━━━━━━━━━━━━━━━━━━━━━━━━━━━━━ 10.8/10.8 MB 138.0 MB/s eta 0:00:00
Downloading KDEpy-1.1.8-cp310-cp310-manylinux_2_17_x86_64.manylinux2014_x86_64.whl (553 kB)
   ━━━━━━━━━━━━━━━━━━━━━━━━━━━━━━━━━━━━━━━ 553.4/553.4 kB 310.0 MB/s eta 0:00:00
Downloading pre_commit-3.6.0-py2.py3-none-any.whl (204 kB)
   ━━━━━━━━━━━━━━━━━━━━━━━━━━━━━━━━━━━━━━━ 204.0/204.0 kB 287.3 MB/s eta 0:00:00
Downloading tqdm-4.66.1-py3-none-any.whl (78 kB)
   ━━━━━━━━━━━━━━━━━━━━━━━━━━━━━━━━━━━━━━━━ 78.3/78.3 kB 253.8 MB/s eta 0:00:00
Downloading typing_extensions-4.9.0-py3-none-any.whl (32 kB)
Downloading cfgv-3.4.0-py2.py3-none-any.whl (7.2 kB)
Downloading contourpy-1.2.0-cp310-cp310-manylinux_2_17_x86_64.manylinux2014_x86_64.whl (310 kB)
   ━━━━━━━━━━━━━━━━━━━━━━━━━━━━━━━━━━━━━━━ 310.7/310.7 kB 292.9 MB/s eta 0:00:00
Downloading cycler-0.12.1-py3-none-any.whl (8.3 kB)
Downloading dunamai-1.19.0-py3-none-any.whl (25 kB)
Downloading fonttools-4.47.2-cp310-cp310-manylinux_2_17_x86_64.manylinux2014_x86_64.whl (4.6 MB)
   ━━━━━━━━━━━━━━━━━━━━━━━━━━━━━━━━━━━━━━━━ 4.6/4.6 MB 193.0 MB/s eta 0:00:00
Downloading identify-2.5.33-py2.py3-none-any.whl (98 kB)
   ━━━━━━━━━━━━━━━━━━━━━━━━━━━━━━━━━━━━━━━━ 98.9/98.9 kB 260.8 MB/s eta 0:00:00
Downloading joblib-1.3.2-py3-none-any.whl (302 kB)
   ━━━━━━━━━━━━━━━━━━━━━━━━━━━━━━━━━━━━━━━ 302.2/302.2 kB 297.2 MB/s eta 0:00:00
Downloading kiwisolver-1.4.5-cp310-cp310-manylinux_2_12_x86_64.manylinux2010_x86_64.whl (1.6 MB)
   ━━━━━━━━━━━━━━━━━━━━━━━━━━━━━━━━━━━━━━━━ 1.6/1.6 MB 310.6 MB/s eta 0:00:00
Downloading llvmlite-0.41.1-cp310-cp310-manylinux_2_17_x86_64.manylinux2014_x86_64.whl (43.6 MB)
   ━━━━━━━━━━━━━━━━━━━━━━━━━━━━━━━━━━━━━━━━ 43.6/43.6 MB 169.4 MB/s eta 0:00:00
Downloading more_itertools-10.2.0-py3-none-any.whl (57 kB)
   ━━━━━━━━━━━━━━━━━━━━━━━━━━━━━━━━━━━━━━━━ 57.0/57.0 kB 224.4 MB/s eta 0:00:00
Downloading nodeenv-1.8.0-py2.py3-none-any.whl (22 kB)
Downloading packaging-23.2-py3-none-any.whl (53 kB)
   ━━━━━━━━━━━━━━━━━━━━━━━━━━━━━━━━━━━━━━━━ 53.0/53.0 kB 223.5 MB/s eta 0:00:00
Downloading pillow-10.2.0-cp310-cp310-manylinux_2_17_x86_64.manylinux2014_x86_64.whl (4.4 MB)
   ━━━━━━━━━━━━━━━━━━━━━━━━━━━━━━━━━━━━━━━━ 4.4/4.4 MB 180.7 MB/s eta 0:00:00
Downloading pyparsing-3.1.1-py3-none-any.whl (103 kB)
   ━━━━━━━━━━━━━━━━━━━━━━━━━━━━━━━━━━━━━━━ 103.1/103.1 kB 252.8 MB/s eta 0:00:00
Downloading pytz-2023.3.post1-py2.py3-none-any.whl (502 kB)
   ━━━━━━━━━━━━━━━━━━━━━━━━━━━━━━━━━━━━━━━ 502.5/502.5 kB 308.5 MB/s eta 0:00:00
Downloading PyYAML-6.0.1-cp310-cp310-manylinux_2_17_x86_64.manylinux2014_x86_64.whl (705 kB)
   ━━━━━━━━━━━━━━━━━━━━━━━━━━━━━━━━━━━━━━━ 705.5/705.5 kB 313.1 MB/s eta 0:00:00
Downloading threadpoolctl-3.2.0-py3-none-any.whl (15 kB)
Downloading tzdata-2023.4-py2.py3-none-any.whl (346 kB)
   ━━━━━━━━━━━━━━━━━━━━━━━━━━━━━━━━━━━━━━━ 346.6/346.6 kB 291.3 MB/s eta 0:00:00
Downloading virtualenv-20.25.0-py3-none-any.whl (3.8 MB)
   ━━━━━━━━━━━━━━━━━━━━━━━━━━━━━━━━━━━━━━━━ 3.8/3.8 MB 175.7 MB/s eta 0:00:00
Downloading click-8.1.7-py3-none-any.whl (97 kB)
   ━━━━━━━━━━━━━━━━━━━━━━━━━━━━━━━━━━━━━━━━ 97.9/97.9 kB 260.9 MB/s eta 0:00:00
Downloading h5py-3.10.0-cp310-cp310-manylinux_2_17_x86_64.manylinux2014_x86_64.whl (4.8 MB)
   ━━━━━━━━━━━━━━━━━━━━━━━━━━━━━━━━━━━━━━━━ 4.8/4.8 MB 189.3 MB/s eta 0:00:00
Downloading mkdocs-1.5.3-py3-none-any.whl (3.7 MB)
   ━━━━━━━━━━━━━━━━━━━━━━━━━━━━━━━━━━━━━━━━ 3.7/3.7 MB 178.5 MB/s eta 0:00:00
Downloading mkdocs_material-9.5.4-py3-none-any.whl (8.6 MB)
   ━━━━━━━━━━━━━━━━━━━━━━━━━━━━━━━━━━━━━━━━ 8.6/8.6 MB 152.7 MB/s eta 0:00:00
Downloading mknotebooks-0.8.0-py3-none-any.whl (13 kB)
Downloading natsort-8.4.0-py3-none-any.whl (38 kB)
Downloading numpy_groupies-0.10.2-py3-none-any.whl (39 kB)
Downloading Babel-2.14.0-py3-none-any.whl (11.0 MB)
   ━━━━━━━━━━━━━━━━━━━━━━━━━━━━━━━━━━━━━━━━ 11.0/11.0 MB 145.6 MB/s eta 0:00:00
Downloading distlib-0.3.8-py2.py3-none-any.whl (468 kB)
   ━━━━━━━━━━━━━━━━━━━━━━━━━━━━━━━━━━━━━━━ 468.9/468.9 kB 301.9 MB/s eta 0:00:00
Downloading filelock-3.13.1-py3-none-any.whl (11 kB)
Downloading Jinja2-3.1.3-py3-none-any.whl (133 kB)
   ━━━━━━━━━━━━━━━━━━━━━━━━━━━━━━━━━━━━━━━ 133.2/133.2 kB 266.6 MB/s eta 0:00:00
Downloading Markdown-3.5.2-py3-none-any.whl (103 kB)
   ━━━━━━━━━━━━━━━━━━━━━━━━━━━━━━━━━━━━━━━ 103.9/103.9 kB 254.3 MB/s eta 0:00:00
Downloading MarkupSafe-2.1.3-cp310-cp310-manylinux_2_17_x86_64.manylinux2014_x86_64.whl (25 kB)
Downloading mkdocs_material_extensions-1.3.1-py3-none-any.whl (8.7 kB)
Downloading nbconvert-7.14.1-py3-none-any.whl (256 kB)
   ━━━━━━━━━━━━━━━━━━━━━━━━━━━━━━━━━━━━━━━ 256.4/256.4 kB 288.7 MB/s eta 0:00:00
Downloading param-2.0.1-py3-none-any.whl (113 kB)
   ━━━━━━━━━━━━━━━━━━━━━━━━━━━━━━━━━━━━━━━ 113.4/113.4 kB 271.7 MB/s eta 0:00:00
Downloading pathspec-0.12.1-py3-none-any.whl (31 kB)
Downloading platformdirs-4.1.0-py3-none-any.whl (17 kB)
Downloading pygments-2.17.2-py3-none-any.whl (1.2 MB)
   ━━━━━━━━━━━━━━━━━━━━━━━━━━━━━━━━━━━━━━━━ 1.2/1.2 MB 308.0 MB/s eta 0:00:00
Downloading pymdown_extensions-10.7-py3-none-any.whl (250 kB)
   ━━━━━━━━━━━━━━━━━━━━━━━━━━━━━━━━━━━━━━━ 250.8/250.8 kB 290.7 MB/s eta 0:00:00
Downloading regex-2023.12.25-cp310-cp310-manylinux_2_17_x86_64.manylinux2014_x86_64.whl (773 kB)
   ━━━━━━━━━━━━━━━━━━━━━━━━━━━━━━━━━━━━━━━ 774.0/774.0 kB 310.0 MB/s eta 0:00:00
Downloading requests-2.31.0-py3-none-any.whl (62 kB)
   ━━━━━━━━━━━━━━━━━━━━━━━━━━━━━━━━━━━━━━━━ 62.6/62.6 kB 241.9 MB/s eta 0:00:00
Downloading texttable-1.7.0-py2.py3-none-any.whl (10 kB)
Downloading GitPython-3.1.41-py3-none-any.whl (196 kB)
   ━━━━━━━━━━━━━━━━━━━━━━━━━━━━━━━━━━━━━━━ 196.4/196.4 kB 288.9 MB/s eta 0:00:00
Downloading jupyter_client-8.6.0-py3-none-any.whl (105 kB)
   ━━━━━━━━━━━━━━━━━━━━━━━━━━━━━━━━━━━━━━━ 105.9/105.9 kB 256.3 MB/s eta 0:00:00
Downloading bleach-6.1.0-py3-none-any.whl (162 kB)
   ━━━━━━━━━━━━━━━━━━━━━━━━━━━━━━━━━━━━━━━ 162.8/162.8 kB 278.1 MB/s eta 0:00:00
Downloading certifi-2023.11.17-py3-none-any.whl (162 kB)
   ━━━━━━━━━━━━━━━━━━━━━━━━━━━━━━━━━━━━━━━ 162.5/162.5 kB 287.9 MB/s eta 0:00:00
Downloading charset_normalizer-3.3.2-cp310-cp310-manylinux_2_17_x86_64.manylinux2014_x86_64.whl (142 kB)
   ━━━━━━━━━━━━━━━━━━━━━━━━━━━━━━━━━━━━━━━ 142.1/142.1 kB 282.2 MB/s eta 0:00:00
Downloading gitdb-4.0.11-py3-none-any.whl (62 kB)
   ━━━━━━━━━━━━━━━━━━━━━━━━━━━━━━━━━━━━━━━━ 62.7/62.7 kB 238.7 MB/s eta 0:00:00
Downloading idna-3.6-py3-none-any.whl (61 kB)
   ━━━━━━━━━━━━━━━━━━━━━━━━━━━━━━━━━━━━━━━━ 61.6/61.6 kB 230.4 MB/s eta 0:00:00
Downloading jupyter_core-5.7.1-py3-none-any.whl (28 kB)
Downloading mistune-3.0.2-py3-none-any.whl (47 kB)
   ━━━━━━━━━━━━━━━━━━━━━━━━━━━━━━━━━━━━━━━━ 48.0/48.0 kB 237.6 MB/s eta 0:00:00
Downloading nbclient-0.9.0-py3-none-any.whl (24 kB)
Downloading nbformat-5.9.2-py3-none-any.whl (77 kB)
   ━━━━━━━━━━━━━━━━━━━━━━━━━━━━━━━━━━━━━━━━ 77.6/77.6 kB 253.7 MB/s eta 0:00:00
Downloading pyzmq-25.1.2-cp310-cp310-manylinux_2_17_x86_64.manylinux2014_x86_64.whl (1.1 MB)
   ━━━━━━━━━━━━━━━━━━━━━━━━━━━━━━━━━━━━━━━━ 1.1/1.1 MB 301.5 MB/s eta 0:00:00
Downloading tornado-6.4-cp38-abi3-manylinux_2_5_x86_64.manylinux1_x86_64.manylinux_2_17_x86_64.manylinux2014_x86_64.whl (435 kB)
   ━━━━━━━━━━━━━━━━━━━━━━━━━━━━━━━━━━━━━━━ 435.4/435.4 kB 304.2 MB/s eta 0:00:00
Downloading traitlets-5.14.1-py3-none-any.whl (85 kB)
   ━━━━━━━━━━━━━━━━━━━━━━━━━━━━━━━━━━━━━━━━ 85.4/85.4 kB 247.6 MB/s eta 0:00:00
Downloading urllib3-2.1.0-py3-none-any.whl (104 kB)
   ━━━━━━━━━━━━━━━━━━━━━━━━━━━━━━━━━━━━━━━ 104.6/104.6 kB 262.4 MB/s eta 0:00:00
Downloading jupyterlab_pygments-0.3.0-py3-none-any.whl (15 kB)
Downloading jsonschema-4.20.0-py3-none-any.whl (84 kB)
   ━━━━━━━━━━━━━━━━━━━━━━━━━━━━━━━━━━━━━━━━ 84.7/84.7 kB 244.7 MB/s eta 0:00:00
Downloading smmap-5.0.1-py3-none-any.whl (24 kB)
Downloading soupsieve-2.5-py3-none-any.whl (36 kB)
Downloading fastjsonschema-2.19.1-py3-none-any.whl (23 kB)
Downloading attrs-23.2.0-py3-none-any.whl (60 kB)
   ━━━━━━━━━━━━━━━━━━━━━━━━━━━━━━━━━━━━━━━━ 60.8/60.8 kB 220.6 MB/s eta 0:00:00
Downloading jsonschema_specifications-2023.12.1-py3-none-any.whl (18 kB)
Downloading referencing-0.32.1-py3-none-any.whl (26 kB)
Downloading rpds_py-0.17.1-cp310-cp310-manylinux_2_17_x86_64.manylinux2014_x86_64.whl (1.2 MB)
   ━━━━━━━━━━━━━━━━━━━━━━━━━━━━━━━━━━━━━━━━ 1.2/1.2 MB 306.1 MB/s eta 0:00:00
Building wheels for collected packages: loompy, umap-learn, paginate
  Building wheel for loompy (pyproject.toml): started
  Building wheel for loompy (pyproject.toml): finished with status 'done'
  Created wheel for loompy: filename=loompy-3.0.7-py3-none-any.whl size=52018 sha256=584e4569334cbe33c96c1b9904c87a52a19542c1088d1272f7e6ec27009d0229
  Stored in directory: /tmp/slurm_63538248/pip-ephem-wheel-cache-yzhym9ox/wheels/2c/22/1f/792a4621bb631e538bf1c21feae9bbaa6b19fd6d6ab382d1fd
  Building wheel for umap-learn (pyproject.toml): started
  Building wheel for umap-learn (pyproject.toml): finished with status 'done'
  Created wheel for umap-learn: filename=umap_learn-0.5.5-py3-none-any.whl size=86832 sha256=f40b54d38877eee17d2dd6a0d23e2a56016d3d4569eba601d226bb8d9e7d3f79
  Stored in directory: /tmp/slurm_63538248/pip-ephem-wheel-cache-yzhym9ox/wheels/3a/70/07/428d2b58660a1a3b431db59b806a10da736612ebbc66c1bcc5
  Building wheel for paginate (pyproject.toml): started
  Building wheel for paginate (pyproject.toml): finished with status 'done'
  Created wheel for paginate: filename=paginate-0.5.6-py3-none-any.whl size=12666 sha256=7dd0f48667b59c23e4ed5ac93121b2ccc602cc9738b7bd164cfbb286a5fc88fa
  Stored in directory: /tmp/slurm_63538248/pip-ephem-wheel-cache-yzhym9ox/wheels/47/d3/18/0b5bebc873f29bea61fedece1e92cbcbef416839dfe5bd0eef
Successfully built loompy umap-learn paginate
Installing collected packages: webencodings, texttable, pytz, paginate, fastjsonschema, distlib, watchdog, urllib3, tzdata, typing-extensions, traitlets, tqdm, tornado, tinycss2, threadpoolctl, soupsieve, smmap, six, rpds-py, regex, pyzmq, pyyaml, pyparsing, pygments, platformdirs, pillow, pathspec, param, pandocfilters, palettable, packaging, numpy, nodeenv, networkx, natsort, more-itertools, mkdocs-material-extensions, mistune, mergedeep, markupsafe, markdown, llvmlite, kiwisolver, jupyterlab-pygments, joblib, igraph, idna, identify, fonttools, filelock, et-xmlfile, defusedxml, cycler, colorama, click, charset-normalizer, cfgv, certifi, babel, attrs, virtualenv, scipy, requests, referencing, pyyaml-env-tag, python-igraph, python-dateutil, pymdown-extensions, pyct, PATSY, openpyxl, numpy-groupies, numba, jupyter-core, jinja2, h5py, gitdb, dunamai, contourpy, bleach, beautifulsoup4, scikit-learn, pre-commit, pandas, numdifftools, matplotlib, loompy, KDEpy, jupyter-client, jsonschema-specifications, gitpython, ghp-import, get-version, colorcet, statsmodels, seaborn, pynndescent, mkdocs, jsonschema, anndata, umap-learn, nbformat, mkdocs-material, nbclient, nbconvert, mknotebooks, nxviz, dynamo-release
Successfully installed KDEpy-1.1.8 PATSY-0.5.6 anndata-0.7.5 attrs-23.2.0 babel-2.14.0 beautifulsoup4-4.12.2 bleach-6.1.0 certifi-2023.11.17 cfgv-3.4.0 charset-normalizer-3.3.2 click-8.1.7 colorama-0.4.6 colorcet-3.0.1 contourpy-1.2.0 cycler-0.12.1 defusedxml-0.7.1 distlib-0.3.8 dunamai-1.19.0 dynamo-release-1.2.0 et-xmlfile-1.1.0 fastjsonschema-2.19.1 filelock-3.13.1 fonttools-4.47.2 get-version-3.5.5 ghp-import-2.1.0 gitdb-4.0.11 gitpython-3.1.41 h5py-3.10.0 identify-2.5.33 idna-3.6 igraph-0.11.3 jinja2-3.1.3 joblib-1.3.2 jsonschema-4.20.0 jsonschema-specifications-2023.12.1 jupyter-client-8.6.0 jupyter-core-5.7.1 jupyterlab-pygments-0.3.0 kiwisolver-1.4.5 llvmlite-0.41.1 loompy-3.0.7 markdown-3.5.2 markupsafe-2.1.3 matplotlib-3.8.2 mergedeep-1.3.4 mistune-3.0.2 mkdocs-1.5.3 mkdocs-material-9.5.4 mkdocs-material-extensions-1.3.1 mknotebooks-0.8.0 more-itertools-10.2.0 natsort-8.4.0 nbclient-0.9.0 nbconvert-7.14.1 nbformat-5.9.2 networkx-3.2.1 nodeenv-1.8.0 numba-0.58.1 numdifftools-0.9.41 numpy-1.26.3 numpy-groupies-0.10.2 nxviz-0.7.3 openpyxl-3.1.2 packaging-23.2 paginate-0.5.6 palettable-3.3.3 pandas-2.1.4 pandocfilters-1.5.0 param-2.0.1 pathspec-0.12.1 pillow-10.2.0 platformdirs-4.1.0 pre-commit-3.6.0 pyct-0.5.0 pygments-2.17.2 pymdown-extensions-10.7 pynndescent-0.5.11 pyparsing-3.1.1 python-dateutil-2.8.2 python-igraph-0.11.3 pytz-2023.3.post1 pyyaml-6.0.1 pyyaml-env-tag-0.1 pyzmq-25.1.2 referencing-0.32.1 regex-2023.12.25 requests-2.31.0 rpds-py-0.17.1 scikit-learn-1.3.2 scipy-1.11.4 seaborn-0.13.1 six-1.16.0 smmap-5.0.1 soupsieve-2.5 statsmodels-0.14.1 texttable-1.7.0 threadpoolctl-3.2.0 tinycss2-1.2.1 tornado-6.4 tqdm-4.66.1 traitlets-5.14.1 typing-extensions-4.9.0 tzdata-2023.4 umap-learn-0.5.5 urllib3-2.1.0 virtualenv-20.25.0 watchdog-3.0.0 webencodings-0.5.1
Collecting scanpy==1.9.*
  Downloading scanpy-1.9.6-py3-none-any.whl.metadata (6.0 kB)
Requirement already satisfied: anndata>=0.7.4 in /nemo/lab/briscoej/home/users/maizelr/envs_for_svm23/dynamo_env/lib/python3.10/site-packages (from scanpy==1.9.*) (0.7.5)
Requirement already satisfied: h5py>=3 in /nemo/lab/briscoej/home/users/maizelr/envs_for_svm23/dynamo_env/lib/python3.10/site-packages (from scanpy==1.9.*) (3.10.0)
Requirement already satisfied: joblib in /nemo/lab/briscoej/home/users/maizelr/envs_for_svm23/dynamo_env/lib/python3.10/site-packages (from scanpy==1.9.*) (1.3.2)
Requirement already satisfied: matplotlib>=3.4 in /nemo/lab/briscoej/home/users/maizelr/envs_for_svm23/dynamo_env/lib/python3.10/site-packages (from scanpy==1.9.*) (3.8.2)
Requirement already satisfied: natsort in /nemo/lab/briscoej/home/users/maizelr/envs_for_svm23/dynamo_env/lib/python3.10/site-packages (from scanpy==1.9.*) (8.4.0)
Requirement already satisfied: networkx>=2.3 in /nemo/lab/briscoej/home/users/maizelr/envs_for_svm23/dynamo_env/lib/python3.10/site-packages (from scanpy==1.9.*) (3.2.1)
Requirement already satisfied: numba>=0.41.0 in /nemo/lab/briscoej/home/users/maizelr/envs_for_svm23/dynamo_env/lib/python3.10/site-packages (from scanpy==1.9.*) (0.58.1)
Requirement already satisfied: numpy>=1.17.0 in /nemo/lab/briscoej/home/users/maizelr/envs_for_svm23/dynamo_env/lib/python3.10/site-packages (from scanpy==1.9.*) (1.26.3)
Requirement already satisfied: packaging in /nemo/lab/briscoej/home/users/maizelr/envs_for_svm23/dynamo_env/lib/python3.10/site-packages (from scanpy==1.9.*) (23.2)
Requirement already satisfied: pandas!=2.1.2,>=1.1.1 in /nemo/lab/briscoej/home/users/maizelr/envs_for_svm23/dynamo_env/lib/python3.10/site-packages (from scanpy==1.9.*) (2.1.4)
Requirement already satisfied: patsy in /nemo/lab/briscoej/home/users/maizelr/envs_for_svm23/dynamo_env/lib/python3.10/site-packages (from scanpy==1.9.*) (0.5.6)
Requirement already satisfied: scikit-learn>=0.24 in /nemo/lab/briscoej/home/users/maizelr/envs_for_svm23/dynamo_env/lib/python3.10/site-packages (from scanpy==1.9.*) (1.3.2)
Requirement already satisfied: scipy>=1.4 in /nemo/lab/briscoej/home/users/maizelr/envs_for_svm23/dynamo_env/lib/python3.10/site-packages (from scanpy==1.9.*) (1.11.4)
Requirement already satisfied: seaborn!=0.13.0 in /nemo/lab/briscoej/home/users/maizelr/envs_for_svm23/dynamo_env/lib/python3.10/site-packages (from scanpy==1.9.*) (0.13.1)
Collecting session-info (from scanpy==1.9.*)
  Downloading session_info-1.0.0.tar.gz (24 kB)
  Installing build dependencies: started
  Installing build dependencies: finished with status 'done'
  Getting requirements to build wheel: started
  Getting requirements to build wheel: finished with status 'done'
  Preparing metadata (pyproject.toml): started
  Preparing metadata (pyproject.toml): finished with status 'done'
Requirement already satisfied: statsmodels>=0.10.0rc2 in /nemo/lab/briscoej/home/users/maizelr/envs_for_svm23/dynamo_env/lib/python3.10/site-packages (from scanpy==1.9.*) (0.14.1)
Requirement already satisfied: tqdm in /nemo/lab/briscoej/home/users/maizelr/envs_for_svm23/dynamo_env/lib/python3.10/site-packages (from scanpy==1.9.*) (4.66.1)
Requirement already satisfied: umap-learn>=0.3.10 in /nemo/lab/briscoej/home/users/maizelr/envs_for_svm23/dynamo_env/lib/python3.10/site-packages (from scanpy==1.9.*) (0.5.5)
Requirement already satisfied: contourpy>=1.0.1 in /nemo/lab/briscoej/home/users/maizelr/envs_for_svm23/dynamo_env/lib/python3.10/site-packages (from matplotlib>=3.4->scanpy==1.9.*) (1.2.0)
Requirement already satisfied: cycler>=0.10 in /nemo/lab/briscoej/home/users/maizelr/envs_for_svm23/dynamo_env/lib/python3.10/site-packages (from matplotlib>=3.4->scanpy==1.9.*) (0.12.1)
Requirement already satisfied: fonttools>=4.22.0 in /nemo/lab/briscoej/home/users/maizelr/envs_for_svm23/dynamo_env/lib/python3.10/site-packages (from matplotlib>=3.4->scanpy==1.9.*) (4.47.2)
Requirement already satisfied: kiwisolver>=1.3.1 in /nemo/lab/briscoej/home/users/maizelr/envs_for_svm23/dynamo_env/lib/python3.10/site-packages (from matplotlib>=3.4->scanpy==1.9.*) (1.4.5)
Requirement already satisfied: pillow>=8 in /nemo/lab/briscoej/home/users/maizelr/envs_for_svm23/dynamo_env/lib/python3.10/site-packages (from matplotlib>=3.4->scanpy==1.9.*) (10.2.0)
Requirement already satisfied: pyparsing>=2.3.1 in /nemo/lab/briscoej/home/users/maizelr/envs_for_svm23/dynamo_env/lib/python3.10/site-packages (from matplotlib>=3.4->scanpy==1.9.*) (3.1.1)
Requirement already satisfied: python-dateutil>=2.7 in /nemo/lab/briscoej/home/users/maizelr/envs_for_svm23/dynamo_env/lib/python3.10/site-packages (from matplotlib>=3.4->scanpy==1.9.*) (2.8.2)
Requirement already satisfied: llvmlite<0.42,>=0.41.0dev0 in /nemo/lab/briscoej/home/users/maizelr/envs_for_svm23/dynamo_env/lib/python3.10/site-packages (from numba>=0.41.0->scanpy==1.9.*) (0.41.1)
Requirement already satisfied: pytz>=2020.1 in /nemo/lab/briscoej/home/users/maizelr/envs_for_svm23/dynamo_env/lib/python3.10/site-packages (from pandas!=2.1.2,>=1.1.1->scanpy==1.9.*) (2023.3.post1)
Requirement already satisfied: tzdata>=2022.1 in /nemo/lab/briscoej/home/users/maizelr/envs_for_svm23/dynamo_env/lib/python3.10/site-packages (from pandas!=2.1.2,>=1.1.1->scanpy==1.9.*) (2023.4)
Requirement already satisfied: threadpoolctl>=2.0.0 in /nemo/lab/briscoej/home/users/maizelr/envs_for_svm23/dynamo_env/lib/python3.10/site-packages (from scikit-learn>=0.24->scanpy==1.9.*) (3.2.0)
Requirement already satisfied: six in /nemo/lab/briscoej/home/users/maizelr/envs_for_svm23/dynamo_env/lib/python3.10/site-packages (from patsy->scanpy==1.9.*) (1.16.0)
Requirement already satisfied: pynndescent>=0.5 in /nemo/lab/briscoej/home/users/maizelr/envs_for_svm23/dynamo_env/lib/python3.10/site-packages (from umap-learn>=0.3.10->scanpy==1.9.*) (0.5.11)
Collecting stdlib-list (from session-info->scanpy==1.9.*)
  Downloading stdlib_list-0.10.0-py3-none-any.whl.metadata (3.3 kB)
Downloading scanpy-1.9.6-py3-none-any.whl (2.0 MB)
   ━━━━━━━━━━━━━━━━━━━━━━━━━━━━━━━━━━━━━━━━ 2.0/2.0 MB 126.5 MB/s eta 0:00:00
Downloading stdlib_list-0.10.0-py3-none-any.whl (79 kB)
   ━━━━━━━━━━━━━━━━━━━━━━━━━━━━━━━━━━━━━━━━ 79.8/79.8 kB 213.3 MB/s eta 0:00:00
Building wheels for collected packages: session-info
  Building wheel for session-info (pyproject.toml): started
  Building wheel for session-info (pyproject.toml): finished with status 'done'
  Created wheel for session-info: filename=session_info-1.0.0-py3-none-any.whl size=8023 sha256=85f108160c2726ae7db63a4054a0bbb57a28a1eab6325d5a0cc9e4abf0dbe732
  Stored in directory: /tmp/slurm_63538248/pip-ephem-wheel-cache-edo3w9nk/wheels/6a/aa/b9/eb5d4031476ec10802795b97ccf937b9bd998d68a9b268765a
Successfully built session-info
Installing collected packages: stdlib-list, session-info, scanpy
Successfully installed scanpy-1.9.6 session-info-1.0.0 stdlib-list-0.10.0
Collecting scvelo==0.2.*
  Downloading scvelo-0.2.5-py3-none-any.whl (219 kB)
     ━━━━━━━━━━━━━━━━━━━━━━━━━━━━━━━━━━━━━━ 220.0/220.0 kB 31.0 MB/s eta 0:00:00
Requirement already satisfied: typing-extensions in /nemo/lab/briscoej/home/users/maizelr/envs_for_svm23/dynamo_env/lib/python3.10/site-packages (from scvelo==0.2.*) (4.9.0)
Requirement already satisfied: anndata>=0.7.5 in /nemo/lab/briscoej/home/users/maizelr/envs_for_svm23/dynamo_env/lib/python3.10/site-packages (from scvelo==0.2.*) (0.7.5)
Requirement already satisfied: scanpy>=1.5 in /nemo/lab/briscoej/home/users/maizelr/envs_for_svm23/dynamo_env/lib/python3.10/site-packages (from scvelo==0.2.*) (1.9.6)
Requirement already satisfied: loompy>=2.0.12 in /nemo/lab/briscoej/home/users/maizelr/envs_for_svm23/dynamo_env/lib/python3.10/site-packages (from scvelo==0.2.*) (3.0.7)
Requirement already satisfied: umap-learn>=0.3.10 in /nemo/lab/briscoej/home/users/maizelr/envs_for_svm23/dynamo_env/lib/python3.10/site-packages (from scvelo==0.2.*) (0.5.5)
Requirement already satisfied: numba>=0.41.0 in /nemo/lab/briscoej/home/users/maizelr/envs_for_svm23/dynamo_env/lib/python3.10/site-packages (from scvelo==0.2.*) (0.58.1)
Requirement already satisfied: numpy>=1.17 in /nemo/lab/briscoej/home/users/maizelr/envs_for_svm23/dynamo_env/lib/python3.10/site-packages (from scvelo==0.2.*) (1.26.3)
Requirement already satisfied: scipy>=1.4.1 in /nemo/lab/briscoej/home/users/maizelr/envs_for_svm23/dynamo_env/lib/python3.10/site-packages (from scvelo==0.2.*) (1.11.4)
Requirement already satisfied: pandas!=1.4.0,>=0.23 in /nemo/lab/briscoej/home/users/maizelr/envs_for_svm23/dynamo_env/lib/python3.10/site-packages (from scvelo==0.2.*) (2.1.4)
Requirement already satisfied: scikit-learn>=0.21.2 in /nemo/lab/briscoej/home/users/maizelr/envs_for_svm23/dynamo_env/lib/python3.10/site-packages (from scvelo==0.2.*) (1.3.2)
Requirement already satisfied: matplotlib>=3.3.0 in /nemo/lab/briscoej/home/users/maizelr/envs_for_svm23/dynamo_env/lib/python3.10/site-packages (from scvelo==0.2.*) (3.8.2)
Requirement already satisfied: h5py in /nemo/lab/briscoej/home/users/maizelr/envs_for_svm23/dynamo_env/lib/python3.10/site-packages (from anndata>=0.7.5->scvelo==0.2.*) (3.10.0)
Requirement already satisfied: natsort in /nemo/lab/briscoej/home/users/maizelr/envs_for_svm23/dynamo_env/lib/python3.10/site-packages (from anndata>=0.7.5->scvelo==0.2.*) (8.4.0)
Requirement already satisfied: packaging in /nemo/lab/briscoej/home/users/maizelr/envs_for_svm23/dynamo_env/lib/python3.10/site-packages (from anndata>=0.7.5->scvelo==0.2.*) (23.2)
Requirement already satisfied: setuptools in /nemo/lab/briscoej/home/users/maizelr/envs_for_svm23/dynamo_env/lib/python3.10/site-packages (from loompy>=2.0.12->scvelo==0.2.*) (63.2.0)
Requirement already satisfied: click in /nemo/lab/briscoej/home/users/maizelr/envs_for_svm23/dynamo_env/lib/python3.10/site-packages (from loompy>=2.0.12->scvelo==0.2.*) (8.1.7)
Requirement already satisfied: numpy-groupies in /nemo/lab/briscoej/home/users/maizelr/envs_for_svm23/dynamo_env/lib/python3.10/site-packages (from loompy>=2.0.12->scvelo==0.2.*) (0.10.2)
Requirement already satisfied: contourpy>=1.0.1 in /nemo/lab/briscoej/home/users/maizelr/envs_for_svm23/dynamo_env/lib/python3.10/site-packages (from matplotlib>=3.3.0->scvelo==0.2.*) (1.2.0)
Requirement already satisfied: cycler>=0.10 in /nemo/lab/briscoej/home/users/maizelr/envs_for_svm23/dynamo_env/lib/python3.10/site-packages (from matplotlib>=3.3.0->scvelo==0.2.*) (0.12.1)
Requirement already satisfied: fonttools>=4.22.0 in /nemo/lab/briscoej/home/users/maizelr/envs_for_svm23/dynamo_env/lib/python3.10/site-packages (from matplotlib>=3.3.0->scvelo==0.2.*) (4.47.2)
Requirement already satisfied: kiwisolver>=1.3.1 in /nemo/lab/briscoej/home/users/maizelr/envs_for_svm23/dynamo_env/lib/python3.10/site-packages (from matplotlib>=3.3.0->scvelo==0.2.*) (1.4.5)
Requirement already satisfied: pillow>=8 in /nemo/lab/briscoej/home/users/maizelr/envs_for_svm23/dynamo_env/lib/python3.10/site-packages (from matplotlib>=3.3.0->scvelo==0.2.*) (10.2.0)
Requirement already satisfied: pyparsing>=2.3.1 in /nemo/lab/briscoej/home/users/maizelr/envs_for_svm23/dynamo_env/lib/python3.10/site-packages (from matplotlib>=3.3.0->scvelo==0.2.*) (3.1.1)
Requirement already satisfied: python-dateutil>=2.7 in /nemo/lab/briscoej/home/users/maizelr/envs_for_svm23/dynamo_env/lib/python3.10/site-packages (from matplotlib>=3.3.0->scvelo==0.2.*) (2.8.2)
Requirement already satisfied: llvmlite<0.42,>=0.41.0dev0 in /nemo/lab/briscoej/home/users/maizelr/envs_for_svm23/dynamo_env/lib/python3.10/site-packages (from numba>=0.41.0->scvelo==0.2.*) (0.41.1)
Requirement already satisfied: pytz>=2020.1 in /nemo/lab/briscoej/home/users/maizelr/envs_for_svm23/dynamo_env/lib/python3.10/site-packages (from pandas!=1.4.0,>=0.23->scvelo==0.2.*) (2023.3.post1)
Requirement already satisfied: tzdata>=2022.1 in /nemo/lab/briscoej/home/users/maizelr/envs_for_svm23/dynamo_env/lib/python3.10/site-packages (from pandas!=1.4.0,>=0.23->scvelo==0.2.*) (2023.4)
Requirement already satisfied: joblib in /nemo/lab/briscoej/home/users/maizelr/envs_for_svm23/dynamo_env/lib/python3.10/site-packages (from scanpy>=1.5->scvelo==0.2.*) (1.3.2)
Requirement already satisfied: networkx>=2.3 in /nemo/lab/briscoej/home/users/maizelr/envs_for_svm23/dynamo_env/lib/python3.10/site-packages (from scanpy>=1.5->scvelo==0.2.*) (3.2.1)
Requirement already satisfied: patsy in /nemo/lab/briscoej/home/users/maizelr/envs_for_svm23/dynamo_env/lib/python3.10/site-packages (from scanpy>=1.5->scvelo==0.2.*) (0.5.6)
Requirement already satisfied: seaborn!=0.13.0 in /nemo/lab/briscoej/home/users/maizelr/envs_for_svm23/dynamo_env/lib/python3.10/site-packages (from scanpy>=1.5->scvelo==0.2.*) (0.13.1)
Requirement already satisfied: session-info in /nemo/lab/briscoej/home/users/maizelr/envs_for_svm23/dynamo_env/lib/python3.10/site-packages (from scanpy>=1.5->scvelo==0.2.*) (1.0.0)
Requirement already satisfied: statsmodels>=0.10.0rc2 in /nemo/lab/briscoej/home/users/maizelr/envs_for_svm23/dynamo_env/lib/python3.10/site-packages (from scanpy>=1.5->scvelo==0.2.*) (0.14.1)
Requirement already satisfied: tqdm in /nemo/lab/briscoej/home/users/maizelr/envs_for_svm23/dynamo_env/lib/python3.10/site-packages (from scanpy>=1.5->scvelo==0.2.*) (4.66.1)
Requirement already satisfied: threadpoolctl>=2.0.0 in /nemo/lab/briscoej/home/users/maizelr/envs_for_svm23/dynamo_env/lib/python3.10/site-packages (from scikit-learn>=0.21.2->scvelo==0.2.*) (3.2.0)
Requirement already satisfied: pynndescent>=0.5 in /nemo/lab/briscoej/home/users/maizelr/envs_for_svm23/dynamo_env/lib/python3.10/site-packages (from umap-learn>=0.3.10->scvelo==0.2.*) (0.5.11)
Requirement already satisfied: six>=1.5 in /nemo/lab/briscoej/home/users/maizelr/envs_for_svm23/dynamo_env/lib/python3.10/site-packages (from python-dateutil>=2.7->matplotlib>=3.3.0->scvelo==0.2.*) (1.16.0)
Requirement already satisfied: stdlib-list in /nemo/lab/briscoej/home/users/maizelr/envs_for_svm23/dynamo_env/lib/python3.10/site-packages (from session-info->scanpy>=1.5->scvelo==0.2.*) (0.10.0)
Installing collected packages: scvelo
Successfully installed scvelo-0.2.5
Collecting anndata==0.8.0
  Downloading anndata-0.8.0-py3-none-any.whl (96 kB)
     ━━━━━━━━━━━━━━━━━━━━━━━━━━━━━━━━━━━━━━━━ 96.1/96.1 kB 13.0 MB/s eta 0:00:00
Requirement already satisfied: pandas>=1.1.1 in /nemo/lab/briscoej/home/users/maizelr/envs_for_svm23/dynamo_env/lib/python3.10/site-packages (from anndata==0.8.0) (2.1.4)
Requirement already satisfied: numpy>=1.16.5 in /nemo/lab/briscoej/home/users/maizelr/envs_for_svm23/dynamo_env/lib/python3.10/site-packages (from anndata==0.8.0) (1.26.3)
Requirement already satisfied: scipy>1.4 in /nemo/lab/briscoej/home/users/maizelr/envs_for_svm23/dynamo_env/lib/python3.10/site-packages (from anndata==0.8.0) (1.11.4)
Requirement already satisfied: h5py>=3 in /nemo/lab/briscoej/home/users/maizelr/envs_for_svm23/dynamo_env/lib/python3.10/site-packages (from anndata==0.8.0) (3.10.0)
Requirement already satisfied: natsort in /nemo/lab/briscoej/home/users/maizelr/envs_for_svm23/dynamo_env/lib/python3.10/site-packages (from anndata==0.8.0) (8.4.0)
Requirement already satisfied: packaging>=20 in /nemo/lab/briscoej/home/users/maizelr/envs_for_svm23/dynamo_env/lib/python3.10/site-packages (from anndata==0.8.0) (23.2)
Requirement already satisfied: python-dateutil>=2.8.2 in /nemo/lab/briscoej/home/users/maizelr/envs_for_svm23/dynamo_env/lib/python3.10/site-packages (from pandas>=1.1.1->anndata==0.8.0) (2.8.2)
Requirement already satisfied: pytz>=2020.1 in /nemo/lab/briscoej/home/users/maizelr/envs_for_svm23/dynamo_env/lib/python3.10/site-packages (from pandas>=1.1.1->anndata==0.8.0) (2023.3.post1)
Requirement already satisfied: tzdata>=2022.1 in /nemo/lab/briscoej/home/users/maizelr/envs_for_svm23/dynamo_env/lib/python3.10/site-packages (from pandas>=1.1.1->anndata==0.8.0) (2023.4)
Requirement already satisfied: six>=1.5 in /nemo/lab/briscoej/home/users/maizelr/envs_for_svm23/dynamo_env/lib/python3.10/site-packages (from python-dateutil>=2.8.2->pandas>=1.1.1->anndata==0.8.0) (1.16.0)
Installing collected packages: anndata
  Attempting uninstall: anndata
    Found existing installation: anndata 0.7.5
    Uninstalling anndata-0.7.5:
      Successfully uninstalled anndata-0.7.5
ERROR: pip's dependency resolver does not currently take into account all the packages that are installed. This behaviour is the source of the following dependency conflicts.
dynamo-release 1.2.0 requires anndata==0.7.5, but you have anndata 0.8.0 which is incompatible.
Successfully installed anndata-0.8.0
Collecting numpy==1.23.5
  Downloading numpy-1.23.5-cp310-cp310-manylinux_2_17_x86_64.manylinux2014_x86_64.whl (17.1 MB)
     ━━━━━━━━━━━━━━━━━━━━━━━━━━━━━━━━━━━━━━━ 17.1/17.1 MB 262.7 MB/s eta 0:00:00
Installing collected packages: numpy
  Attempting uninstall: numpy
    Found existing installation: numpy 1.26.3
    Uninstalling numpy-1.26.3:
      Successfully uninstalled numpy-1.26.3
ERROR: pip's dependency resolver does not currently take into account all the packages that are installed. This behaviour is the source of the following dependency conflicts.
dynamo-release 1.2.0 requires anndata==0.7.5, but you have anndata 0.8.0 which is incompatible.
Successfully installed numpy-1.23.5
Collecting matplotlib==3.6.3
  Downloading matplotlib-3.6.3-cp310-cp310-manylinux_2_17_x86_64.manylinux2014_x86_64.whl (11.8 MB)
     ━━━━━━━━━━━━━━━━━━━━━━━━━━━━━━━━━━━━━━━━ 11.8/11.8 MB 12.5 MB/s eta 0:00:00
Requirement already satisfied: contourpy>=1.0.1 in /nemo/lab/briscoej/home/users/maizelr/envs_for_svm23/dynamo_env/lib/python3.10/site-packages (from matplotlib==3.6.3) (1.2.0)
Requirement already satisfied: cycler>=0.10 in /nemo/lab/briscoej/home/users/maizelr/envs_for_svm23/dynamo_env/lib/python3.10/site-packages (from matplotlib==3.6.3) (0.12.1)
Requirement already satisfied: fonttools>=4.22.0 in /nemo/lab/briscoej/home/users/maizelr/envs_for_svm23/dynamo_env/lib/python3.10/site-packages (from matplotlib==3.6.3) (4.47.2)
Requirement already satisfied: kiwisolver>=1.0.1 in /nemo/lab/briscoej/home/users/maizelr/envs_for_svm23/dynamo_env/lib/python3.10/site-packages (from matplotlib==3.6.3) (1.4.5)
Requirement already satisfied: numpy>=1.19 in /nemo/lab/briscoej/home/users/maizelr/envs_for_svm23/dynamo_env/lib/python3.10/site-packages (from matplotlib==3.6.3) (1.23.5)
Requirement already satisfied: packaging>=20.0 in /nemo/lab/briscoej/home/users/maizelr/envs_for_svm23/dynamo_env/lib/python3.10/site-packages (from matplotlib==3.6.3) (23.2)
Requirement already satisfied: pillow>=6.2.0 in /nemo/lab/briscoej/home/users/maizelr/envs_for_svm23/dynamo_env/lib/python3.10/site-packages (from matplotlib==3.6.3) (10.2.0)
Requirement already satisfied: pyparsing>=2.2.1 in /nemo/lab/briscoej/home/users/maizelr/envs_for_svm23/dynamo_env/lib/python3.10/site-packages (from matplotlib==3.6.3) (3.1.1)
Requirement already satisfied: python-dateutil>=2.7 in /nemo/lab/briscoej/home/users/maizelr/envs_for_svm23/dynamo_env/lib/python3.10/site-packages (from matplotlib==3.6.3) (2.8.2)
Requirement already satisfied: six>=1.5 in /nemo/lab/briscoej/home/users/maizelr/envs_for_svm23/dynamo_env/lib/python3.10/site-packages (from python-dateutil>=2.7->matplotlib==3.6.3) (1.16.0)
Installing collected packages: matplotlib
  Attempting uninstall: matplotlib
    Found existing installation: matplotlib 3.8.2
    Uninstalling matplotlib-3.8.2:
      Successfully uninstalled matplotlib-3.8.2
ERROR: pip's dependency resolver does not currently take into account all the packages that are installed. This behaviour is the source of the following dependency conflicts.
dynamo-release 1.2.0 requires anndata==0.7.5, but you have anndata 0.8.0 which is incompatible.
Successfully installed matplotlib-3.6.3
Collecting pandas==1.5.3
  Downloading pandas-1.5.3-cp310-cp310-manylinux_2_17_x86_64.manylinux2014_x86_64.whl (12.1 MB)
     ━━━━━━━━━━━━━━━━━━━━━━━━━━━━━━━━━━━━━━━ 12.1/12.1 MB 260.6 MB/s eta 0:00:00
Requirement already satisfied: python-dateutil>=2.8.1 in /nemo/lab/briscoej/home/users/maizelr/envs_for_svm23/dynamo_env/lib/python3.10/site-packages (from pandas==1.5.3) (2.8.2)
Requirement already satisfied: pytz>=2020.1 in /nemo/lab/briscoej/home/users/maizelr/envs_for_svm23/dynamo_env/lib/python3.10/site-packages (from pandas==1.5.3) (2023.3.post1)
Requirement already satisfied: numpy>=1.21.0 in /nemo/lab/briscoej/home/users/maizelr/envs_for_svm23/dynamo_env/lib/python3.10/site-packages (from pandas==1.5.3) (1.23.5)
Requirement already satisfied: six>=1.5 in /nemo/lab/briscoej/home/users/maizelr/envs_for_svm23/dynamo_env/lib/python3.10/site-packages (from python-dateutil>=2.8.1->pandas==1.5.3) (1.16.0)
Installing collected packages: pandas
  Attempting uninstall: pandas
    Found existing installation: pandas 2.1.4
    Uninstalling pandas-2.1.4:
      Successfully uninstalled pandas-2.1.4
ERROR: pip's dependency resolver does not currently take into account all the packages that are installed. This behaviour is the source of the following dependency conflicts.
dynamo-release 1.2.0 requires anndata==0.7.5, but you have anndata 0.8.0 which is incompatible.
Successfully installed pandas-1.5.3
Requirement already satisfied: scipy==1.11.* in /nemo/lab/briscoej/home/users/maizelr/envs_for_svm23/dynamo_env/lib/python3.10/site-packages (1.11.4)
Requirement already satisfied: numpy<1.28.0,>=1.21.6 in /nemo/lab/briscoej/home/users/maizelr/envs_for_svm23/dynamo_env/lib/python3.10/site-packages (from scipy==1.11.*) (1.23.5)
Collecting scikit-learn==1.2.*
  Downloading scikit_learn-1.2.2-cp310-cp310-manylinux_2_17_x86_64.manylinux2014_x86_64.whl (9.6 MB)
     ━━━━━━━━━━━━━━━━━━━━━━━━━━━━━━━━━━━━━━━━ 9.6/9.6 MB 225.8 MB/s eta 0:00:00
Requirement already satisfied: numpy>=1.17.3 in /nemo/lab/briscoej/home/users/maizelr/envs_for_svm23/dynamo_env/lib/python3.10/site-packages (from scikit-learn==1.2.*) (1.23.5)
Requirement already satisfied: scipy>=1.3.2 in /nemo/lab/briscoej/home/users/maizelr/envs_for_svm23/dynamo_env/lib/python3.10/site-packages (from scikit-learn==1.2.*) (1.11.4)
Requirement already satisfied: joblib>=1.1.1 in /nemo/lab/briscoej/home/users/maizelr/envs_for_svm23/dynamo_env/lib/python3.10/site-packages (from scikit-learn==1.2.*) (1.3.2)
Requirement already satisfied: threadpoolctl>=2.0.0 in /nemo/lab/briscoej/home/users/maizelr/envs_for_svm23/dynamo_env/lib/python3.10/site-packages (from scikit-learn==1.2.*) (3.2.0)
Installing collected packages: scikit-learn
  Attempting uninstall: scikit-learn
    Found existing installation: scikit-learn 1.3.2
    Uninstalling scikit-learn-1.3.2:
      Successfully uninstalled scikit-learn-1.3.2
ERROR: pip's dependency resolver does not currently take into account all the packages that are installed. This behaviour is the source of the following dependency conflicts.
dynamo-release 1.2.0 requires anndata==0.7.5, but you have anndata 0.8.0 which is incompatible.
Successfully installed scikit-learn-1.2.2
Collecting seaborn==0.12.*
  Downloading seaborn-0.12.2-py3-none-any.whl (293 kB)
     ━━━━━━━━━━━━━━━━━━━━━━━━━━━━━━━━━━━━━━ 293.3/293.3 kB 25.3 MB/s eta 0:00:00
Requirement already satisfied: numpy!=1.24.0,>=1.17 in /nemo/lab/briscoej/home/users/maizelr/envs_for_svm23/dynamo_env/lib/python3.10/site-packages (from seaborn==0.12.*) (1.23.5)
Requirement already satisfied: pandas>=0.25 in /nemo/lab/briscoej/home/users/maizelr/envs_for_svm23/dynamo_env/lib/python3.10/site-packages (from seaborn==0.12.*) (1.5.3)
Requirement already satisfied: matplotlib!=3.6.1,>=3.1 in /nemo/lab/briscoej/home/users/maizelr/envs_for_svm23/dynamo_env/lib/python3.10/site-packages (from seaborn==0.12.*) (3.6.3)
Requirement already satisfied: contourpy>=1.0.1 in /nemo/lab/briscoej/home/users/maizelr/envs_for_svm23/dynamo_env/lib/python3.10/site-packages (from matplotlib!=3.6.1,>=3.1->seaborn==0.12.*) (1.2.0)
Requirement already satisfied: cycler>=0.10 in /nemo/lab/briscoej/home/users/maizelr/envs_for_svm23/dynamo_env/lib/python3.10/site-packages (from matplotlib!=3.6.1,>=3.1->seaborn==0.12.*) (0.12.1)
Requirement already satisfied: fonttools>=4.22.0 in /nemo/lab/briscoej/home/users/maizelr/envs_for_svm23/dynamo_env/lib/python3.10/site-packages (from matplotlib!=3.6.1,>=3.1->seaborn==0.12.*) (4.47.2)
Requirement already satisfied: kiwisolver>=1.0.1 in /nemo/lab/briscoej/home/users/maizelr/envs_for_svm23/dynamo_env/lib/python3.10/site-packages (from matplotlib!=3.6.1,>=3.1->seaborn==0.12.*) (1.4.5)
Requirement already satisfied: packaging>=20.0 in /nemo/lab/briscoej/home/users/maizelr/envs_for_svm23/dynamo_env/lib/python3.10/site-packages (from matplotlib!=3.6.1,>=3.1->seaborn==0.12.*) (23.2)
Requirement already satisfied: pillow>=6.2.0 in /nemo/lab/briscoej/home/users/maizelr/envs_for_svm23/dynamo_env/lib/python3.10/site-packages (from matplotlib!=3.6.1,>=3.1->seaborn==0.12.*) (10.2.0)
Requirement already satisfied: pyparsing>=2.2.1 in /nemo/lab/briscoej/home/users/maizelr/envs_for_svm23/dynamo_env/lib/python3.10/site-packages (from matplotlib!=3.6.1,>=3.1->seaborn==0.12.*) (3.1.1)
Requirement already satisfied: python-dateutil>=2.7 in /nemo/lab/briscoej/home/users/maizelr/envs_for_svm23/dynamo_env/lib/python3.10/site-packages (from matplotlib!=3.6.1,>=3.1->seaborn==0.12.*) (2.8.2)
Requirement already satisfied: pytz>=2020.1 in /nemo/lab/briscoej/home/users/maizelr/envs_for_svm23/dynamo_env/lib/python3.10/site-packages (from pandas>=0.25->seaborn==0.12.*) (2023.3.post1)
Requirement already satisfied: six>=1.5 in /nemo/lab/briscoej/home/users/maizelr/envs_for_svm23/dynamo_env/lib/python3.10/site-packages (from python-dateutil>=2.7->matplotlib!=3.6.1,>=3.1->seaborn==0.12.*) (1.16.0)
Installing collected packages: seaborn
  Attempting uninstall: seaborn
    Found existing installation: seaborn 0.13.1
    Uninstalling seaborn-0.13.1:
      Successfully uninstalled seaborn-0.13.1
ERROR: pip's dependency resolver does not currently take into account all the packages that are installed. This behaviour is the source of the following dependency conflicts.
dynamo-release 1.2.0 requires anndata==0.7.5, but you have anndata 0.8.0 which is incompatible.
Successfully installed seaborn-0.12.2
Requirement already satisfied: tqdm in /nemo/lab/briscoej/home/users/maizelr/envs_for_svm23/dynamo_env/lib/python3.10/site-packages (4.66.1)
Collecting ipykernel
  Downloading ipykernel-6.28.0-py3-none-any.whl.metadata (6.0 kB)
Collecting comm>=0.1.1 (from ipykernel)
  Downloading comm-0.2.1-py3-none-any.whl.metadata (3.7 kB)
Collecting debugpy>=1.6.5 (from ipykernel)
  Downloading debugpy-1.8.0-cp310-cp310-manylinux_2_17_x86_64.manylinux2014_x86_64.whl.metadata (1.0 kB)
Collecting ipython>=7.23.1 (from ipykernel)
  Downloading ipython-8.20.0-py3-none-any.whl.metadata (5.9 kB)
Requirement already satisfied: jupyter-client>=6.1.12 in /nemo/lab/briscoej/home/users/maizelr/envs_for_svm23/dynamo_env/lib/python3.10/site-packages (from ipykernel) (8.6.0)
Requirement already satisfied: jupyter-core!=5.0.*,>=4.12 in /nemo/lab/briscoej/home/users/maizelr/envs_for_svm23/dynamo_env/lib/python3.10/site-packages (from ipykernel) (5.7.1)
Collecting matplotlib-inline>=0.1 (from ipykernel)
  Downloading matplotlib_inline-0.1.6-py3-none-any.whl (9.4 kB)
Collecting nest-asyncio (from ipykernel)
  Downloading nest_asyncio-1.5.8-py3-none-any.whl.metadata (2.8 kB)
Requirement already satisfied: packaging in /nemo/lab/briscoej/home/users/maizelr/envs_for_svm23/dynamo_env/lib/python3.10/site-packages (from ipykernel) (23.2)
Collecting psutil (from ipykernel)
  Downloading psutil-5.9.7-cp36-abi3-manylinux_2_12_x86_64.manylinux2010_x86_64.manylinux_2_17_x86_64.manylinux2014_x86_64.whl.metadata (21 kB)
Requirement already satisfied: pyzmq>=24 in /nemo/lab/briscoej/home/users/maizelr/envs_for_svm23/dynamo_env/lib/python3.10/site-packages (from ipykernel) (25.1.2)
Requirement already satisfied: tornado>=6.1 in /nemo/lab/briscoej/home/users/maizelr/envs_for_svm23/dynamo_env/lib/python3.10/site-packages (from ipykernel) (6.4)
Requirement already satisfied: traitlets>=5.4.0 in /nemo/lab/briscoej/home/users/maizelr/envs_for_svm23/dynamo_env/lib/python3.10/site-packages (from ipykernel) (5.14.1)
Collecting decorator (from ipython>=7.23.1->ipykernel)
  Downloading decorator-5.1.1-py3-none-any.whl (9.1 kB)
Collecting jedi>=0.16 (from ipython>=7.23.1->ipykernel)
  Downloading jedi-0.19.1-py2.py3-none-any.whl.metadata (22 kB)
Collecting prompt-toolkit<3.1.0,>=3.0.41 (from ipython>=7.23.1->ipykernel)
  Downloading prompt_toolkit-3.0.43-py3-none-any.whl.metadata (6.5 kB)
Requirement already satisfied: pygments>=2.4.0 in /nemo/lab/briscoej/home/users/maizelr/envs_for_svm23/dynamo_env/lib/python3.10/site-packages (from ipython>=7.23.1->ipykernel) (2.17.2)
Collecting stack-data (from ipython>=7.23.1->ipykernel)
  Downloading stack_data-0.6.3-py3-none-any.whl.metadata (18 kB)
Collecting exceptiongroup (from ipython>=7.23.1->ipykernel)
  Downloading exceptiongroup-1.2.0-py3-none-any.whl.metadata (6.6 kB)
Collecting pexpect>4.3 (from ipython>=7.23.1->ipykernel)
  Downloading pexpect-4.9.0-py2.py3-none-any.whl.metadata (2.5 kB)
Requirement already satisfied: python-dateutil>=2.8.2 in /nemo/lab/briscoej/home/users/maizelr/envs_for_svm23/dynamo_env/lib/python3.10/site-packages (from jupyter-client>=6.1.12->ipykernel) (2.8.2)
Requirement already satisfied: platformdirs>=2.5 in /nemo/lab/briscoej/home/users/maizelr/envs_for_svm23/dynamo_env/lib/python3.10/site-packages (from jupyter-core!=5.0.*,>=4.12->ipykernel) (4.1.0)
Collecting parso<0.9.0,>=0.8.3 (from jedi>=0.16->ipython>=7.23.1->ipykernel)
  Downloading parso-0.8.3-py2.py3-none-any.whl (100 kB)
     ━━━━━━━━━━━━━━━━━━━━━━━━━━━━━━━━━━━━━━ 100.8/100.8 kB 39.4 MB/s eta 0:00:00
Collecting ptyprocess>=0.5 (from pexpect>4.3->ipython>=7.23.1->ipykernel)
  Downloading ptyprocess-0.7.0-py2.py3-none-any.whl (13 kB)
Collecting wcwidth (from prompt-toolkit<3.1.0,>=3.0.41->ipython>=7.23.1->ipykernel)
  Downloading wcwidth-0.2.13-py2.py3-none-any.whl.metadata (14 kB)
Requirement already satisfied: six>=1.5 in /nemo/lab/briscoej/home/users/maizelr/envs_for_svm23/dynamo_env/lib/python3.10/site-packages (from python-dateutil>=2.8.2->jupyter-client>=6.1.12->ipykernel) (1.16.0)
Collecting executing>=1.2.0 (from stack-data->ipython>=7.23.1->ipykernel)
  Downloading executing-2.0.1-py2.py3-none-any.whl.metadata (9.0 kB)
Collecting asttokens>=2.1.0 (from stack-data->ipython>=7.23.1->ipykernel)
  Downloading asttokens-2.4.1-py2.py3-none-any.whl.metadata (5.2 kB)
Collecting pure-eval (from stack-data->ipython>=7.23.1->ipykernel)
  Downloading pure_eval-0.2.2-py3-none-any.whl (11 kB)
Downloading ipykernel-6.28.0-py3-none-any.whl (114 kB)
   ━━━━━━━━━━━━━━━━━━━━━━━━━━━━━━━━━━━━━━━ 114.1/114.1 kB 255.3 MB/s eta 0:00:00
Downloading comm-0.2.1-py3-none-any.whl (7.2 kB)
Downloading debugpy-1.8.0-cp310-cp310-manylinux_2_17_x86_64.manylinux2014_x86_64.whl (3.3 MB)
   ━━━━━━━━━━━━━━━━━━━━━━━━━━━━━━━━━━━━━━━━ 3.3/3.3 MB 263.6 MB/s eta 0:00:00
Downloading ipython-8.20.0-py3-none-any.whl (809 kB)
   ━━━━━━━━━━━━━━━━━━━━━━━━━━━━━━━━━━━━━━━ 809.2/809.2 kB 289.8 MB/s eta 0:00:00
Downloading nest_asyncio-1.5.8-py3-none-any.whl (5.3 kB)
Downloading psutil-5.9.7-cp36-abi3-manylinux_2_12_x86_64.manylinux2010_x86_64.manylinux_2_17_x86_64.manylinux2014_x86_64.whl (285 kB)
   ━━━━━━━━━━━━━━━━━━━━━━━━━━━━━━━━━━━━━━━ 285.5/285.5 kB 288.9 MB/s eta 0:00:00
Downloading jedi-0.19.1-py2.py3-none-any.whl (1.6 MB)
   ━━━━━━━━━━━━━━━━━━━━━━━━━━━━━━━━━━━━━━━━ 1.6/1.6 MB 291.2 MB/s eta 0:00:00
Downloading pexpect-4.9.0-py2.py3-none-any.whl (63 kB)
   ━━━━━━━━━━━━━━━━━━━━━━━━━━━━━━━━━━━━━━━━ 63.8/63.8 kB 234.0 MB/s eta 0:00:00
Downloading prompt_toolkit-3.0.43-py3-none-any.whl (386 kB)
   ━━━━━━━━━━━━━━━━━━━━━━━━━━━━━━━━━━━━━━━ 386.1/386.1 kB 283.5 MB/s eta 0:00:00
Downloading exceptiongroup-1.2.0-py3-none-any.whl (16 kB)
Downloading stack_data-0.6.3-py3-none-any.whl (24 kB)
Downloading asttokens-2.4.1-py2.py3-none-any.whl (27 kB)
Downloading executing-2.0.1-py2.py3-none-any.whl (24 kB)
Downloading wcwidth-0.2.13-py2.py3-none-any.whl (34 kB)
Installing collected packages: wcwidth, pure-eval, ptyprocess, psutil, prompt-toolkit, pexpect, parso, nest-asyncio, matplotlib-inline, executing, exceptiongroup, decorator, debugpy, comm, asttokens, stack-data, jedi, ipython, ipykernel
Successfully installed asttokens-2.4.1 comm-0.2.1 debugpy-1.8.0 decorator-5.1.1 exceptiongroup-1.2.0 executing-2.0.1 ipykernel-6.28.0 ipython-8.20.0 jedi-0.19.1 matplotlib-inline-0.1.6 nest-asyncio-1.5.8 parso-0.8.3 pexpect-4.9.0 prompt-toolkit-3.0.43 psutil-5.9.7 ptyprocess-0.7.0 pure-eval-0.2.2 stack-data-0.6.3 wcwidth-0.2.13
Installed kernelspec dynamo_env in /nemo/project/home/maizelr/.local/share/jupyter/kernels/dynamo_env
All done!
