Requirement already satisfied: pip in /nemo/lab/briscoej/home/users/maizelr/envs_for_svm23/velovi_env/lib/python3.10/site-packages (22.2.2)
Collecting pip
  Using cached pip-23.3.2-py3-none-any.whl (2.1 MB)
Installing collected packages: pip
  Attempting uninstall: pip
    Found existing installation: pip 22.2.2
    Uninstalling pip-22.2.2:
      Successfully uninstalled pip-22.2.2
Successfully installed pip-23.3.2
Collecting scanpy==1.9.*
  Downloading scanpy-1.9.6-py3-none-any.whl.metadata (6.0 kB)
Collecting anndata>=0.7.4 (from scanpy==1.9.*)
  Downloading anndata-0.10.4-py3-none-any.whl.metadata (6.4 kB)
Collecting h5py>=3 (from scanpy==1.9.*)
  Downloading h5py-3.10.0-cp310-cp310-manylinux_2_17_x86_64.manylinux2014_x86_64.whl.metadata (2.5 kB)
Collecting joblib (from scanpy==1.9.*)
  Downloading joblib-1.3.2-py3-none-any.whl.metadata (5.4 kB)
Collecting matplotlib>=3.4 (from scanpy==1.9.*)
  Downloading matplotlib-3.8.2-cp310-cp310-manylinux_2_17_x86_64.manylinux2014_x86_64.whl.metadata (5.8 kB)
Collecting natsort (from scanpy==1.9.*)
  Downloading natsort-8.4.0-py3-none-any.whl.metadata (21 kB)
Collecting networkx>=2.3 (from scanpy==1.9.*)
  Downloading networkx-3.2.1-py3-none-any.whl.metadata (5.2 kB)
Collecting numba>=0.41.0 (from scanpy==1.9.*)
  Downloading numba-0.58.1-cp310-cp310-manylinux2014_x86_64.manylinux_2_17_x86_64.whl.metadata (2.7 kB)
Collecting numpy>=1.17.0 (from scanpy==1.9.*)
  Downloading numpy-1.26.3-cp310-cp310-manylinux_2_17_x86_64.manylinux2014_x86_64.whl.metadata (61 kB)
     ━━━━━━━━━━━━━━━━━━━━━━━━━━━━━━━━━━━━━━━ 61.2/61.2 kB 202.4 MB/s eta 0:00:00
Collecting packaging (from scanpy==1.9.*)
  Downloading packaging-23.2-py3-none-any.whl.metadata (3.2 kB)
Collecting pandas!=2.1.2,>=1.1.1 (from scanpy==1.9.*)
  Downloading pandas-2.1.4-cp310-cp310-manylinux_2_17_x86_64.manylinux2014_x86_64.whl.metadata (18 kB)
Collecting patsy (from scanpy==1.9.*)
  Downloading patsy-0.5.6-py2.py3-none-any.whl.metadata (3.5 kB)
Collecting scikit-learn>=0.24 (from scanpy==1.9.*)
  Downloading scikit_learn-1.3.2-cp310-cp310-manylinux_2_17_x86_64.manylinux2014_x86_64.whl.metadata (11 kB)
Collecting scipy>=1.4 (from scanpy==1.9.*)
  Downloading scipy-1.11.4-cp310-cp310-manylinux_2_17_x86_64.manylinux2014_x86_64.whl.metadata (60 kB)
     ━━━━━━━━━━━━━━━━━━━━━━━━━━━━━━━━━━━━━━━ 60.4/60.4 kB 202.8 MB/s eta 0:00:00
Collecting seaborn!=0.13.0 (from scanpy==1.9.*)
  Downloading seaborn-0.13.1-py3-none-any.whl.metadata (5.4 kB)
Collecting session-info (from scanpy==1.9.*)
  Downloading session_info-1.0.0.tar.gz (24 kB)
  Installing build dependencies: started
  Installing build dependencies: finished with status 'done'
  Getting requirements to build wheel: started
  Getting requirements to build wheel: finished with status 'done'
  Preparing metadata (pyproject.toml): started
  Preparing metadata (pyproject.toml): finished with status 'done'
Collecting statsmodels>=0.10.0rc2 (from scanpy==1.9.*)
  Downloading statsmodels-0.14.1-cp310-cp310-manylinux_2_17_x86_64.manylinux2014_x86_64.whl.metadata (9.5 kB)
Collecting tqdm (from scanpy==1.9.*)
  Downloading tqdm-4.66.1-py3-none-any.whl.metadata (57 kB)
     ━━━━━━━━━━━━━━━━━━━━━━━━━━━━━━━━━━━━━━━ 57.6/57.6 kB 204.5 MB/s eta 0:00:00
Collecting umap-learn>=0.3.10 (from scanpy==1.9.*)
  Downloading umap-learn-0.5.5.tar.gz (90 kB)
     ━━━━━━━━━━━━━━━━━━━━━━━━━━━━━━━━━━━━━━━ 90.9/90.9 kB 208.3 MB/s eta 0:00:00
  Installing build dependencies: started
  Installing build dependencies: finished with status 'done'
  Getting requirements to build wheel: started
  Getting requirements to build wheel: finished with status 'done'
  Preparing metadata (pyproject.toml): started
  Preparing metadata (pyproject.toml): finished with status 'done'
Collecting array-api-compat (from anndata>=0.7.4->scanpy==1.9.*)
  Downloading array_api_compat-1.4-py3-none-any.whl.metadata (13 kB)
Collecting exceptiongroup (from anndata>=0.7.4->scanpy==1.9.*)
  Downloading exceptiongroup-1.2.0-py3-none-any.whl.metadata (6.6 kB)
Collecting contourpy>=1.0.1 (from matplotlib>=3.4->scanpy==1.9.*)
  Downloading contourpy-1.2.0-cp310-cp310-manylinux_2_17_x86_64.manylinux2014_x86_64.whl.metadata (5.8 kB)
Collecting cycler>=0.10 (from matplotlib>=3.4->scanpy==1.9.*)
  Downloading cycler-0.12.1-py3-none-any.whl.metadata (3.8 kB)
Collecting fonttools>=4.22.0 (from matplotlib>=3.4->scanpy==1.9.*)
  Downloading fonttools-4.47.2-cp310-cp310-manylinux_2_17_x86_64.manylinux2014_x86_64.whl.metadata (157 kB)
     ━━━━━━━━━━━━━━━━━━━━━━━━━━━━━━━━━━━━━ 157.6/157.6 kB 244.9 MB/s eta 0:00:00
Collecting kiwisolver>=1.3.1 (from matplotlib>=3.4->scanpy==1.9.*)
  Downloading kiwisolver-1.4.5-cp310-cp310-manylinux_2_12_x86_64.manylinux2010_x86_64.whl.metadata (6.4 kB)
Collecting pillow>=8 (from matplotlib>=3.4->scanpy==1.9.*)
  Downloading pillow-10.2.0-cp310-cp310-manylinux_2_17_x86_64.manylinux2014_x86_64.whl.metadata (9.7 kB)
Collecting pyparsing>=2.3.1 (from matplotlib>=3.4->scanpy==1.9.*)
  Downloading pyparsing-3.1.1-py3-none-any.whl.metadata (5.1 kB)
Collecting python-dateutil>=2.7 (from matplotlib>=3.4->scanpy==1.9.*)
  Downloading python_dateutil-2.8.2-py2.py3-none-any.whl (247 kB)
     ━━━━━━━━━━━━━━━━━━━━━━━━━━━━━━━━━━━━━ 247.7/247.7 kB 244.6 MB/s eta 0:00:00
Collecting llvmlite<0.42,>=0.41.0dev0 (from numba>=0.41.0->scanpy==1.9.*)
  Downloading llvmlite-0.41.1-cp310-cp310-manylinux_2_17_x86_64.manylinux2014_x86_64.whl.metadata (4.8 kB)
Collecting pytz>=2020.1 (from pandas!=2.1.2,>=1.1.1->scanpy==1.9.*)
  Downloading pytz-2023.3.post1-py2.py3-none-any.whl.metadata (22 kB)
Collecting tzdata>=2022.1 (from pandas!=2.1.2,>=1.1.1->scanpy==1.9.*)
  Downloading tzdata-2023.4-py2.py3-none-any.whl.metadata (1.4 kB)
Collecting threadpoolctl>=2.0.0 (from scikit-learn>=0.24->scanpy==1.9.*)
  Downloading threadpoolctl-3.2.0-py3-none-any.whl.metadata (10.0 kB)
Collecting six (from patsy->scanpy==1.9.*)
  Downloading six-1.16.0-py2.py3-none-any.whl (11 kB)
Collecting pynndescent>=0.5 (from umap-learn>=0.3.10->scanpy==1.9.*)
  Downloading pynndescent-0.5.11-py3-none-any.whl.metadata (6.8 kB)
Collecting stdlib-list (from session-info->scanpy==1.9.*)
  Downloading stdlib_list-0.10.0-py3-none-any.whl.metadata (3.3 kB)
Downloading scanpy-1.9.6-py3-none-any.whl (2.0 MB)
   ━━━━━━━━━━━━━━━━━━━━━━━━━━━━━━━━━━━━━━━━ 2.0/2.0 MB 246.2 MB/s eta 0:00:00
Downloading anndata-0.10.4-py3-none-any.whl (119 kB)
   ━━━━━━━━━━━━━━━━━━━━━━━━━━━━━━━━━━━━━━━ 119.9/119.9 kB 217.4 MB/s eta 0:00:00
Downloading h5py-3.10.0-cp310-cp310-manylinux_2_17_x86_64.manylinux2014_x86_64.whl (4.8 MB)
   ━━━━━━━━━━━━━━━━━━━━━━━━━━━━━━━━━━━━━━━━ 4.8/4.8 MB 240.7 MB/s eta 0:00:00
Downloading matplotlib-3.8.2-cp310-cp310-manylinux_2_17_x86_64.manylinux2014_x86_64.whl (11.6 MB)
   ━━━━━━━━━━━━━━━━━━━━━━━━━━━━━━━━━━━━━━━━ 11.6/11.6 MB 263.6 MB/s eta 0:00:00
Downloading networkx-3.2.1-py3-none-any.whl (1.6 MB)
   ━━━━━━━━━━━━━━━━━━━━━━━━━━━━━━━━━━━━━━━━ 1.6/1.6 MB 264.5 MB/s eta 0:00:00
Downloading numba-0.58.1-cp310-cp310-manylinux2014_x86_64.manylinux_2_17_x86_64.whl (3.6 MB)
   ━━━━━━━━━━━━━━━━━━━━━━━━━━━━━━━━━━━━━━━━ 3.6/3.6 MB 253.1 MB/s eta 0:00:00
Downloading numpy-1.26.3-cp310-cp310-manylinux_2_17_x86_64.manylinux2014_x86_64.whl (18.2 MB)
   ━━━━━━━━━━━━━━━━━━━━━━━━━━━━━━━━━━━━━━━━ 18.2/18.2 MB 243.0 MB/s eta 0:00:00
Downloading packaging-23.2-py3-none-any.whl (53 kB)
   ━━━━━━━━━━━━━━━━━━━━━━━━━━━━━━━━━━━━━━━━ 53.0/53.0 kB 210.7 MB/s eta 0:00:00
Downloading pandas-2.1.4-cp310-cp310-manylinux_2_17_x86_64.manylinux2014_x86_64.whl (12.3 MB)
   ━━━━━━━━━━━━━━━━━━━━━━━━━━━━━━━━━━━━━━━━ 12.3/12.3 MB 278.5 MB/s eta 0:00:00
Downloading scikit_learn-1.3.2-cp310-cp310-manylinux_2_17_x86_64.manylinux2014_x86_64.whl (10.8 MB)
   ━━━━━━━━━━━━━━━━━━━━━━━━━━━━━━━━━━━━━━━━ 10.8/10.8 MB 261.2 MB/s eta 0:00:00
Downloading joblib-1.3.2-py3-none-any.whl (302 kB)
   ━━━━━━━━━━━━━━━━━━━━━━━━━━━━━━━━━━━━━━━ 302.2/302.2 kB 265.6 MB/s eta 0:00:00
Downloading scipy-1.11.4-cp310-cp310-manylinux_2_17_x86_64.manylinux2014_x86_64.whl (36.4 MB)
   ━━━━━━━━━━━━━━━━━━━━━━━━━━━━━━━━━━━━━━━━ 36.4/36.4 MB 281.6 MB/s eta 0:00:00
Downloading seaborn-0.13.1-py3-none-any.whl (294 kB)
   ━━━━━━━━━━━━━━━━━━━━━━━━━━━━━━━━━━━━━━━ 294.8/294.8 kB 275.4 MB/s eta 0:00:00
Downloading statsmodels-0.14.1-cp310-cp310-manylinux_2_17_x86_64.manylinux2014_x86_64.whl (10.8 MB)
   ━━━━━━━━━━━━━━━━━━━━━━━━━━━━━━━━━━━━━━━━ 10.8/10.8 MB 98.4 MB/s eta 0:00:00
Downloading patsy-0.5.6-py2.py3-none-any.whl (233 kB)
   ━━━━━━━━━━━━━━━━━━━━━━━━━━━━━━━━━━━━━━━ 233.9/233.9 kB 280.5 MB/s eta 0:00:00
Downloading natsort-8.4.0-py3-none-any.whl (38 kB)
Downloading tqdm-4.66.1-py3-none-any.whl (78 kB)
   ━━━━━━━━━━━━━━━━━━━━━━━━━━━━━━━━━━━━━━━━ 78.3/78.3 kB 234.6 MB/s eta 0:00:00
Downloading contourpy-1.2.0-cp310-cp310-manylinux_2_17_x86_64.manylinux2014_x86_64.whl (310 kB)
   ━━━━━━━━━━━━━━━━━━━━━━━━━━━━━━━━━━━━━━━ 310.7/310.7 kB 278.1 MB/s eta 0:00:00
Downloading cycler-0.12.1-py3-none-any.whl (8.3 kB)
Downloading fonttools-4.47.2-cp310-cp310-manylinux_2_17_x86_64.manylinux2014_x86_64.whl (4.6 MB)
   ━━━━━━━━━━━━━━━━━━━━━━━━━━━━━━━━━━━━━━━━ 4.6/4.6 MB 192.3 MB/s eta 0:00:00
Downloading kiwisolver-1.4.5-cp310-cp310-manylinux_2_12_x86_64.manylinux2010_x86_64.whl (1.6 MB)
   ━━━━━━━━━━━━━━━━━━━━━━━━━━━━━━━━━━━━━━━━ 1.6/1.6 MB 255.2 MB/s eta 0:00:00
Downloading llvmlite-0.41.1-cp310-cp310-manylinux_2_17_x86_64.manylinux2014_x86_64.whl (43.6 MB)
   ━━━━━━━━━━━━━━━━━━━━━━━━━━━━━━━━━━━━━━━━ 43.6/43.6 MB 190.3 MB/s eta 0:00:00
Downloading pillow-10.2.0-cp310-cp310-manylinux_2_17_x86_64.manylinux2014_x86_64.whl (4.4 MB)
   ━━━━━━━━━━━━━━━━━━━━━━━━━━━━━━━━━━━━━━━━ 4.4/4.4 MB 199.2 MB/s eta 0:00:00
Downloading pynndescent-0.5.11-py3-none-any.whl (55 kB)
   ━━━━━━━━━━━━━━━━━━━━━━━━━━━━━━━━━━━━━━━━ 55.8/55.8 kB 193.2 MB/s eta 0:00:00
Downloading pyparsing-3.1.1-py3-none-any.whl (103 kB)
   ━━━━━━━━━━━━━━━━━━━━━━━━━━━━━━━━━━━━━━━ 103.1/103.1 kB 234.7 MB/s eta 0:00:00
Downloading pytz-2023.3.post1-py2.py3-none-any.whl (502 kB)
   ━━━━━━━━━━━━━━━━━━━━━━━━━━━━━━━━━━━━━━━ 502.5/502.5 kB 261.5 MB/s eta 0:00:00
Downloading threadpoolctl-3.2.0-py3-none-any.whl (15 kB)
Downloading tzdata-2023.4-py2.py3-none-any.whl (346 kB)
   ━━━━━━━━━━━━━━━━━━━━━━━━━━━━━━━━━━━━━━━ 346.6/346.6 kB 254.8 MB/s eta 0:00:00
Downloading array_api_compat-1.4-py3-none-any.whl (29 kB)
Downloading exceptiongroup-1.2.0-py3-none-any.whl (16 kB)
Downloading stdlib_list-0.10.0-py3-none-any.whl (79 kB)
   ━━━━━━━━━━━━━━━━━━━━━━━━━━━━━━━━━━━━━━━━ 79.8/79.8 kB 224.7 MB/s eta 0:00:00
Building wheels for collected packages: umap-learn, session-info
  Building wheel for umap-learn (pyproject.toml): started
  Building wheel for umap-learn (pyproject.toml): finished with status 'done'
  Created wheel for umap-learn: filename=umap_learn-0.5.5-py3-none-any.whl size=86832 sha256=e4395a2947ec03ca2fa60aed4bf6bbfd85996489eb97d9679131710059c98838
  Stored in directory: /tmp/slurm_63516632/pip-ephem-wheel-cache-zrzx1h8g/wheels/3a/70/07/428d2b58660a1a3b431db59b806a10da736612ebbc66c1bcc5
  Building wheel for session-info (pyproject.toml): started
  Building wheel for session-info (pyproject.toml): finished with status 'done'
  Created wheel for session-info: filename=session_info-1.0.0-py3-none-any.whl size=8023 sha256=1bcc5128747ba13ec844a388e1ce7cbcb48e302912201f7059927eb5f88088bd
  Stored in directory: /tmp/slurm_63516632/pip-ephem-wheel-cache-zrzx1h8g/wheels/6a/aa/b9/eb5d4031476ec10802795b97ccf937b9bd998d68a9b268765a
Successfully built umap-learn session-info
Installing collected packages: pytz, tzdata, tqdm, threadpoolctl, stdlib-list, six, pyparsing, pillow, packaging, numpy, networkx, natsort, llvmlite, kiwisolver, joblib, fonttools, exceptiongroup, cycler, array-api-compat, session-info, scipy, python-dateutil, patsy, numba, h5py, contourpy, scikit-learn, pandas, matplotlib, statsmodels, seaborn, pynndescent, anndata, umap-learn, scanpy
Successfully installed anndata-0.10.4 array-api-compat-1.4 contourpy-1.2.0 cycler-0.12.1 exceptiongroup-1.2.0 fonttools-4.47.2 h5py-3.10.0 joblib-1.3.2 kiwisolver-1.4.5 llvmlite-0.41.1 matplotlib-3.8.2 natsort-8.4.0 networkx-3.2.1 numba-0.58.1 numpy-1.26.3 packaging-23.2 pandas-2.1.4 patsy-0.5.6 pillow-10.2.0 pynndescent-0.5.11 pyparsing-3.1.1 python-dateutil-2.8.2 pytz-2023.3.post1 scanpy-1.9.6 scikit-learn-1.3.2 scipy-1.11.4 seaborn-0.13.1 session-info-1.0.0 six-1.16.0 statsmodels-0.14.1 stdlib-list-0.10.0 threadpoolctl-3.2.0 tqdm-4.66.1 tzdata-2023.4 umap-learn-0.5.5
Collecting scvelo==0.2.*
  Downloading scvelo-0.2.5-py3-none-any.whl (219 kB)
     ━━━━━━━━━━━━━━━━━━━━━━━━━━━━━━━━━━━━━━ 220.0/220.0 kB 22.4 MB/s eta 0:00:00
Collecting typing-extensions (from scvelo==0.2.*)
  Downloading typing_extensions-4.9.0-py3-none-any.whl.metadata (3.0 kB)
Requirement already satisfied: anndata>=0.7.5 in /nemo/lab/briscoej/home/users/maizelr/envs_for_svm23/velovi_env/lib/python3.10/site-packages (from scvelo==0.2.*) (0.10.4)
Requirement already satisfied: scanpy>=1.5 in /nemo/lab/briscoej/home/users/maizelr/envs_for_svm23/velovi_env/lib/python3.10/site-packages (from scvelo==0.2.*) (1.9.6)
Collecting loompy>=2.0.12 (from scvelo==0.2.*)
  Downloading loompy-3.0.7.tar.gz (4.8 MB)
     ━━━━━━━━━━━━━━━━━━━━━━━━━━━━━━━━━━━━━━━━ 4.8/4.8 MB 212.7 MB/s eta 0:00:00
  Installing build dependencies: started
  Installing build dependencies: finished with status 'done'
  Getting requirements to build wheel: started
  Getting requirements to build wheel: finished with status 'done'
  Preparing metadata (pyproject.toml): started
  Preparing metadata (pyproject.toml): finished with status 'done'
Requirement already satisfied: umap-learn>=0.3.10 in /nemo/lab/briscoej/home/users/maizelr/envs_for_svm23/velovi_env/lib/python3.10/site-packages (from scvelo==0.2.*) (0.5.5)
Requirement already satisfied: numba>=0.41.0 in /nemo/lab/briscoej/home/users/maizelr/envs_for_svm23/velovi_env/lib/python3.10/site-packages (from scvelo==0.2.*) (0.58.1)
Requirement already satisfied: numpy>=1.17 in /nemo/lab/briscoej/home/users/maizelr/envs_for_svm23/velovi_env/lib/python3.10/site-packages (from scvelo==0.2.*) (1.26.3)
Requirement already satisfied: scipy>=1.4.1 in /nemo/lab/briscoej/home/users/maizelr/envs_for_svm23/velovi_env/lib/python3.10/site-packages (from scvelo==0.2.*) (1.11.4)
Requirement already satisfied: pandas!=1.4.0,>=0.23 in /nemo/lab/briscoej/home/users/maizelr/envs_for_svm23/velovi_env/lib/python3.10/site-packages (from scvelo==0.2.*) (2.1.4)
Requirement already satisfied: scikit-learn>=0.21.2 in /nemo/lab/briscoej/home/users/maizelr/envs_for_svm23/velovi_env/lib/python3.10/site-packages (from scvelo==0.2.*) (1.3.2)
Requirement already satisfied: matplotlib>=3.3.0 in /nemo/lab/briscoej/home/users/maizelr/envs_for_svm23/velovi_env/lib/python3.10/site-packages (from scvelo==0.2.*) (3.8.2)
Requirement already satisfied: array-api-compat in /nemo/lab/briscoej/home/users/maizelr/envs_for_svm23/velovi_env/lib/python3.10/site-packages (from anndata>=0.7.5->scvelo==0.2.*) (1.4)
Requirement already satisfied: exceptiongroup in /nemo/lab/briscoej/home/users/maizelr/envs_for_svm23/velovi_env/lib/python3.10/site-packages (from anndata>=0.7.5->scvelo==0.2.*) (1.2.0)
Requirement already satisfied: h5py>=3 in /nemo/lab/briscoej/home/users/maizelr/envs_for_svm23/velovi_env/lib/python3.10/site-packages (from anndata>=0.7.5->scvelo==0.2.*) (3.10.0)
Requirement already satisfied: natsort in /nemo/lab/briscoej/home/users/maizelr/envs_for_svm23/velovi_env/lib/python3.10/site-packages (from anndata>=0.7.5->scvelo==0.2.*) (8.4.0)
Requirement already satisfied: packaging>=20 in /nemo/lab/briscoej/home/users/maizelr/envs_for_svm23/velovi_env/lib/python3.10/site-packages (from anndata>=0.7.5->scvelo==0.2.*) (23.2)
Requirement already satisfied: setuptools in /nemo/lab/briscoej/home/users/maizelr/envs_for_svm23/velovi_env/lib/python3.10/site-packages (from loompy>=2.0.12->scvelo==0.2.*) (63.2.0)
Collecting click (from loompy>=2.0.12->scvelo==0.2.*)
  Downloading click-8.1.7-py3-none-any.whl.metadata (3.0 kB)
Collecting numpy-groupies (from loompy>=2.0.12->scvelo==0.2.*)
  Downloading numpy_groupies-0.10.2-py3-none-any.whl.metadata (18 kB)
Requirement already satisfied: contourpy>=1.0.1 in /nemo/lab/briscoej/home/users/maizelr/envs_for_svm23/velovi_env/lib/python3.10/site-packages (from matplotlib>=3.3.0->scvelo==0.2.*) (1.2.0)
Requirement already satisfied: cycler>=0.10 in /nemo/lab/briscoej/home/users/maizelr/envs_for_svm23/velovi_env/lib/python3.10/site-packages (from matplotlib>=3.3.0->scvelo==0.2.*) (0.12.1)
Requirement already satisfied: fonttools>=4.22.0 in /nemo/lab/briscoej/home/users/maizelr/envs_for_svm23/velovi_env/lib/python3.10/site-packages (from matplotlib>=3.3.0->scvelo==0.2.*) (4.47.2)
Requirement already satisfied: kiwisolver>=1.3.1 in /nemo/lab/briscoej/home/users/maizelr/envs_for_svm23/velovi_env/lib/python3.10/site-packages (from matplotlib>=3.3.0->scvelo==0.2.*) (1.4.5)
Requirement already satisfied: pillow>=8 in /nemo/lab/briscoej/home/users/maizelr/envs_for_svm23/velovi_env/lib/python3.10/site-packages (from matplotlib>=3.3.0->scvelo==0.2.*) (10.2.0)
Requirement already satisfied: pyparsing>=2.3.1 in /nemo/lab/briscoej/home/users/maizelr/envs_for_svm23/velovi_env/lib/python3.10/site-packages (from matplotlib>=3.3.0->scvelo==0.2.*) (3.1.1)
Requirement already satisfied: python-dateutil>=2.7 in /nemo/lab/briscoej/home/users/maizelr/envs_for_svm23/velovi_env/lib/python3.10/site-packages (from matplotlib>=3.3.0->scvelo==0.2.*) (2.8.2)
Requirement already satisfied: llvmlite<0.42,>=0.41.0dev0 in /nemo/lab/briscoej/home/users/maizelr/envs_for_svm23/velovi_env/lib/python3.10/site-packages (from numba>=0.41.0->scvelo==0.2.*) (0.41.1)
Requirement already satisfied: pytz>=2020.1 in /nemo/lab/briscoej/home/users/maizelr/envs_for_svm23/velovi_env/lib/python3.10/site-packages (from pandas!=1.4.0,>=0.23->scvelo==0.2.*) (2023.3.post1)
Requirement already satisfied: tzdata>=2022.1 in /nemo/lab/briscoej/home/users/maizelr/envs_for_svm23/velovi_env/lib/python3.10/site-packages (from pandas!=1.4.0,>=0.23->scvelo==0.2.*) (2023.4)
Requirement already satisfied: joblib in /nemo/lab/briscoej/home/users/maizelr/envs_for_svm23/velovi_env/lib/python3.10/site-packages (from scanpy>=1.5->scvelo==0.2.*) (1.3.2)
Requirement already satisfied: networkx>=2.3 in /nemo/lab/briscoej/home/users/maizelr/envs_for_svm23/velovi_env/lib/python3.10/site-packages (from scanpy>=1.5->scvelo==0.2.*) (3.2.1)
Requirement already satisfied: patsy in /nemo/lab/briscoej/home/users/maizelr/envs_for_svm23/velovi_env/lib/python3.10/site-packages (from scanpy>=1.5->scvelo==0.2.*) (0.5.6)
Requirement already satisfied: seaborn!=0.13.0 in /nemo/lab/briscoej/home/users/maizelr/envs_for_svm23/velovi_env/lib/python3.10/site-packages (from scanpy>=1.5->scvelo==0.2.*) (0.13.1)
Requirement already satisfied: session-info in /nemo/lab/briscoej/home/users/maizelr/envs_for_svm23/velovi_env/lib/python3.10/site-packages (from scanpy>=1.5->scvelo==0.2.*) (1.0.0)
Requirement already satisfied: statsmodels>=0.10.0rc2 in /nemo/lab/briscoej/home/users/maizelr/envs_for_svm23/velovi_env/lib/python3.10/site-packages (from scanpy>=1.5->scvelo==0.2.*) (0.14.1)
Requirement already satisfied: tqdm in /nemo/lab/briscoej/home/users/maizelr/envs_for_svm23/velovi_env/lib/python3.10/site-packages (from scanpy>=1.5->scvelo==0.2.*) (4.66.1)
Requirement already satisfied: threadpoolctl>=2.0.0 in /nemo/lab/briscoej/home/users/maizelr/envs_for_svm23/velovi_env/lib/python3.10/site-packages (from scikit-learn>=0.21.2->scvelo==0.2.*) (3.2.0)
Requirement already satisfied: pynndescent>=0.5 in /nemo/lab/briscoej/home/users/maizelr/envs_for_svm23/velovi_env/lib/python3.10/site-packages (from umap-learn>=0.3.10->scvelo==0.2.*) (0.5.11)
Requirement already satisfied: six>=1.5 in /nemo/lab/briscoej/home/users/maizelr/envs_for_svm23/velovi_env/lib/python3.10/site-packages (from python-dateutil>=2.7->matplotlib>=3.3.0->scvelo==0.2.*) (1.16.0)
Requirement already satisfied: stdlib-list in /nemo/lab/briscoej/home/users/maizelr/envs_for_svm23/velovi_env/lib/python3.10/site-packages (from session-info->scanpy>=1.5->scvelo==0.2.*) (0.10.0)
Downloading typing_extensions-4.9.0-py3-none-any.whl (32 kB)
Downloading click-8.1.7-py3-none-any.whl (97 kB)
   ━━━━━━━━━━━━━━━━━━━━━━━━━━━━━━━━━━━━━━━━ 97.9/97.9 kB 173.8 MB/s eta 0:00:00
Downloading numpy_groupies-0.10.2-py3-none-any.whl (39 kB)
Building wheels for collected packages: loompy
  Building wheel for loompy (pyproject.toml): started
  Building wheel for loompy (pyproject.toml): finished with status 'done'
  Created wheel for loompy: filename=loompy-3.0.7-py3-none-any.whl size=52018 sha256=a58d42327d4897d15df2bf167b9b507f22dee8feaffa9e711e49c4d8b67540f1
  Stored in directory: /tmp/slurm_63516632/pip-ephem-wheel-cache-4o_pb03d/wheels/2c/22/1f/792a4621bb631e538bf1c21feae9bbaa6b19fd6d6ab382d1fd
Successfully built loompy
Installing collected packages: typing-extensions, numpy-groupies, click, loompy, scvelo
Successfully installed click-8.1.7 loompy-3.0.7 numpy-groupies-0.10.2 scvelo-0.2.5 typing-extensions-4.9.0
Collecting anndata==0.8.0
  Downloading anndata-0.8.0-py3-none-any.whl (96 kB)
     ━━━━━━━━━━━━━━━━━━━━━━━━━━━━━━━━━━━━━━━━ 96.1/96.1 kB 36.5 MB/s eta 0:00:00
Requirement already satisfied: pandas>=1.1.1 in /nemo/lab/briscoej/home/users/maizelr/envs_for_svm23/velovi_env/lib/python3.10/site-packages (from anndata==0.8.0) (2.1.4)
Requirement already satisfied: numpy>=1.16.5 in /nemo/lab/briscoej/home/users/maizelr/envs_for_svm23/velovi_env/lib/python3.10/site-packages (from anndata==0.8.0) (1.26.3)
Requirement already satisfied: scipy>1.4 in /nemo/lab/briscoej/home/users/maizelr/envs_for_svm23/velovi_env/lib/python3.10/site-packages (from anndata==0.8.0) (1.11.4)
Requirement already satisfied: h5py>=3 in /nemo/lab/briscoej/home/users/maizelr/envs_for_svm23/velovi_env/lib/python3.10/site-packages (from anndata==0.8.0) (3.10.0)
Requirement already satisfied: natsort in /nemo/lab/briscoej/home/users/maizelr/envs_for_svm23/velovi_env/lib/python3.10/site-packages (from anndata==0.8.0) (8.4.0)
Requirement already satisfied: packaging>=20 in /nemo/lab/briscoej/home/users/maizelr/envs_for_svm23/velovi_env/lib/python3.10/site-packages (from anndata==0.8.0) (23.2)
Requirement already satisfied: python-dateutil>=2.8.2 in /nemo/lab/briscoej/home/users/maizelr/envs_for_svm23/velovi_env/lib/python3.10/site-packages (from pandas>=1.1.1->anndata==0.8.0) (2.8.2)
Requirement already satisfied: pytz>=2020.1 in /nemo/lab/briscoej/home/users/maizelr/envs_for_svm23/velovi_env/lib/python3.10/site-packages (from pandas>=1.1.1->anndata==0.8.0) (2023.3.post1)
Requirement already satisfied: tzdata>=2022.1 in /nemo/lab/briscoej/home/users/maizelr/envs_for_svm23/velovi_env/lib/python3.10/site-packages (from pandas>=1.1.1->anndata==0.8.0) (2023.4)
Requirement already satisfied: six>=1.5 in /nemo/lab/briscoej/home/users/maizelr/envs_for_svm23/velovi_env/lib/python3.10/site-packages (from python-dateutil>=2.8.2->pandas>=1.1.1->anndata==0.8.0) (1.16.0)
Installing collected packages: anndata
  Attempting uninstall: anndata
    Found existing installation: anndata 0.10.4
    Uninstalling anndata-0.10.4:
      Successfully uninstalled anndata-0.10.4
Successfully installed anndata-0.8.0
Collecting numpy==1.23.5
  Downloading numpy-1.23.5-cp310-cp310-manylinux_2_17_x86_64.manylinux2014_x86_64.whl (17.1 MB)
     ━━━━━━━━━━━━━━━━━━━━━━━━━━━━━━━━━━━━━━━ 17.1/17.1 MB 253.3 MB/s eta 0:00:00
Installing collected packages: numpy
  Attempting uninstall: numpy
    Found existing installation: numpy 1.26.3
    Uninstalling numpy-1.26.3:
      Successfully uninstalled numpy-1.26.3
Successfully installed numpy-1.23.5
Collecting matplotlib==3.5.2
  Downloading matplotlib-3.5.2-cp310-cp310-manylinux_2_17_x86_64.manylinux2014_x86_64.whl (11.9 MB)
     ━━━━━━━━━━━━━━━━━━━━━━━━━━━━━━━━━━━━━━━ 11.9/11.9 MB 211.4 MB/s eta 0:00:00
Requirement already satisfied: cycler>=0.10 in /nemo/lab/briscoej/home/users/maizelr/envs_for_svm23/velovi_env/lib/python3.10/site-packages (from matplotlib==3.5.2) (0.12.1)
Requirement already satisfied: fonttools>=4.22.0 in /nemo/lab/briscoej/home/users/maizelr/envs_for_svm23/velovi_env/lib/python3.10/site-packages (from matplotlib==3.5.2) (4.47.2)
Requirement already satisfied: kiwisolver>=1.0.1 in /nemo/lab/briscoej/home/users/maizelr/envs_for_svm23/velovi_env/lib/python3.10/site-packages (from matplotlib==3.5.2) (1.4.5)
Requirement already satisfied: numpy>=1.17 in /nemo/lab/briscoej/home/users/maizelr/envs_for_svm23/velovi_env/lib/python3.10/site-packages (from matplotlib==3.5.2) (1.23.5)
Requirement already satisfied: packaging>=20.0 in /nemo/lab/briscoej/home/users/maizelr/envs_for_svm23/velovi_env/lib/python3.10/site-packages (from matplotlib==3.5.2) (23.2)
Requirement already satisfied: pillow>=6.2.0 in /nemo/lab/briscoej/home/users/maizelr/envs_for_svm23/velovi_env/lib/python3.10/site-packages (from matplotlib==3.5.2) (10.2.0)
Requirement already satisfied: pyparsing>=2.2.1 in /nemo/lab/briscoej/home/users/maizelr/envs_for_svm23/velovi_env/lib/python3.10/site-packages (from matplotlib==3.5.2) (3.1.1)
Requirement already satisfied: python-dateutil>=2.7 in /nemo/lab/briscoej/home/users/maizelr/envs_for_svm23/velovi_env/lib/python3.10/site-packages (from matplotlib==3.5.2) (2.8.2)
Requirement already satisfied: six>=1.5 in /nemo/lab/briscoej/home/users/maizelr/envs_for_svm23/velovi_env/lib/python3.10/site-packages (from python-dateutil>=2.7->matplotlib==3.5.2) (1.16.0)
Installing collected packages: matplotlib
  Attempting uninstall: matplotlib
    Found existing installation: matplotlib 3.8.2
    Uninstalling matplotlib-3.8.2:
      Successfully uninstalled matplotlib-3.8.2
Successfully installed matplotlib-3.5.2
Collecting pandas==1.5.3
  Downloading pandas-1.5.3-cp310-cp310-manylinux_2_17_x86_64.manylinux2014_x86_64.whl (12.1 MB)
     ━━━━━━━━━━━━━━━━━━━━━━━━━━━━━━━━━━━━━━━ 12.1/12.1 MB 205.1 MB/s eta 0:00:00
Requirement already satisfied: python-dateutil>=2.8.1 in /nemo/lab/briscoej/home/users/maizelr/envs_for_svm23/velovi_env/lib/python3.10/site-packages (from pandas==1.5.3) (2.8.2)
Requirement already satisfied: pytz>=2020.1 in /nemo/lab/briscoej/home/users/maizelr/envs_for_svm23/velovi_env/lib/python3.10/site-packages (from pandas==1.5.3) (2023.3.post1)
Requirement already satisfied: numpy>=1.21.0 in /nemo/lab/briscoej/home/users/maizelr/envs_for_svm23/velovi_env/lib/python3.10/site-packages (from pandas==1.5.3) (1.23.5)
Requirement already satisfied: six>=1.5 in /nemo/lab/briscoej/home/users/maizelr/envs_for_svm23/velovi_env/lib/python3.10/site-packages (from python-dateutil>=2.8.1->pandas==1.5.3) (1.16.0)
Installing collected packages: pandas
  Attempting uninstall: pandas
    Found existing installation: pandas 2.1.4
    Uninstalling pandas-2.1.4:
      Successfully uninstalled pandas-2.1.4
Successfully installed pandas-1.5.3
Collecting scipy==1.8.*
  Downloading scipy-1.8.1-cp310-cp310-manylinux_2_17_x86_64.manylinux2014_x86_64.whl (42.2 MB)
     ━━━━━━━━━━━━━━━━━━━━━━━━━━━━━━━━━━━━━━━━ 42.2/42.2 MB 22.4 MB/s eta 0:00:00
Requirement already satisfied: numpy<1.25.0,>=1.17.3 in /nemo/lab/briscoej/home/users/maizelr/envs_for_svm23/velovi_env/lib/python3.10/site-packages (from scipy==1.8.*) (1.23.5)
Installing collected packages: scipy
  Attempting uninstall: scipy
    Found existing installation: scipy 1.11.4
    Uninstalling scipy-1.11.4:
      Successfully uninstalled scipy-1.11.4
Successfully installed scipy-1.8.1
Requirement already satisfied: scikit-learn==1.3.* in /nemo/lab/briscoej/home/users/maizelr/envs_for_svm23/velovi_env/lib/python3.10/site-packages (1.3.2)
Requirement already satisfied: numpy<2.0,>=1.17.3 in /nemo/lab/briscoej/home/users/maizelr/envs_for_svm23/velovi_env/lib/python3.10/site-packages (from scikit-learn==1.3.*) (1.23.5)
Requirement already satisfied: scipy>=1.5.0 in /nemo/lab/briscoej/home/users/maizelr/envs_for_svm23/velovi_env/lib/python3.10/site-packages (from scikit-learn==1.3.*) (1.8.1)
Requirement already satisfied: joblib>=1.1.1 in /nemo/lab/briscoej/home/users/maizelr/envs_for_svm23/velovi_env/lib/python3.10/site-packages (from scikit-learn==1.3.*) (1.3.2)
Requirement already satisfied: threadpoolctl>=2.0.0 in /nemo/lab/briscoej/home/users/maizelr/envs_for_svm23/velovi_env/lib/python3.10/site-packages (from scikit-learn==1.3.*) (3.2.0)
Collecting seaborn==0.12.*
  Downloading seaborn-0.12.2-py3-none-any.whl (293 kB)
     ━━━━━━━━━━━━━━━━━━━━━━━━━━━━━━━━━━━━━━ 293.3/293.3 kB 19.9 MB/s eta 0:00:00
Requirement already satisfied: numpy!=1.24.0,>=1.17 in /nemo/lab/briscoej/home/users/maizelr/envs_for_svm23/velovi_env/lib/python3.10/site-packages (from seaborn==0.12.*) (1.23.5)
Requirement already satisfied: pandas>=0.25 in /nemo/lab/briscoej/home/users/maizelr/envs_for_svm23/velovi_env/lib/python3.10/site-packages (from seaborn==0.12.*) (1.5.3)
Requirement already satisfied: matplotlib!=3.6.1,>=3.1 in /nemo/lab/briscoej/home/users/maizelr/envs_for_svm23/velovi_env/lib/python3.10/site-packages (from seaborn==0.12.*) (3.5.2)
Requirement already satisfied: cycler>=0.10 in /nemo/lab/briscoej/home/users/maizelr/envs_for_svm23/velovi_env/lib/python3.10/site-packages (from matplotlib!=3.6.1,>=3.1->seaborn==0.12.*) (0.12.1)
Requirement already satisfied: fonttools>=4.22.0 in /nemo/lab/briscoej/home/users/maizelr/envs_for_svm23/velovi_env/lib/python3.10/site-packages (from matplotlib!=3.6.1,>=3.1->seaborn==0.12.*) (4.47.2)
Requirement already satisfied: kiwisolver>=1.0.1 in /nemo/lab/briscoej/home/users/maizelr/envs_for_svm23/velovi_env/lib/python3.10/site-packages (from matplotlib!=3.6.1,>=3.1->seaborn==0.12.*) (1.4.5)
Requirement already satisfied: packaging>=20.0 in /nemo/lab/briscoej/home/users/maizelr/envs_for_svm23/velovi_env/lib/python3.10/site-packages (from matplotlib!=3.6.1,>=3.1->seaborn==0.12.*) (23.2)
Requirement already satisfied: pillow>=6.2.0 in /nemo/lab/briscoej/home/users/maizelr/envs_for_svm23/velovi_env/lib/python3.10/site-packages (from matplotlib!=3.6.1,>=3.1->seaborn==0.12.*) (10.2.0)
Requirement already satisfied: pyparsing>=2.2.1 in /nemo/lab/briscoej/home/users/maizelr/envs_for_svm23/velovi_env/lib/python3.10/site-packages (from matplotlib!=3.6.1,>=3.1->seaborn==0.12.*) (3.1.1)
Requirement already satisfied: python-dateutil>=2.7 in /nemo/lab/briscoej/home/users/maizelr/envs_for_svm23/velovi_env/lib/python3.10/site-packages (from matplotlib!=3.6.1,>=3.1->seaborn==0.12.*) (2.8.2)
Requirement already satisfied: pytz>=2020.1 in /nemo/lab/briscoej/home/users/maizelr/envs_for_svm23/velovi_env/lib/python3.10/site-packages (from pandas>=0.25->seaborn==0.12.*) (2023.3.post1)
Requirement already satisfied: six>=1.5 in /nemo/lab/briscoej/home/users/maizelr/envs_for_svm23/velovi_env/lib/python3.10/site-packages (from python-dateutil>=2.7->matplotlib!=3.6.1,>=3.1->seaborn==0.12.*) (1.16.0)
Installing collected packages: seaborn
  Attempting uninstall: seaborn
    Found existing installation: seaborn 0.13.1
    Uninstalling seaborn-0.13.1:
      Successfully uninstalled seaborn-0.13.1
Successfully installed seaborn-0.12.2
Requirement already satisfied: tqdm in /nemo/lab/briscoej/home/users/maizelr/envs_for_svm23/velovi_env/lib/python3.10/site-packages (4.66.1)
Collecting ipykernel
  Downloading ipykernel-6.28.0-py3-none-any.whl.metadata (6.0 kB)
Collecting comm>=0.1.1 (from ipykernel)
  Downloading comm-0.2.1-py3-none-any.whl.metadata (3.7 kB)
Collecting debugpy>=1.6.5 (from ipykernel)
  Downloading debugpy-1.8.0-cp310-cp310-manylinux_2_17_x86_64.manylinux2014_x86_64.whl.metadata (1.0 kB)
Collecting ipython>=7.23.1 (from ipykernel)
  Downloading ipython-8.20.0-py3-none-any.whl.metadata (5.9 kB)
Collecting jupyter-client>=6.1.12 (from ipykernel)
  Downloading jupyter_client-8.6.0-py3-none-any.whl.metadata (8.3 kB)
Collecting jupyter-core!=5.0.*,>=4.12 (from ipykernel)
  Downloading jupyter_core-5.7.1-py3-none-any.whl.metadata (3.4 kB)
Collecting matplotlib-inline>=0.1 (from ipykernel)
  Downloading matplotlib_inline-0.1.6-py3-none-any.whl (9.4 kB)
Collecting nest-asyncio (from ipykernel)
  Downloading nest_asyncio-1.5.8-py3-none-any.whl.metadata (2.8 kB)
Requirement already satisfied: packaging in /nemo/lab/briscoej/home/users/maizelr/envs_for_svm23/velovi_env/lib/python3.10/site-packages (from ipykernel) (23.2)
Collecting psutil (from ipykernel)
  Downloading psutil-5.9.7-cp36-abi3-manylinux_2_12_x86_64.manylinux2010_x86_64.manylinux_2_17_x86_64.manylinux2014_x86_64.whl.metadata (21 kB)
Collecting pyzmq>=24 (from ipykernel)
  Downloading pyzmq-25.1.2-cp310-cp310-manylinux_2_17_x86_64.manylinux2014_x86_64.whl.metadata (4.9 kB)
Collecting tornado>=6.1 (from ipykernel)
  Downloading tornado-6.4-cp38-abi3-manylinux_2_5_x86_64.manylinux1_x86_64.manylinux_2_17_x86_64.manylinux2014_x86_64.whl.metadata (2.5 kB)
Collecting traitlets>=5.4.0 (from ipykernel)
  Downloading traitlets-5.14.1-py3-none-any.whl.metadata (10 kB)
Collecting decorator (from ipython>=7.23.1->ipykernel)
  Downloading decorator-5.1.1-py3-none-any.whl (9.1 kB)
Collecting jedi>=0.16 (from ipython>=7.23.1->ipykernel)
  Downloading jedi-0.19.1-py2.py3-none-any.whl.metadata (22 kB)
Collecting prompt-toolkit<3.1.0,>=3.0.41 (from ipython>=7.23.1->ipykernel)
  Downloading prompt_toolkit-3.0.43-py3-none-any.whl.metadata (6.5 kB)
Collecting pygments>=2.4.0 (from ipython>=7.23.1->ipykernel)
  Downloading pygments-2.17.2-py3-none-any.whl.metadata (2.6 kB)
Collecting stack-data (from ipython>=7.23.1->ipykernel)
  Downloading stack_data-0.6.3-py3-none-any.whl.metadata (18 kB)
Requirement already satisfied: exceptiongroup in /nemo/lab/briscoej/home/users/maizelr/envs_for_svm23/velovi_env/lib/python3.10/site-packages (from ipython>=7.23.1->ipykernel) (1.2.0)
Collecting pexpect>4.3 (from ipython>=7.23.1->ipykernel)
  Downloading pexpect-4.9.0-py2.py3-none-any.whl.metadata (2.5 kB)
Requirement already satisfied: python-dateutil>=2.8.2 in /nemo/lab/briscoej/home/users/maizelr/envs_for_svm23/velovi_env/lib/python3.10/site-packages (from jupyter-client>=6.1.12->ipykernel) (2.8.2)
Collecting platformdirs>=2.5 (from jupyter-core!=5.0.*,>=4.12->ipykernel)
  Downloading platformdirs-4.1.0-py3-none-any.whl.metadata (11 kB)
Collecting parso<0.9.0,>=0.8.3 (from jedi>=0.16->ipython>=7.23.1->ipykernel)
  Downloading parso-0.8.3-py2.py3-none-any.whl (100 kB)
     ━━━━━━━━━━━━━━━━━━━━━━━━━━━━━━━━━━━━━━ 100.8/100.8 kB 68.6 MB/s eta 0:00:00
Collecting ptyprocess>=0.5 (from pexpect>4.3->ipython>=7.23.1->ipykernel)
  Downloading ptyprocess-0.7.0-py2.py3-none-any.whl (13 kB)
Collecting wcwidth (from prompt-toolkit<3.1.0,>=3.0.41->ipython>=7.23.1->ipykernel)
  Downloading wcwidth-0.2.13-py2.py3-none-any.whl.metadata (14 kB)
Requirement already satisfied: six>=1.5 in /nemo/lab/briscoej/home/users/maizelr/envs_for_svm23/velovi_env/lib/python3.10/site-packages (from python-dateutil>=2.8.2->jupyter-client>=6.1.12->ipykernel) (1.16.0)
Collecting executing>=1.2.0 (from stack-data->ipython>=7.23.1->ipykernel)
  Downloading executing-2.0.1-py2.py3-none-any.whl.metadata (9.0 kB)
Collecting asttokens>=2.1.0 (from stack-data->ipython>=7.23.1->ipykernel)
  Downloading asttokens-2.4.1-py2.py3-none-any.whl.metadata (5.2 kB)
Collecting pure-eval (from stack-data->ipython>=7.23.1->ipykernel)
  Downloading pure_eval-0.2.2-py3-none-any.whl (11 kB)
Downloading ipykernel-6.28.0-py3-none-any.whl (114 kB)
   ━━━━━━━━━━━━━━━━━━━━━━━━━━━━━━━━━━━━━━━ 114.1/114.1 kB 213.3 MB/s eta 0:00:00
Downloading comm-0.2.1-py3-none-any.whl (7.2 kB)
Downloading debugpy-1.8.0-cp310-cp310-manylinux_2_17_x86_64.manylinux2014_x86_64.whl (3.3 MB)
   ━━━━━━━━━━━━━━━━━━━━━━━━━━━━━━━━━━━━━━━━ 3.3/3.3 MB 128.7 MB/s eta 0:00:00
Downloading ipython-8.20.0-py3-none-any.whl (809 kB)
   ━━━━━━━━━━━━━━━━━━━━━━━━━━━━━━━━━━━━━━━ 809.2/809.2 kB 238.5 MB/s eta 0:00:00
Downloading jupyter_client-8.6.0-py3-none-any.whl (105 kB)
   ━━━━━━━━━━━━━━━━━━━━━━━━━━━━━━━━━━━━━━━ 105.9/105.9 kB 220.0 MB/s eta 0:00:00
Downloading jupyter_core-5.7.1-py3-none-any.whl (28 kB)
Downloading pyzmq-25.1.2-cp310-cp310-manylinux_2_17_x86_64.manylinux2014_x86_64.whl (1.1 MB)
   ━━━━━━━━━━━━━━━━━━━━━━━━━━━━━━━━━━━━━━━━ 1.1/1.1 MB 242.5 MB/s eta 0:00:00
Downloading tornado-6.4-cp38-abi3-manylinux_2_5_x86_64.manylinux1_x86_64.manylinux_2_17_x86_64.manylinux2014_x86_64.whl (435 kB)
   ━━━━━━━━━━━━━━━━━━━━━━━━━━━━━━━━━━━━━━━ 435.4/435.4 kB 233.6 MB/s eta 0:00:00
Downloading traitlets-5.14.1-py3-none-any.whl (85 kB)
   ━━━━━━━━━━━━━━━━━━━━━━━━━━━━━━━━━━━━━━━━ 85.4/85.4 kB 207.4 MB/s eta 0:00:00
Downloading nest_asyncio-1.5.8-py3-none-any.whl (5.3 kB)
Downloading psutil-5.9.7-cp36-abi3-manylinux_2_12_x86_64.manylinux2010_x86_64.manylinux_2_17_x86_64.manylinux2014_x86_64.whl (285 kB)
   ━━━━━━━━━━━━━━━━━━━━━━━━━━━━━━━━━━━━━━━ 285.5/285.5 kB 241.2 MB/s eta 0:00:00
Downloading jedi-0.19.1-py2.py3-none-any.whl (1.6 MB)
   ━━━━━━━━━━━━━━━━━━━━━━━━━━━━━━━━━━━━━━━━ 1.6/1.6 MB 96.9 MB/s eta 0:00:00
Downloading pexpect-4.9.0-py2.py3-none-any.whl (63 kB)
   ━━━━━━━━━━━━━━━━━━━━━━━━━━━━━━━━━━━━━━━━ 63.8/63.8 kB 201.4 MB/s eta 0:00:00
Downloading platformdirs-4.1.0-py3-none-any.whl (17 kB)
Downloading prompt_toolkit-3.0.43-py3-none-any.whl (386 kB)
   ━━━━━━━━━━━━━━━━━━━━━━━━━━━━━━━━━━━━━━━ 386.1/386.1 kB 238.1 MB/s eta 0:00:00
Downloading pygments-2.17.2-py3-none-any.whl (1.2 MB)
   ━━━━━━━━━━━━━━━━━━━━━━━━━━━━━━━━━━━━━━━━ 1.2/1.2 MB 250.6 MB/s eta 0:00:00
Downloading stack_data-0.6.3-py3-none-any.whl (24 kB)
Downloading asttokens-2.4.1-py2.py3-none-any.whl (27 kB)
Downloading executing-2.0.1-py2.py3-none-any.whl (24 kB)
Downloading wcwidth-0.2.13-py2.py3-none-any.whl (34 kB)
Installing collected packages: wcwidth, pure-eval, ptyprocess, traitlets, tornado, pyzmq, pygments, psutil, prompt-toolkit, platformdirs, pexpect, parso, nest-asyncio, executing, decorator, debugpy, asttokens, stack-data, matplotlib-inline, jupyter-core, jedi, comm, jupyter-client, ipython, ipykernel
Successfully installed asttokens-2.4.1 comm-0.2.1 debugpy-1.8.0 decorator-5.1.1 executing-2.0.1 ipykernel-6.28.0 ipython-8.20.0 jedi-0.19.1 jupyter-client-8.6.0 jupyter-core-5.7.1 matplotlib-inline-0.1.6 nest-asyncio-1.5.8 parso-0.8.3 pexpect-4.9.0 platformdirs-4.1.0 prompt-toolkit-3.0.43 psutil-5.9.7 ptyprocess-0.7.0 pure-eval-0.2.2 pygments-2.17.2 pyzmq-25.1.2 stack-data-0.6.3 tornado-6.4 traitlets-5.14.1 wcwidth-0.2.13
Collecting velovi
  Downloading velovi-0.3.0-py3-none-any.whl.metadata (4.4 kB)
Requirement already satisfied: anndata>=0.7.5 in /nemo/lab/briscoej/home/users/maizelr/envs_for_svm23/velovi_env/lib/python3.10/site-packages (from velovi) (0.8.0)
Collecting python-igraph (from velovi)
  Downloading python_igraph-0.11.3-py3-none-any.whl.metadata (2.8 kB)
Requirement already satisfied: scikit-learn>=0.21.2 in /nemo/lab/briscoej/home/users/maizelr/envs_for_svm23/velovi_env/lib/python3.10/site-packages (from velovi) (1.3.2)
Requirement already satisfied: scvelo>=0.2.5 in /nemo/lab/briscoej/home/users/maizelr/envs_for_svm23/velovi_env/lib/python3.10/site-packages (from velovi) (0.2.5)
Collecting scvi-tools>=1.0.0 (from velovi)
  Downloading scvi_tools-1.0.4-py3-none-any.whl.metadata (10 kB)
Collecting sphinx-autodoc-typehints (from velovi)
  Downloading sphinx_autodoc_typehints-1.25.2-py3-none-any.whl.metadata (7.8 kB)
Requirement already satisfied: pandas>=1.1.1 in /nemo/lab/briscoej/home/users/maizelr/envs_for_svm23/velovi_env/lib/python3.10/site-packages (from anndata>=0.7.5->velovi) (1.5.3)
Requirement already satisfied: numpy>=1.16.5 in /nemo/lab/briscoej/home/users/maizelr/envs_for_svm23/velovi_env/lib/python3.10/site-packages (from anndata>=0.7.5->velovi) (1.23.5)
Requirement already satisfied: scipy>1.4 in /nemo/lab/briscoej/home/users/maizelr/envs_for_svm23/velovi_env/lib/python3.10/site-packages (from anndata>=0.7.5->velovi) (1.8.1)
Requirement already satisfied: h5py>=3 in /nemo/lab/briscoej/home/users/maizelr/envs_for_svm23/velovi_env/lib/python3.10/site-packages (from anndata>=0.7.5->velovi) (3.10.0)
Requirement already satisfied: natsort in /nemo/lab/briscoej/home/users/maizelr/envs_for_svm23/velovi_env/lib/python3.10/site-packages (from anndata>=0.7.5->velovi) (8.4.0)
Requirement already satisfied: packaging>=20 in /nemo/lab/briscoej/home/users/maizelr/envs_for_svm23/velovi_env/lib/python3.10/site-packages (from anndata>=0.7.5->velovi) (23.2)
Requirement already satisfied: joblib>=1.1.1 in /nemo/lab/briscoej/home/users/maizelr/envs_for_svm23/velovi_env/lib/python3.10/site-packages (from scikit-learn>=0.21.2->velovi) (1.3.2)
Requirement already satisfied: threadpoolctl>=2.0.0 in /nemo/lab/briscoej/home/users/maizelr/envs_for_svm23/velovi_env/lib/python3.10/site-packages (from scikit-learn>=0.21.2->velovi) (3.2.0)
Requirement already satisfied: typing-extensions in /nemo/lab/briscoej/home/users/maizelr/envs_for_svm23/velovi_env/lib/python3.10/site-packages (from scvelo>=0.2.5->velovi) (4.9.0)
Requirement already satisfied: scanpy>=1.5 in /nemo/lab/briscoej/home/users/maizelr/envs_for_svm23/velovi_env/lib/python3.10/site-packages (from scvelo>=0.2.5->velovi) (1.9.6)
Requirement already satisfied: loompy>=2.0.12 in /nemo/lab/briscoej/home/users/maizelr/envs_for_svm23/velovi_env/lib/python3.10/site-packages (from scvelo>=0.2.5->velovi) (3.0.7)
Requirement already satisfied: umap-learn>=0.3.10 in /nemo/lab/briscoej/home/users/maizelr/envs_for_svm23/velovi_env/lib/python3.10/site-packages (from scvelo>=0.2.5->velovi) (0.5.5)
Requirement already satisfied: numba>=0.41.0 in /nemo/lab/briscoej/home/users/maizelr/envs_for_svm23/velovi_env/lib/python3.10/site-packages (from scvelo>=0.2.5->velovi) (0.58.1)
Requirement already satisfied: matplotlib>=3.3.0 in /nemo/lab/briscoej/home/users/maizelr/envs_for_svm23/velovi_env/lib/python3.10/site-packages (from scvelo>=0.2.5->velovi) (3.5.2)
Collecting chex<=0.1.8 (from scvi-tools>=1.0.0->velovi)
  Downloading chex-0.1.7-py3-none-any.whl (89 kB)
     ━━━━━━━━━━━━━━━━━━━━━━━━━━━━━━━━━━━━━━━ 89.6/89.6 kB 205.5 MB/s eta 0:00:00
Collecting docrep>=0.3.2 (from scvi-tools>=1.0.0->velovi)
  Downloading docrep-0.3.2.tar.gz (33 kB)
  Installing build dependencies: started
  Installing build dependencies: finished with status 'done'
  Getting requirements to build wheel: started
  Getting requirements to build wheel: finished with status 'done'
  Preparing metadata (pyproject.toml): started
  Preparing metadata (pyproject.toml): finished with status 'done'
Collecting flax (from scvi-tools>=1.0.0->velovi)
  Downloading flax-0.7.5-py3-none-any.whl.metadata (10 kB)
Collecting jax>=0.4.4 (from scvi-tools>=1.0.0->velovi)
  Downloading jax-0.4.23-py3-none-any.whl.metadata (24 kB)
Collecting jaxlib>=0.4.3 (from scvi-tools>=1.0.0->velovi)
  Downloading jaxlib-0.4.23-cp310-cp310-manylinux2014_x86_64.whl.metadata (2.1 kB)
Collecting lightning<2.1,>=2.0 (from scvi-tools>=1.0.0->velovi)
  Downloading lightning-2.0.9.post0-py3-none-any.whl.metadata (41 kB)
     ━━━━━━━━━━━━━━━━━━━━━━━━━━━━━━━━━━━━━━━ 41.2/41.2 kB 184.8 MB/s eta 0:00:00
Collecting ml-collections>=0.1.1 (from scvi-tools>=1.0.0->velovi)
  Downloading ml_collections-0.1.1.tar.gz (77 kB)
     ━━━━━━━━━━━━━━━━━━━━━━━━━━━━━━━━━━━━━━━ 77.9/77.9 kB 224.1 MB/s eta 0:00:00
  Installing build dependencies: started
  Installing build dependencies: finished with status 'done'
  Getting requirements to build wheel: started
  Getting requirements to build wheel: finished with status 'done'
  Preparing metadata (pyproject.toml): started
  Preparing metadata (pyproject.toml): finished with status 'done'
Collecting mudata>=0.1.2 (from scvi-tools>=1.0.0->velovi)
  Downloading mudata-0.2.3-py3-none-any.whl.metadata (4.7 kB)
Collecting numpyro>=0.12.1 (from scvi-tools>=1.0.0->velovi)
  Downloading numpyro-0.13.2-py3-none-any.whl.metadata (36 kB)
Collecting optax (from scvi-tools>=1.0.0->velovi)
  Downloading optax-0.1.7-py3-none-any.whl.metadata (13 kB)
Collecting pyro-ppl>=1.6.0 (from scvi-tools>=1.0.0->velovi)
  Downloading pyro_ppl-1.8.6-py3-none-any.whl.metadata (7.8 kB)
Collecting rich>=12.0.0 (from scvi-tools>=1.0.0->velovi)
  Downloading rich-13.7.0-py3-none-any.whl.metadata (18 kB)
Collecting sparse>=0.14.0 (from scvi-tools>=1.0.0->velovi)
  Downloading sparse-0.15.1-py2.py3-none-any.whl.metadata (4.5 kB)
Collecting torch>=1.8.0 (from scvi-tools>=1.0.0->velovi)
  Downloading torch-2.1.2-cp310-cp310-manylinux1_x86_64.whl.metadata (25 kB)
Collecting torchmetrics>=0.11.0 (from scvi-tools>=1.0.0->velovi)
  Downloading torchmetrics-1.3.0-py3-none-any.whl.metadata (21 kB)
Requirement already satisfied: tqdm>=4.56.0 in /nemo/lab/briscoej/home/users/maizelr/envs_for_svm23/velovi_env/lib/python3.10/site-packages (from scvi-tools>=1.0.0->velovi) (4.66.1)
Collecting xarray>=2023.2.0 (from scvi-tools>=1.0.0->velovi)
  Downloading xarray-2023.12.0-py3-none-any.whl.metadata (11 kB)
Collecting igraph==0.11.3 (from python-igraph->velovi)
  Downloading igraph-0.11.3-cp39-abi3-manylinux_2_17_x86_64.manylinux2014_x86_64.whl.metadata (3.9 kB)
Collecting texttable>=1.6.2 (from igraph==0.11.3->python-igraph->velovi)
  Downloading texttable-1.7.0-py2.py3-none-any.whl.metadata (9.8 kB)
Collecting sphinx>=7.1.2 (from sphinx-autodoc-typehints->velovi)
  Downloading sphinx-7.2.6-py3-none-any.whl.metadata (5.9 kB)
Collecting absl-py>=0.9.0 (from chex<=0.1.8->scvi-tools>=1.0.0->velovi)
  Downloading absl_py-2.0.0-py3-none-any.whl.metadata (2.3 kB)
Collecting dm-tree>=0.1.5 (from chex<=0.1.8->scvi-tools>=1.0.0->velovi)
  Downloading dm_tree-0.1.8-cp310-cp310-manylinux_2_17_x86_64.manylinux2014_x86_64.whl (152 kB)
     ━━━━━━━━━━━━━━━━━━━━━━━━━━━━━━━━━━━━━ 152.8/152.8 kB 236.1 MB/s eta 0:00:00
Collecting toolz>=0.9.0 (from chex<=0.1.8->scvi-tools>=1.0.0->velovi)
  Downloading toolz-0.12.0-py3-none-any.whl (55 kB)
     ━━━━━━━━━━━━━━━━━━━━━━━━━━━━━━━━━━━━━━━ 55.8/55.8 kB 195.3 MB/s eta 0:00:00
Requirement already satisfied: six in /nemo/lab/briscoej/home/users/maizelr/envs_for_svm23/velovi_env/lib/python3.10/site-packages (from docrep>=0.3.2->scvi-tools>=1.0.0->velovi) (1.16.0)
Collecting ml-dtypes>=0.2.0 (from jax>=0.4.4->scvi-tools>=1.0.0->velovi)
  Downloading ml_dtypes-0.3.2-cp310-cp310-manylinux_2_17_x86_64.manylinux2014_x86_64.whl.metadata (20 kB)
Collecting opt-einsum (from jax>=0.4.4->scvi-tools>=1.0.0->velovi)
  Downloading opt_einsum-3.3.0-py3-none-any.whl (65 kB)
     ━━━━━━━━━━━━━━━━━━━━━━━━━━━━━━━━━━━━━━━ 65.5/65.5 kB 206.4 MB/s eta 0:00:00
Collecting scipy>1.4 (from anndata>=0.7.5->velovi)
  Downloading scipy-1.11.4-cp310-cp310-manylinux_2_17_x86_64.manylinux2014_x86_64.whl.metadata (60 kB)
     ━━━━━━━━━━━━━━━━━━━━━━━━━━━━━━━━━━━━━━━ 60.4/60.4 kB 201.1 MB/s eta 0:00:00
Collecting Jinja2<5.0 (from lightning<2.1,>=2.0->scvi-tools>=1.0.0->velovi)
  Downloading Jinja2-3.1.3-py3-none-any.whl.metadata (3.3 kB)
Collecting PyYAML<8.0 (from lightning<2.1,>=2.0->scvi-tools>=1.0.0->velovi)
  Downloading PyYAML-6.0.1-cp310-cp310-manylinux_2_17_x86_64.manylinux2014_x86_64.whl.metadata (2.1 kB)
Collecting arrow<3.0,>=1.2.0 (from lightning<2.1,>=2.0->scvi-tools>=1.0.0->velovi)
  Downloading arrow-1.3.0-py3-none-any.whl.metadata (7.5 kB)
Collecting backoff<4.0,>=2.2.1 (from lightning<2.1,>=2.0->scvi-tools>=1.0.0->velovi)
  Downloading backoff-2.2.1-py3-none-any.whl (15 kB)
Collecting beautifulsoup4<6.0,>=4.8.0 (from lightning<2.1,>=2.0->scvi-tools>=1.0.0->velovi)
  Downloading beautifulsoup4-4.12.2-py3-none-any.whl (142 kB)
     ━━━━━━━━━━━━━━━━━━━━━━━━━━━━━━━━━━━━━ 143.0/143.0 kB 236.3 MB/s eta 0:00:00
Requirement already satisfied: click<10.0 in /nemo/lab/briscoej/home/users/maizelr/envs_for_svm23/velovi_env/lib/python3.10/site-packages (from lightning<2.1,>=2.0->scvi-tools>=1.0.0->velovi) (8.1.7)
Collecting croniter<1.5.0,>=1.3.0 (from lightning<2.1,>=2.0->scvi-tools>=1.0.0->velovi)
  Downloading croniter-1.4.1-py2.py3-none-any.whl.metadata (24 kB)
Collecting dateutils<2.0 (from lightning<2.1,>=2.0->scvi-tools>=1.0.0->velovi)
  Downloading dateutils-0.6.12-py2.py3-none-any.whl (5.7 kB)
Collecting deepdiff<8.0,>=5.7.0 (from lightning<2.1,>=2.0->scvi-tools>=1.0.0->velovi)
  Downloading deepdiff-6.7.1-py3-none-any.whl.metadata (6.1 kB)
Collecting fastapi<2.0,>=0.92.0 (from lightning<2.1,>=2.0->scvi-tools>=1.0.0->velovi)
  Downloading fastapi-0.109.0-py3-none-any.whl.metadata (24 kB)
Collecting fsspec<2025.0,>=2022.5.0 (from lightning<2.1,>=2.0->scvi-tools>=1.0.0->velovi)
  Downloading fsspec-2023.12.2-py3-none-any.whl.metadata (6.8 kB)
Collecting inquirer<5.0,>=2.10.0 (from lightning<2.1,>=2.0->scvi-tools>=1.0.0->velovi)
  Downloading inquirer-3.2.1-py3-none-any.whl.metadata (6.8 kB)
Collecting lightning-cloud>=0.5.38 (from lightning<2.1,>=2.0->scvi-tools>=1.0.0->velovi)
  Downloading lightning_cloud-0.5.58-py3-none-any.whl.metadata (933 bytes)
Collecting lightning-utilities<2.0,>=0.7.0 (from lightning<2.1,>=2.0->scvi-tools>=1.0.0->velovi)
  Downloading lightning_utilities-0.10.0-py3-none-any.whl.metadata (4.8 kB)
Requirement already satisfied: psutil<7.0 in /nemo/lab/briscoej/home/users/maizelr/envs_for_svm23/velovi_env/lib/python3.10/site-packages (from lightning<2.1,>=2.0->scvi-tools>=1.0.0->velovi) (5.9.7)
Collecting pydantic<2.2.0,>=1.7.4 (from lightning<2.1,>=2.0->scvi-tools>=1.0.0->velovi)
  Downloading pydantic-2.1.1-py3-none-any.whl.metadata (136 kB)
     ━━━━━━━━━━━━━━━━━━━━━━━━━━━━━━━━━━━━━ 136.5/136.5 kB 230.4 MB/s eta 0:00:00
Collecting python-multipart<2.0,>=0.0.5 (from lightning<2.1,>=2.0->scvi-tools>=1.0.0->velovi)
  Downloading python_multipart-0.0.6-py3-none-any.whl (45 kB)
     ━━━━━━━━━━━━━━━━━━━━━━━━━━━━━━━━━━━━━━━ 45.7/45.7 kB 178.2 MB/s eta 0:00:00
Collecting requests<4.0 (from lightning<2.1,>=2.0->scvi-tools>=1.0.0->velovi)
  Downloading requests-2.31.0-py3-none-any.whl.metadata (4.6 kB)
Collecting starlette (from lightning<2.1,>=2.0->scvi-tools>=1.0.0->velovi)
  Downloading starlette-0.35.1-py3-none-any.whl.metadata (5.8 kB)
Collecting starsessions<2.0,>=1.2.1 (from lightning<2.1,>=2.0->scvi-tools>=1.0.0->velovi)
  Downloading starsessions-1.3.0-py3-none-any.whl (10 kB)
Requirement already satisfied: traitlets<7.0,>=5.3.0 in /nemo/lab/briscoej/home/users/maizelr/envs_for_svm23/velovi_env/lib/python3.10/site-packages (from lightning<2.1,>=2.0->scvi-tools>=1.0.0->velovi) (5.14.1)
Collecting urllib3<4.0 (from lightning<2.1,>=2.0->scvi-tools>=1.0.0->velovi)
  Downloading urllib3-2.1.0-py3-none-any.whl.metadata (6.4 kB)
Collecting uvicorn<2.0 (from lightning<2.1,>=2.0->scvi-tools>=1.0.0->velovi)
  Downloading uvicorn-0.25.0-py3-none-any.whl.metadata (6.4 kB)
Collecting websocket-client<3.0 (from lightning<2.1,>=2.0->scvi-tools>=1.0.0->velovi)
  Downloading websocket_client-1.7.0-py3-none-any.whl.metadata (7.9 kB)
Collecting websockets<13.0 (from lightning<2.1,>=2.0->scvi-tools>=1.0.0->velovi)
  Downloading websockets-12.0-cp310-cp310-manylinux_2_5_x86_64.manylinux1_x86_64.manylinux_2_17_x86_64.manylinux2014_x86_64.whl.metadata (6.6 kB)
Collecting pytorch-lightning (from lightning<2.1,>=2.0->scvi-tools>=1.0.0->velovi)
  Downloading pytorch_lightning-2.1.3-py3-none-any.whl.metadata (21 kB)
Requirement already satisfied: setuptools in /nemo/lab/briscoej/home/users/maizelr/envs_for_svm23/velovi_env/lib/python3.10/site-packages (from loompy>=2.0.12->scvelo>=0.2.5->velovi) (63.2.0)
Requirement already satisfied: numpy-groupies in /nemo/lab/briscoej/home/users/maizelr/envs_for_svm23/velovi_env/lib/python3.10/site-packages (from loompy>=2.0.12->scvelo>=0.2.5->velovi) (0.10.2)
Requirement already satisfied: cycler>=0.10 in /nemo/lab/briscoej/home/users/maizelr/envs_for_svm23/velovi_env/lib/python3.10/site-packages (from matplotlib>=3.3.0->scvelo>=0.2.5->velovi) (0.12.1)
Requirement already satisfied: fonttools>=4.22.0 in /nemo/lab/briscoej/home/users/maizelr/envs_for_svm23/velovi_env/lib/python3.10/site-packages (from matplotlib>=3.3.0->scvelo>=0.2.5->velovi) (4.47.2)
Requirement already satisfied: kiwisolver>=1.0.1 in /nemo/lab/briscoej/home/users/maizelr/envs_for_svm23/velovi_env/lib/python3.10/site-packages (from matplotlib>=3.3.0->scvelo>=0.2.5->velovi) (1.4.5)
Requirement already satisfied: pillow>=6.2.0 in /nemo/lab/briscoej/home/users/maizelr/envs_for_svm23/velovi_env/lib/python3.10/site-packages (from matplotlib>=3.3.0->scvelo>=0.2.5->velovi) (10.2.0)
Requirement already satisfied: pyparsing>=2.2.1 in /nemo/lab/briscoej/home/users/maizelr/envs_for_svm23/velovi_env/lib/python3.10/site-packages (from matplotlib>=3.3.0->scvelo>=0.2.5->velovi) (3.1.1)
Requirement already satisfied: python-dateutil>=2.7 in /nemo/lab/briscoej/home/users/maizelr/envs_for_svm23/velovi_env/lib/python3.10/site-packages (from matplotlib>=3.3.0->scvelo>=0.2.5->velovi) (2.8.2)
Collecting contextlib2 (from ml-collections>=0.1.1->scvi-tools>=1.0.0->velovi)
  Downloading contextlib2-21.6.0-py2.py3-none-any.whl (13 kB)
Requirement already satisfied: llvmlite<0.42,>=0.41.0dev0 in /nemo/lab/briscoej/home/users/maizelr/envs_for_svm23/velovi_env/lib/python3.10/site-packages (from numba>=0.41.0->scvelo>=0.2.5->velovi) (0.41.1)
Collecting multipledispatch (from numpyro>=0.12.1->scvi-tools>=1.0.0->velovi)
  Downloading multipledispatch-1.0.0-py3-none-any.whl.metadata (3.8 kB)
Requirement already satisfied: pytz>=2020.1 in /nemo/lab/briscoej/home/users/maizelr/envs_for_svm23/velovi_env/lib/python3.10/site-packages (from pandas>=1.1.1->anndata>=0.7.5->velovi) (2023.3.post1)
Collecting pyro-api>=0.1.1 (from pyro-ppl>=1.6.0->scvi-tools>=1.0.0->velovi)
  Downloading pyro_api-0.1.2-py3-none-any.whl (11 kB)
Collecting markdown-it-py>=2.2.0 (from rich>=12.0.0->scvi-tools>=1.0.0->velovi)
  Downloading markdown_it_py-3.0.0-py3-none-any.whl.metadata (6.9 kB)
Requirement already satisfied: pygments<3.0.0,>=2.13.0 in /nemo/lab/briscoej/home/users/maizelr/envs_for_svm23/velovi_env/lib/python3.10/site-packages (from rich>=12.0.0->scvi-tools>=1.0.0->velovi) (2.17.2)
Requirement already satisfied: networkx>=2.3 in /nemo/lab/briscoej/home/users/maizelr/envs_for_svm23/velovi_env/lib/python3.10/site-packages (from scanpy>=1.5->scvelo>=0.2.5->velovi) (3.2.1)
Requirement already satisfied: patsy in /nemo/lab/briscoej/home/users/maizelr/envs_for_svm23/velovi_env/lib/python3.10/site-packages (from scanpy>=1.5->scvelo>=0.2.5->velovi) (0.5.6)
Requirement already satisfied: seaborn!=0.13.0 in /nemo/lab/briscoej/home/users/maizelr/envs_for_svm23/velovi_env/lib/python3.10/site-packages (from scanpy>=1.5->scvelo>=0.2.5->velovi) (0.12.2)
Requirement already satisfied: session-info in /nemo/lab/briscoej/home/users/maizelr/envs_for_svm23/velovi_env/lib/python3.10/site-packages (from scanpy>=1.5->scvelo>=0.2.5->velovi) (1.0.0)
Requirement already satisfied: statsmodels>=0.10.0rc2 in /nemo/lab/briscoej/home/users/maizelr/envs_for_svm23/velovi_env/lib/python3.10/site-packages (from scanpy>=1.5->scvelo>=0.2.5->velovi) (0.14.1)
Collecting sphinxcontrib-applehelp (from sphinx>=7.1.2->sphinx-autodoc-typehints->velovi)
  Downloading sphinxcontrib_applehelp-1.0.8-py3-none-any.whl.metadata (2.3 kB)
Collecting sphinxcontrib-devhelp (from sphinx>=7.1.2->sphinx-autodoc-typehints->velovi)
  Downloading sphinxcontrib_devhelp-1.0.6-py3-none-any.whl.metadata (2.3 kB)
Collecting sphinxcontrib-jsmath (from sphinx>=7.1.2->sphinx-autodoc-typehints->velovi)
  Downloading sphinxcontrib_jsmath-1.0.1-py2.py3-none-any.whl (5.1 kB)
Collecting sphinxcontrib-htmlhelp>=2.0.0 (from sphinx>=7.1.2->sphinx-autodoc-typehints->velovi)
  Downloading sphinxcontrib_htmlhelp-2.0.5-py3-none-any.whl.metadata (2.3 kB)
Collecting sphinxcontrib-serializinghtml>=1.1.9 (from sphinx>=7.1.2->sphinx-autodoc-typehints->velovi)
  Downloading sphinxcontrib_serializinghtml-1.1.10-py3-none-any.whl.metadata (2.4 kB)
Collecting sphinxcontrib-qthelp (from sphinx>=7.1.2->sphinx-autodoc-typehints->velovi)
  Downloading sphinxcontrib_qthelp-1.0.7-py3-none-any.whl.metadata (2.2 kB)
Collecting docutils<0.21,>=0.18.1 (from sphinx>=7.1.2->sphinx-autodoc-typehints->velovi)
  Downloading docutils-0.20.1-py3-none-any.whl.metadata (2.8 kB)
Collecting snowballstemmer>=2.0 (from sphinx>=7.1.2->sphinx-autodoc-typehints->velovi)
  Downloading snowballstemmer-2.2.0-py2.py3-none-any.whl (93 kB)
     ━━━━━━━━━━━━━━━━━━━━━━━━━━━━━━━━━━━━━━━ 93.0/93.0 kB 209.5 MB/s eta 0:00:00
Collecting babel>=2.9 (from sphinx>=7.1.2->sphinx-autodoc-typehints->velovi)
  Downloading Babel-2.14.0-py3-none-any.whl.metadata (1.6 kB)
Collecting alabaster<0.8,>=0.7 (from sphinx>=7.1.2->sphinx-autodoc-typehints->velovi)
  Downloading alabaster-0.7.16-py3-none-any.whl.metadata (2.9 kB)
Collecting imagesize>=1.3 (from sphinx>=7.1.2->sphinx-autodoc-typehints->velovi)
  Downloading imagesize-1.4.1-py2.py3-none-any.whl (8.8 kB)
Collecting filelock (from torch>=1.8.0->scvi-tools>=1.0.0->velovi)
  Downloading filelock-3.13.1-py3-none-any.whl.metadata (2.8 kB)
Collecting sympy (from torch>=1.8.0->scvi-tools>=1.0.0->velovi)
  Downloading sympy-1.12-py3-none-any.whl (5.7 MB)
     ━━━━━━━━━━━━━━━━━━━━━━━━━━━━━━━━━━━━━━━━ 5.7/5.7 MB 257.2 MB/s eta 0:00:00
Collecting nvidia-cuda-nvrtc-cu12==12.1.105 (from torch>=1.8.0->scvi-tools>=1.0.0->velovi)
  Downloading nvidia_cuda_nvrtc_cu12-12.1.105-py3-none-manylinux1_x86_64.whl (23.7 MB)
     ━━━━━━━━━━━━━━━━━━━━━━━━━━━━━━━━━━━━━━━ 23.7/23.7 MB 254.1 MB/s eta 0:00:00
Collecting nvidia-cuda-runtime-cu12==12.1.105 (from torch>=1.8.0->scvi-tools>=1.0.0->velovi)
  Downloading nvidia_cuda_runtime_cu12-12.1.105-py3-none-manylinux1_x86_64.whl (823 kB)
     ━━━━━━━━━━━━━━━━━━━━━━━━━━━━━━━━━━━━━ 823.6/823.6 kB 256.1 MB/s eta 0:00:00
Collecting nvidia-cuda-cupti-cu12==12.1.105 (from torch>=1.8.0->scvi-tools>=1.0.0->velovi)
  Downloading nvidia_cuda_cupti_cu12-12.1.105-py3-none-manylinux1_x86_64.whl (14.1 MB)
     ━━━━━━━━━━━━━━━━━━━━━━━━━━━━━━━━━━━━━━━ 14.1/14.1 MB 248.1 MB/s eta 0:00:00
Collecting nvidia-cudnn-cu12==8.9.2.26 (from torch>=1.8.0->scvi-tools>=1.0.0->velovi)
  Downloading nvidia_cudnn_cu12-8.9.2.26-py3-none-manylinux1_x86_64.whl.metadata (1.6 kB)
Collecting nvidia-cublas-cu12==12.1.3.1 (from torch>=1.8.0->scvi-tools>=1.0.0->velovi)
  Downloading nvidia_cublas_cu12-12.1.3.1-py3-none-manylinux1_x86_64.whl (410.6 MB)
     ━━━━━━━━━━━━━━━━━━━━━━━━━━━━━━━━━━━━━ 410.6/410.6 MB 247.7 MB/s eta 0:00:00
Collecting nvidia-cufft-cu12==11.0.2.54 (from torch>=1.8.0->scvi-tools>=1.0.0->velovi)
  Downloading nvidia_cufft_cu12-11.0.2.54-py3-none-manylinux1_x86_64.whl (121.6 MB)
     ━━━━━━━━━━━━━━━━━━━━━━━━━━━━━━━━━━━━━ 121.6/121.6 MB 257.3 MB/s eta 0:00:00
Collecting nvidia-curand-cu12==10.3.2.106 (from torch>=1.8.0->scvi-tools>=1.0.0->velovi)
  Downloading nvidia_curand_cu12-10.3.2.106-py3-none-manylinux1_x86_64.whl (56.5 MB)
     ━━━━━━━━━━━━━━━━━━━━━━━━━━━━━━━━━━━━━━━ 56.5/56.5 MB 253.3 MB/s eta 0:00:00
Collecting nvidia-cusolver-cu12==11.4.5.107 (from torch>=1.8.0->scvi-tools>=1.0.0->velovi)
  Downloading nvidia_cusolver_cu12-11.4.5.107-py3-none-manylinux1_x86_64.whl (124.2 MB)
     ━━━━━━━━━━━━━━━━━━━━━━━━━━━━━━━━━━━━━ 124.2/124.2 MB 267.5 MB/s eta 0:00:00
Collecting nvidia-cusparse-cu12==12.1.0.106 (from torch>=1.8.0->scvi-tools>=1.0.0->velovi)
  Downloading nvidia_cusparse_cu12-12.1.0.106-py3-none-manylinux1_x86_64.whl (196.0 MB)
     ━━━━━━━━━━━━━━━━━━━━━━━━━━━━━━━━━━━━━ 196.0/196.0 MB 264.4 MB/s eta 0:00:00
Collecting nvidia-nccl-cu12==2.18.1 (from torch>=1.8.0->scvi-tools>=1.0.0->velovi)
  Downloading nvidia_nccl_cu12-2.18.1-py3-none-manylinux1_x86_64.whl (209.8 MB)
     ━━━━━━━━━━━━━━━━━━━━━━━━━━━━━━━━━━━━━ 209.8/209.8 MB 272.8 MB/s eta 0:00:00
Collecting nvidia-nvtx-cu12==12.1.105 (from torch>=1.8.0->scvi-tools>=1.0.0->velovi)
  Downloading nvidia_nvtx_cu12-12.1.105-py3-none-manylinux1_x86_64.whl (99 kB)
     ━━━━━━━━━━━━━━━━━━━━━━━━━━━━━━━━━━━━━━━ 99.1/99.1 kB 226.7 MB/s eta 0:00:00
Collecting triton==2.1.0 (from torch>=1.8.0->scvi-tools>=1.0.0->velovi)
  Downloading triton-2.1.0-0-cp310-cp310-manylinux2014_x86_64.manylinux_2_17_x86_64.whl.metadata (1.3 kB)
Collecting nvidia-nvjitlink-cu12 (from nvidia-cusolver-cu12==11.4.5.107->torch>=1.8.0->scvi-tools>=1.0.0->velovi)
  Downloading nvidia_nvjitlink_cu12-12.3.101-py3-none-manylinux1_x86_64.whl.metadata (1.5 kB)
Requirement already satisfied: pynndescent>=0.5 in /nemo/lab/briscoej/home/users/maizelr/envs_for_svm23/velovi_env/lib/python3.10/site-packages (from umap-learn>=0.3.10->scvelo>=0.2.5->velovi) (0.5.11)
Collecting msgpack (from flax->scvi-tools>=1.0.0->velovi)
  Downloading msgpack-1.0.7-cp310-cp310-manylinux_2_17_x86_64.manylinux2014_x86_64.whl.metadata (9.1 kB)
Collecting orbax-checkpoint (from flax->scvi-tools>=1.0.0->velovi)
  Downloading orbax_checkpoint-0.4.8-py3-none-any.whl.metadata (1.7 kB)
Collecting tensorstore (from flax->scvi-tools>=1.0.0->velovi)
  Downloading tensorstore-0.1.52-cp310-cp310-manylinux_2_17_x86_64.manylinux2014_x86_64.whl.metadata (3.0 kB)
Collecting types-python-dateutil>=2.8.10 (from arrow<3.0,>=1.2.0->lightning<2.1,>=2.0->scvi-tools>=1.0.0->velovi)
  Downloading types_python_dateutil-2.8.19.20240106-py3-none-any.whl.metadata (1.8 kB)
Collecting soupsieve>1.2 (from beautifulsoup4<6.0,>=4.8.0->lightning<2.1,>=2.0->scvi-tools>=1.0.0->velovi)
  Downloading soupsieve-2.5-py3-none-any.whl.metadata (4.7 kB)
Collecting ordered-set<4.2.0,>=4.0.2 (from deepdiff<8.0,>=5.7.0->lightning<2.1,>=2.0->scvi-tools>=1.0.0->velovi)
  Downloading ordered_set-4.1.0-py3-none-any.whl (7.6 kB)
Collecting aiohttp!=4.0.0a0,!=4.0.0a1 (from fsspec[http]<2025.0,>2021.06.0->lightning<2.1,>=2.0->scvi-tools>=1.0.0->velovi)
  Downloading aiohttp-3.9.1-cp310-cp310-manylinux_2_17_x86_64.manylinux2014_x86_64.whl.metadata (7.4 kB)
Collecting blessed>=1.19.0 (from inquirer<5.0,>=2.10.0->lightning<2.1,>=2.0->scvi-tools>=1.0.0->velovi)
  Downloading blessed-1.20.0-py2.py3-none-any.whl (58 kB)
     ━━━━━━━━━━━━━━━━━━━━━━━━━━━━━━━━━━━━━━━ 58.4/58.4 kB 197.8 MB/s eta 0:00:00
Collecting editor>=1.6.0 (from inquirer<5.0,>=2.10.0->lightning<2.1,>=2.0->scvi-tools>=1.0.0->velovi)
  Downloading editor-1.6.5-py3-none-any.whl.metadata (2.3 kB)
Collecting readchar>=3.0.6 (from inquirer<5.0,>=2.10.0->lightning<2.1,>=2.0->scvi-tools>=1.0.0->velovi)
  Downloading readchar-4.0.5-py3-none-any.whl (8.5 kB)
Collecting MarkupSafe>=2.0 (from Jinja2<5.0->lightning<2.1,>=2.0->scvi-tools>=1.0.0->velovi)
  Downloading MarkupSafe-2.1.3-cp310-cp310-manylinux_2_17_x86_64.manylinux2014_x86_64.whl.metadata (3.0 kB)
Collecting pyjwt (from lightning-cloud>=0.5.38->lightning<2.1,>=2.0->scvi-tools>=1.0.0->velovi)
  Downloading PyJWT-2.8.0-py3-none-any.whl.metadata (4.2 kB)
Collecting boto3 (from lightning-cloud>=0.5.38->lightning<2.1,>=2.0->scvi-tools>=1.0.0->velovi)
  Downloading boto3-1.34.19-py3-none-any.whl.metadata (6.6 kB)
Collecting mdurl~=0.1 (from markdown-it-py>=2.2.0->rich>=12.0.0->scvi-tools>=1.0.0->velovi)
  Downloading mdurl-0.1.2-py3-none-any.whl (10.0 kB)
Collecting annotated-types>=0.4.0 (from pydantic<2.2.0,>=1.7.4->lightning<2.1,>=2.0->scvi-tools>=1.0.0->velovi)
  Downloading annotated_types-0.6.0-py3-none-any.whl.metadata (12 kB)
Collecting pydantic-core==2.4.0 (from pydantic<2.2.0,>=1.7.4->lightning<2.1,>=2.0->scvi-tools>=1.0.0->velovi)
  Downloading pydantic_core-2.4.0-cp310-cp310-manylinux_2_17_x86_64.manylinux2014_x86_64.whl.metadata (6.5 kB)
Collecting charset-normalizer<4,>=2 (from requests<4.0->lightning<2.1,>=2.0->scvi-tools>=1.0.0->velovi)
  Downloading charset_normalizer-3.3.2-cp310-cp310-manylinux_2_17_x86_64.manylinux2014_x86_64.whl.metadata (33 kB)
Collecting idna<4,>=2.5 (from requests<4.0->lightning<2.1,>=2.0->scvi-tools>=1.0.0->velovi)
  Downloading idna-3.6-py3-none-any.whl.metadata (9.9 kB)
Collecting certifi>=2017.4.17 (from requests<4.0->lightning<2.1,>=2.0->scvi-tools>=1.0.0->velovi)
  Downloading certifi-2023.11.17-py3-none-any.whl.metadata (2.2 kB)
Collecting anyio<5,>=3.4.0 (from starlette->lightning<2.1,>=2.0->scvi-tools>=1.0.0->velovi)
  Downloading anyio-4.2.0-py3-none-any.whl.metadata (4.6 kB)
Collecting itsdangerous<3.0.0,>=2.0.1 (from starsessions<2.0,>=1.2.1->lightning<2.1,>=2.0->scvi-tools>=1.0.0->velovi)
  Downloading itsdangerous-2.1.2-py3-none-any.whl (15 kB)
Collecting h11>=0.8 (from uvicorn<2.0->lightning<2.1,>=2.0->scvi-tools>=1.0.0->velovi)
  Downloading h11-0.14.0-py3-none-any.whl (58 kB)
     ━━━━━━━━━━━━━━━━━━━━━━━━━━━━━━━━━━━━━━━ 58.3/58.3 kB 205.1 MB/s eta 0:00:00
Collecting etils[epath,epy] (from orbax-checkpoint->flax->scvi-tools>=1.0.0->velovi)
  Downloading etils-1.6.0-py3-none-any.whl.metadata (6.4 kB)
Requirement already satisfied: nest_asyncio in /nemo/lab/briscoej/home/users/maizelr/envs_for_svm23/velovi_env/lib/python3.10/site-packages (from orbax-checkpoint->flax->scvi-tools>=1.0.0->velovi) (1.5.8)
Collecting protobuf (from orbax-checkpoint->flax->scvi-tools>=1.0.0->velovi)
  Downloading protobuf-4.25.2-cp37-abi3-manylinux2014_x86_64.whl.metadata (541 bytes)
Requirement already satisfied: stdlib-list in /nemo/lab/briscoej/home/users/maizelr/envs_for_svm23/velovi_env/lib/python3.10/site-packages (from session-info->scanpy>=1.5->scvelo>=0.2.5->velovi) (0.10.0)
Collecting mpmath>=0.19 (from sympy->torch>=1.8.0->scvi-tools>=1.0.0->velovi)
  Downloading mpmath-1.3.0-py3-none-any.whl (536 kB)
     ━━━━━━━━━━━━━━━━━━━━━━━━━━━━━━━━━━━━━ 536.2/536.2 kB 288.8 MB/s eta 0:00:00
Collecting attrs>=17.3.0 (from aiohttp!=4.0.0a0,!=4.0.0a1->fsspec[http]<2025.0,>2021.06.0->lightning<2.1,>=2.0->scvi-tools>=1.0.0->velovi)
  Downloading attrs-23.2.0-py3-none-any.whl.metadata (9.5 kB)
Collecting multidict<7.0,>=4.5 (from aiohttp!=4.0.0a0,!=4.0.0a1->fsspec[http]<2025.0,>2021.06.0->lightning<2.1,>=2.0->scvi-tools>=1.0.0->velovi)
  Downloading multidict-6.0.4-cp310-cp310-manylinux_2_17_x86_64.manylinux2014_x86_64.whl (114 kB)
     ━━━━━━━━━━━━━━━━━━━━━━━━━━━━━━━━━━━━━ 114.5/114.5 kB 253.2 MB/s eta 0:00:00
Collecting yarl<2.0,>=1.0 (from aiohttp!=4.0.0a0,!=4.0.0a1->fsspec[http]<2025.0,>2021.06.0->lightning<2.1,>=2.0->scvi-tools>=1.0.0->velovi)
  Downloading yarl-1.9.4-cp310-cp310-manylinux_2_17_x86_64.manylinux2014_x86_64.whl.metadata (31 kB)
Collecting frozenlist>=1.1.1 (from aiohttp!=4.0.0a0,!=4.0.0a1->fsspec[http]<2025.0,>2021.06.0->lightning<2.1,>=2.0->scvi-tools>=1.0.0->velovi)
  Downloading frozenlist-1.4.1-cp310-cp310-manylinux_2_5_x86_64.manylinux1_x86_64.manylinux_2_17_x86_64.manylinux2014_x86_64.whl.metadata (12 kB)
Collecting aiosignal>=1.1.2 (from aiohttp!=4.0.0a0,!=4.0.0a1->fsspec[http]<2025.0,>2021.06.0->lightning<2.1,>=2.0->scvi-tools>=1.0.0->velovi)
  Downloading aiosignal-1.3.1-py3-none-any.whl (7.6 kB)
Collecting async-timeout<5.0,>=4.0 (from aiohttp!=4.0.0a0,!=4.0.0a1->fsspec[http]<2025.0,>2021.06.0->lightning<2.1,>=2.0->scvi-tools>=1.0.0->velovi)
  Downloading async_timeout-4.0.3-py3-none-any.whl.metadata (4.2 kB)
Collecting sniffio>=1.1 (from anyio<5,>=3.4.0->starlette->lightning<2.1,>=2.0->scvi-tools>=1.0.0->velovi)
  Downloading sniffio-1.3.0-py3-none-any.whl (10 kB)
Requirement already satisfied: exceptiongroup>=1.0.2 in /nemo/lab/briscoej/home/users/maizelr/envs_for_svm23/velovi_env/lib/python3.10/site-packages (from anyio<5,>=3.4.0->starlette->lightning<2.1,>=2.0->scvi-tools>=1.0.0->velovi) (1.2.0)
Requirement already satisfied: wcwidth>=0.1.4 in /nemo/lab/briscoej/home/users/maizelr/envs_for_svm23/velovi_env/lib/python3.10/site-packages (from blessed>=1.19.0->inquirer<5.0,>=2.10.0->lightning<2.1,>=2.0->scvi-tools>=1.0.0->velovi) (0.2.13)
Collecting runs (from editor>=1.6.0->inquirer<5.0,>=2.10.0->lightning<2.1,>=2.0->scvi-tools>=1.0.0->velovi)
  Downloading runs-1.2.0-py3-none-any.whl.metadata (10 kB)
Collecting xmod (from editor>=1.6.0->inquirer<5.0,>=2.10.0->lightning<2.1,>=2.0->scvi-tools>=1.0.0->velovi)
  Downloading xmod-1.8.1-py3-none-any.whl.metadata (1.8 kB)
Collecting botocore<1.35.0,>=1.34.19 (from boto3->lightning-cloud>=0.5.38->lightning<2.1,>=2.0->scvi-tools>=1.0.0->velovi)
  Downloading botocore-1.34.19-py3-none-any.whl.metadata (5.6 kB)
Collecting jmespath<2.0.0,>=0.7.1 (from boto3->lightning-cloud>=0.5.38->lightning<2.1,>=2.0->scvi-tools>=1.0.0->velovi)
  Downloading jmespath-1.0.1-py3-none-any.whl (20 kB)
Collecting s3transfer<0.11.0,>=0.10.0 (from boto3->lightning-cloud>=0.5.38->lightning<2.1,>=2.0->scvi-tools>=1.0.0->velovi)
  Downloading s3transfer-0.10.0-py3-none-any.whl.metadata (1.7 kB)
Collecting importlib_resources (from etils[epath,epy]->orbax-checkpoint->flax->scvi-tools>=1.0.0->velovi)
  Downloading importlib_resources-6.1.1-py3-none-any.whl.metadata (4.1 kB)
Collecting zipp (from etils[epath,epy]->orbax-checkpoint->flax->scvi-tools>=1.0.0->velovi)
  Downloading zipp-3.17.0-py3-none-any.whl.metadata (3.7 kB)
Collecting urllib3<4.0 (from lightning<2.1,>=2.0->scvi-tools>=1.0.0->velovi)
  Downloading urllib3-2.0.7-py3-none-any.whl.metadata (6.6 kB)
Downloading velovi-0.3.0-py3-none-any.whl (18 kB)
Downloading scvi_tools-1.0.4-py3-none-any.whl (351 kB)
   ━━━━━━━━━━━━━━━━━━━━━━━━━━━━━━━━━━━━━━━ 351.5/351.5 kB 284.6 MB/s eta 0:00:00
Downloading python_igraph-0.11.3-py3-none-any.whl (9.1 kB)
Downloading igraph-0.11.3-cp39-abi3-manylinux_2_17_x86_64.manylinux2014_x86_64.whl (3.3 MB)
   ━━━━━━━━━━━━━━━━━━━━━━━━━━━━━━━━━━━━━━━━ 3.3/3.3 MB 278.3 MB/s eta 0:00:00
Downloading sphinx_autodoc_typehints-1.25.2-py3-none-any.whl (18 kB)
Downloading jax-0.4.23-py3-none-any.whl (1.7 MB)
   ━━━━━━━━━━━━━━━━━━━━━━━━━━━━━━━━━━━━━━━━ 1.7/1.7 MB 278.4 MB/s eta 0:00:00
Downloading jaxlib-0.4.23-cp310-cp310-manylinux2014_x86_64.whl (77.2 MB)
   ━━━━━━━━━━━━━━━━━━━━━━━━━━━━━━━━━━━━━━━━ 77.2/77.2 MB 219.1 MB/s eta 0:00:00
Downloading lightning-2.0.9.post0-py3-none-any.whl (1.9 MB)
   ━━━━━━━━━━━━━━━━━━━━━━━━━━━━━━━━━━━━━━━━ 1.9/1.9 MB 138.7 MB/s eta 0:00:00
Downloading mudata-0.2.3-py3-none-any.whl (24 kB)
Downloading numpyro-0.13.2-py3-none-any.whl (312 kB)
   ━━━━━━━━━━━━━━━━━━━━━━━━━━━━━━━━━━━━━━━ 312.7/312.7 kB 270.8 MB/s eta 0:00:00
Downloading pyro_ppl-1.8.6-py3-none-any.whl (732 kB)
   ━━━━━━━━━━━━━━━━━━━━━━━━━━━━━━━━━━━━━━━ 732.8/732.8 kB 292.9 MB/s eta 0:00:00
Downloading rich-13.7.0-py3-none-any.whl (240 kB)
   ━━━━━━━━━━━━━━━━━━━━━━━━━━━━━━━━━━━━━━━ 240.6/240.6 kB 271.5 MB/s eta 0:00:00
Downloading scipy-1.11.4-cp310-cp310-manylinux_2_17_x86_64.manylinux2014_x86_64.whl (36.4 MB)
   ━━━━━━━━━━━━━━━━━━━━━━━━━━━━━━━━━━━━━━━━ 36.4/36.4 MB 263.6 MB/s eta 0:00:00
Downloading sparse-0.15.1-py2.py3-none-any.whl (116 kB)
   ━━━━━━━━━━━━━━━━━━━━━━━━━━━━━━━━━━━━━━━ 116.3/116.3 kB 243.8 MB/s eta 0:00:00
Downloading sphinx-7.2.6-py3-none-any.whl (3.2 MB)
   ━━━━━━━━━━━━━━━━━━━━━━━━━━━━━━━━━━━━━━━━ 3.2/3.2 MB 272.1 MB/s eta 0:00:00
Downloading torch-2.1.2-cp310-cp310-manylinux1_x86_64.whl (670.2 MB)
   ━━━━━━━━━━━━━━━━━━━━━━━━━━━━━━━━━━━━━━━ 670.2/670.2 MB 275.3 MB/s eta 0:00:00
Downloading nvidia_cudnn_cu12-8.9.2.26-py3-none-manylinux1_x86_64.whl (731.7 MB)
   ━━━━━━━━━━━━━━━━━━━━━━━━━━━━━━━━━━━━━━━ 731.7/731.7 MB 276.3 MB/s eta 0:00:00
Downloading triton-2.1.0-0-cp310-cp310-manylinux2014_x86_64.manylinux_2_17_x86_64.whl (89.2 MB)
   ━━━━━━━━━━━━━━━━━━━━━━━━━━━━━━━━━━━━━━━━ 89.2/89.2 MB 270.1 MB/s eta 0:00:00
Downloading torchmetrics-1.3.0-py3-none-any.whl (840 kB)
   ━━━━━━━━━━━━━━━━━━━━━━━━━━━━━━━━━━━━━━━ 840.2/840.2 kB 267.4 MB/s eta 0:00:00
Downloading xarray-2023.12.0-py3-none-any.whl (1.1 MB)
   ━━━━━━━━━━━━━━━━━━━━━━━━━━━━━━━━━━━━━━━━ 1.1/1.1 MB 275.0 MB/s eta 0:00:00
Downloading flax-0.7.5-py3-none-any.whl (244 kB)
   ━━━━━━━━━━━━━━━━━━━━━━━━━━━━━━━━━━━━━━━ 244.4/244.4 kB 266.3 MB/s eta 0:00:00
Downloading optax-0.1.7-py3-none-any.whl (154 kB)
   ━━━━━━━━━━━━━━━━━━━━━━━━━━━━━━━━━━━━━━━ 154.1/154.1 kB 256.0 MB/s eta 0:00:00
Downloading absl_py-2.0.0-py3-none-any.whl (130 kB)
   ━━━━━━━━━━━━━━━━━━━━━━━━━━━━━━━━━━━━━━━ 130.2/130.2 kB 249.1 MB/s eta 0:00:00
Downloading alabaster-0.7.16-py3-none-any.whl (13 kB)
Downloading arrow-1.3.0-py3-none-any.whl (66 kB)
   ━━━━━━━━━━━━━━━━━━━━━━━━━━━━━━━━━━━━━━━━ 66.4/66.4 kB 201.1 MB/s eta 0:00:00
Downloading Babel-2.14.0-py3-none-any.whl (11.0 MB)
   ━━━━━━━━━━━━━━━━━━━━━━━━━━━━━━━━━━━━━━━━ 11.0/11.0 MB 153.3 MB/s eta 0:00:00
Downloading croniter-1.4.1-py2.py3-none-any.whl (19 kB)
Downloading deepdiff-6.7.1-py3-none-any.whl (76 kB)
   ━━━━━━━━━━━━━━━━━━━━━━━━━━━━━━━━━━━━━━━━ 76.6/76.6 kB 222.0 MB/s eta 0:00:00
Downloading docutils-0.20.1-py3-none-any.whl (572 kB)
   ━━━━━━━━━━━━━━━━━━━━━━━━━━━━━━━━━━━━━━━ 572.7/572.7 kB 276.5 MB/s eta 0:00:00
Downloading fastapi-0.109.0-py3-none-any.whl (92 kB)
   ━━━━━━━━━━━━━━━━━━━━━━━━━━━━━━━━━━━━━━━━ 92.0/92.0 kB 242.2 MB/s eta 0:00:00
Downloading fsspec-2023.12.2-py3-none-any.whl (168 kB)
   ━━━━━━━━━━━━━━━━━━━━━━━━━━━━━━━━━━━━━━━ 169.0/169.0 kB 255.7 MB/s eta 0:00:00
Downloading inquirer-3.2.1-py3-none-any.whl (18 kB)
Downloading Jinja2-3.1.3-py3-none-any.whl (133 kB)
   ━━━━━━━━━━━━━━━━━━━━━━━━━━━━━━━━━━━━━━━ 133.2/133.2 kB 242.8 MB/s eta 0:00:00
Downloading lightning_cloud-0.5.58-py3-none-any.whl (889 kB)
   ━━━━━━━━━━━━━━━━━━━━━━━━━━━━━━━━━━━━━━━ 889.1/889.1 kB 272.0 MB/s eta 0:00:00
Downloading lightning_utilities-0.10.0-py3-none-any.whl (24 kB)
Downloading markdown_it_py-3.0.0-py3-none-any.whl (87 kB)
   ━━━━━━━━━━━━━━━━━━━━━━━━━━━━━━━━━━━━━━━━ 87.5/87.5 kB 221.7 MB/s eta 0:00:00
Downloading ml_dtypes-0.3.2-cp310-cp310-manylinux_2_17_x86_64.manylinux2014_x86_64.whl (2.2 MB)
   ━━━━━━━━━━━━━━━━━━━━━━━━━━━━━━━━━━━━━━━━ 2.2/2.2 MB 259.7 MB/s eta 0:00:00
Downloading pydantic-2.1.1-py3-none-any.whl (370 kB)
   ━━━━━━━━━━━━━━━━━━━━━━━━━━━━━━━━━━━━━━━ 370.9/370.9 kB 263.6 MB/s eta 0:00:00
Downloading pydantic_core-2.4.0-cp310-cp310-manylinux_2_17_x86_64.manylinux2014_x86_64.whl (1.9 MB)
   ━━━━━━━━━━━━━━━━━━━━━━━━━━━━━━━━━━━━━━━━ 1.9/1.9 MB 277.5 MB/s eta 0:00:00
Downloading PyYAML-6.0.1-cp310-cp310-manylinux_2_17_x86_64.manylinux2014_x86_64.whl (705 kB)
   ━━━━━━━━━━━━━━━━━━━━━━━━━━━━━━━━━━━━━━━ 705.5/705.5 kB 273.7 MB/s eta 0:00:00
Downloading requests-2.31.0-py3-none-any.whl (62 kB)
   ━━━━━━━━━━━━━━━━━━━━━━━━━━━━━━━━━━━━━━━━ 62.6/62.6 kB 215.9 MB/s eta 0:00:00
Downloading sphinxcontrib_htmlhelp-2.0.5-py3-none-any.whl (99 kB)
   ━━━━━━━━━━━━━━━━━━━━━━━━━━━━━━━━━━━━━━━━ 99.2/99.2 kB 225.0 MB/s eta 0:00:00
Downloading sphinxcontrib_serializinghtml-1.1.10-py3-none-any.whl (92 kB)
   ━━━━━━━━━━━━━━━━━━━━━━━━━━━━━━━━━━━━━━━━ 92.7/92.7 kB 236.8 MB/s eta 0:00:00
Downloading starlette-0.35.1-py3-none-any.whl (71 kB)
   ━━━━━━━━━━━━━━━━━━━━━━━━━━━━━━━━━━━━━━━━ 71.1/71.1 kB 221.3 MB/s eta 0:00:00
Downloading texttable-1.7.0-py2.py3-none-any.whl (10 kB)
Downloading uvicorn-0.25.0-py3-none-any.whl (60 kB)
   ━━━━━━━━━━━━━━━━━━━━━━━━━━━━━━━━━━━━━━━━ 60.3/60.3 kB 226.4 MB/s eta 0:00:00
Downloading websocket_client-1.7.0-py3-none-any.whl (58 kB)
   ━━━━━━━━━━━━━━━━━━━━━━━━━━━━━━━━━━━━━━━━ 58.5/58.5 kB 211.5 MB/s eta 0:00:00
Downloading websockets-12.0-cp310-cp310-manylinux_2_5_x86_64.manylinux1_x86_64.manylinux_2_17_x86_64.manylinux2014_x86_64.whl (130 kB)
   ━━━━━━━━━━━━━━━━━━━━━━━━━━━━━━━━━━━━━━━ 130.2/130.2 kB 254.7 MB/s eta 0:00:00
Downloading filelock-3.13.1-py3-none-any.whl (11 kB)
Downloading msgpack-1.0.7-cp310-cp310-manylinux_2_17_x86_64.manylinux2014_x86_64.whl (530 kB)
   ━━━━━━━━━━━━━━━━━━━━━━━━━━━━━━━━━━━━━━━ 530.8/530.8 kB 276.6 MB/s eta 0:00:00
Downloading multipledispatch-1.0.0-py3-none-any.whl (12 kB)
Downloading orbax_checkpoint-0.4.8-py3-none-any.whl (131 kB)
   ━━━━━━━━━━━━━━━━━━━━━━━━━━━━━━━━━━━━━━━ 131.2/131.2 kB 245.9 MB/s eta 0:00:00
Downloading tensorstore-0.1.52-cp310-cp310-manylinux_2_17_x86_64.manylinux2014_x86_64.whl (14.1 MB)
   ━━━━━━━━━━━━━━━━━━━━━━━━━━━━━━━━━━━━━━━━ 14.1/14.1 MB 226.1 MB/s eta 0:00:00
Downloading pytorch_lightning-2.1.3-py3-none-any.whl (777 kB)
   ━━━━━━━━━━━━━━━━━━━━━━━━━━━━━━━━━━━━━━━ 777.7/777.7 kB 283.0 MB/s eta 0:00:00
Downloading sphinxcontrib_applehelp-1.0.8-py3-none-any.whl (120 kB)
   ━━━━━━━━━━━━━━━━━━━━━━━━━━━━━━━━━━━━━━━ 120.0/120.0 kB 252.2 MB/s eta 0:00:00
Downloading sphinxcontrib_devhelp-1.0.6-py3-none-any.whl (83 kB)
   ━━━━━━━━━━━━━━━━━━━━━━━━━━━━━━━━━━━━━━━━ 83.5/83.5 kB 231.3 MB/s eta 0:00:00
Downloading sphinxcontrib_qthelp-1.0.7-py3-none-any.whl (89 kB)
   ━━━━━━━━━━━━━━━━━━━━━━━━━━━━━━━━━━━━━━━━ 89.4/89.4 kB 243.2 MB/s eta 0:00:00
Downloading aiohttp-3.9.1-cp310-cp310-manylinux_2_17_x86_64.manylinux2014_x86_64.whl (1.2 MB)
   ━━━━━━━━━━━━━━━━━━━━━━━━━━━━━━━━━━━━━━━━ 1.2/1.2 MB 207.7 MB/s eta 0:00:00
Downloading annotated_types-0.6.0-py3-none-any.whl (12 kB)
Downloading anyio-4.2.0-py3-none-any.whl (85 kB)
   ━━━━━━━━━━━━━━━━━━━━━━━━━━━━━━━━━━━━━━━━ 85.5/85.5 kB 244.6 MB/s eta 0:00:00
Downloading certifi-2023.11.17-py3-none-any.whl (162 kB)
   ━━━━━━━━━━━━━━━━━━━━━━━━━━━━━━━━━━━━━━━ 162.5/162.5 kB 270.2 MB/s eta 0:00:00
Downloading charset_normalizer-3.3.2-cp310-cp310-manylinux_2_17_x86_64.manylinux2014_x86_64.whl (142 kB)
   ━━━━━━━━━━━━━━━━━━━━━━━━━━━━━━━━━━━━━━━ 142.1/142.1 kB 265.7 MB/s eta 0:00:00
Downloading editor-1.6.5-py3-none-any.whl (4.0 kB)
Downloading idna-3.6-py3-none-any.whl (61 kB)
   ━━━━━━━━━━━━━━━━━━━━━━━━━━━━━━━━━━━━━━━━ 61.6/61.6 kB 242.1 MB/s eta 0:00:00
Downloading MarkupSafe-2.1.3-cp310-cp310-manylinux_2_17_x86_64.manylinux2014_x86_64.whl (25 kB)
Downloading soupsieve-2.5-py3-none-any.whl (36 kB)
Downloading types_python_dateutil-2.8.19.20240106-py3-none-any.whl (9.7 kB)
Downloading boto3-1.34.19-py3-none-any.whl (139 kB)
   ━━━━━━━━━━━━━━━━━━━━━━━━━━━━━━━━━━━━━━━ 139.3/139.3 kB 269.2 MB/s eta 0:00:00
Downloading nvidia_nvjitlink_cu12-12.3.101-py3-none-manylinux1_x86_64.whl (20.5 MB)
   ━━━━━━━━━━━━━━━━━━━━━━━━━━━━━━━━━━━━━━━━ 20.5/20.5 MB 273.9 MB/s eta 0:00:00
Downloading protobuf-4.25.2-cp37-abi3-manylinux2014_x86_64.whl (294 kB)
   ━━━━━━━━━━━━━━━━━━━━━━━━━━━━━━━━━━━━━━━ 294.6/294.6 kB 273.4 MB/s eta 0:00:00
Downloading PyJWT-2.8.0-py3-none-any.whl (22 kB)
Downloading async_timeout-4.0.3-py3-none-any.whl (5.7 kB)
Downloading attrs-23.2.0-py3-none-any.whl (60 kB)
   ━━━━━━━━━━━━━━━━━━━━━━━━━━━━━━━━━━━━━━━━ 60.8/60.8 kB 244.9 MB/s eta 0:00:00
Downloading botocore-1.34.19-py3-none-any.whl (11.9 MB)
   ━━━━━━━━━━━━━━━━━━━━━━━━━━━━━━━━━━━━━━━━ 11.9/11.9 MB 276.6 MB/s eta 0:00:00
Downloading urllib3-2.0.7-py3-none-any.whl (124 kB)
   ━━━━━━━━━━━━━━━━━━━━━━━━━━━━━━━━━━━━━━━ 124.2/124.2 kB 266.6 MB/s eta 0:00:00
Downloading frozenlist-1.4.1-cp310-cp310-manylinux_2_5_x86_64.manylinux1_x86_64.manylinux_2_17_x86_64.manylinux2014_x86_64.whl (239 kB)
   ━━━━━━━━━━━━━━━━━━━━━━━━━━━━━━━━━━━━━━━ 239.5/239.5 kB 262.6 MB/s eta 0:00:00
Downloading s3transfer-0.10.0-py3-none-any.whl (82 kB)
   ━━━━━━━━━━━━━━━━━━━━━━━━━━━━━━━━━━━━━━━━ 82.1/82.1 kB 226.9 MB/s eta 0:00:00
Downloading yarl-1.9.4-cp310-cp310-manylinux_2_17_x86_64.manylinux2014_x86_64.whl (301 kB)
   ━━━━━━━━━━━━━━━━━━━━━━━━━━━━━━━━━━━━━━━ 301.6/301.6 kB 279.1 MB/s eta 0:00:00
Downloading etils-1.6.0-py3-none-any.whl (144 kB)
   ━━━━━━━━━━━━━━━━━━━━━━━━━━━━━━━━━━━━━━━ 144.9/144.9 kB 255.6 MB/s eta 0:00:00
Downloading importlib_resources-6.1.1-py3-none-any.whl (33 kB)
Downloading runs-1.2.0-py3-none-any.whl (6.9 kB)
Downloading xmod-1.8.1-py3-none-any.whl (4.6 kB)
Downloading zipp-3.17.0-py3-none-any.whl (7.4 kB)
Building wheels for collected packages: docrep, ml-collections
  Building wheel for docrep (pyproject.toml): started
  Building wheel for docrep (pyproject.toml): finished with status 'done'
  Created wheel for docrep: filename=docrep-0.3.2-py3-none-any.whl size=19878 sha256=4ae2d2f14cf88e8f379bc89f4e8d6b118f39dd14b374e9f3c2d64515d60a466f
  Stored in directory: /tmp/slurm_63516632/pip-ephem-wheel-cache-vr4h70up/wheels/c3/64/48/03c38d8d906159eaa210b3c548fdb590eb3e2a4a5745ae2172
  Building wheel for ml-collections (pyproject.toml): started
  Building wheel for ml-collections (pyproject.toml): finished with status 'done'
  Created wheel for ml-collections: filename=ml_collections-0.1.1-py3-none-any.whl size=94507 sha256=a14628aa7077089447b3cc0983223f4a45245998d87337d2b9cb28a42d5c99f4
  Stored in directory: /tmp/slurm_63516632/pip-ephem-wheel-cache-vr4h70up/wheels/7b/89/c9/a9b87790789e94aadcfc393c283e3ecd5ab916aed0a31be8fe
Successfully built docrep ml-collections
Installing collected packages: texttable, snowballstemmer, pyro-api, multipledispatch, mpmath, dm-tree, zipp, xmod, websockets, websocket-client, urllib3, types-python-dateutil, toolz, sympy, sphinxcontrib-serializinghtml, sphinxcontrib-qthelp, sphinxcontrib-jsmath, sphinxcontrib-htmlhelp, sphinxcontrib-devhelp, sphinxcontrib-applehelp, soupsieve, sniffio, scipy, readchar, PyYAML, python-multipart, pyjwt, pydantic-core, protobuf, ordered-set, opt-einsum, nvidia-nvtx-cu12, nvidia-nvjitlink-cu12, nvidia-nccl-cu12, nvidia-curand-cu12, nvidia-cufft-cu12, nvidia-cuda-runtime-cu12, nvidia-cuda-nvrtc-cu12, nvidia-cuda-cupti-cu12, nvidia-cublas-cu12, multidict, msgpack, ml-dtypes, mdurl, MarkupSafe, lightning-utilities, jmespath, itsdangerous, importlib_resources, imagesize, igraph, idna, h11, fsspec, frozenlist, filelock, etils, docutils, docrep, contextlib2, charset-normalizer, certifi, blessed, backoff, babel, attrs, async-timeout, annotated-types, alabaster, absl-py, yarl, uvicorn, triton, tensorstore, sparse, runs, requests, python-igraph, pydantic, nvidia-cusparse-cu12, nvidia-cudnn-cu12, ml-collections, markdown-it-py, Jinja2, jaxlib, jax, deepdiff, dateutils, croniter, botocore, beautifulsoup4, arrow, anyio, aiosignal, xarray, starlette, sphinx, s3transfer, rich, nvidia-cusolver-cu12, numpyro, editor, chex, aiohttp, torch, starsessions, sphinx-autodoc-typehints, orbax-checkpoint, optax, mudata, inquirer, fastapi, boto3, torchmetrics, pyro-ppl, lightning-cloud, flax, pytorch-lightning, lightning, scvi-tools, velovi
  Attempting uninstall: scipy
    Found existing installation: scipy 1.8.1
    Uninstalling scipy-1.8.1:
      Successfully uninstalled scipy-1.8.1
Successfully installed Jinja2-3.1.3 MarkupSafe-2.1.3 PyYAML-6.0.1 absl-py-2.0.0 aiohttp-3.9.1 aiosignal-1.3.1 alabaster-0.7.16 annotated-types-0.6.0 anyio-4.2.0 arrow-1.3.0 async-timeout-4.0.3 attrs-23.2.0 babel-2.14.0 backoff-2.2.1 beautifulsoup4-4.12.2 blessed-1.20.0 boto3-1.34.19 botocore-1.34.19 certifi-2023.11.17 charset-normalizer-3.3.2 chex-0.1.7 contextlib2-21.6.0 croniter-1.4.1 dateutils-0.6.12 deepdiff-6.7.1 dm-tree-0.1.8 docrep-0.3.2 docutils-0.20.1 editor-1.6.5 etils-1.6.0 fastapi-0.109.0 filelock-3.13.1 flax-0.7.5 frozenlist-1.4.1 fsspec-2023.12.2 h11-0.14.0 idna-3.6 igraph-0.11.3 imagesize-1.4.1 importlib_resources-6.1.1 inquirer-3.2.1 itsdangerous-2.1.2 jax-0.4.23 jaxlib-0.4.23 jmespath-1.0.1 lightning-2.0.9.post0 lightning-cloud-0.5.58 lightning-utilities-0.10.0 markdown-it-py-3.0.0 mdurl-0.1.2 ml-collections-0.1.1 ml-dtypes-0.3.2 mpmath-1.3.0 msgpack-1.0.7 mudata-0.2.3 multidict-6.0.4 multipledispatch-1.0.0 numpyro-0.13.2 nvidia-cublas-cu12-12.1.3.1 nvidia-cuda-cupti-cu12-12.1.105 nvidia-cuda-nvrtc-cu12-12.1.105 nvidia-cuda-runtime-cu12-12.1.105 nvidia-cudnn-cu12-8.9.2.26 nvidia-cufft-cu12-11.0.2.54 nvidia-curand-cu12-10.3.2.106 nvidia-cusolver-cu12-11.4.5.107 nvidia-cusparse-cu12-12.1.0.106 nvidia-nccl-cu12-2.18.1 nvidia-nvjitlink-cu12-12.3.101 nvidia-nvtx-cu12-12.1.105 opt-einsum-3.3.0 optax-0.1.7 orbax-checkpoint-0.4.8 ordered-set-4.1.0 protobuf-4.25.2 pydantic-2.1.1 pydantic-core-2.4.0 pyjwt-2.8.0 pyro-api-0.1.2 pyro-ppl-1.8.6 python-igraph-0.11.3 python-multipart-0.0.6 pytorch-lightning-2.1.3 readchar-4.0.5 requests-2.31.0 rich-13.7.0 runs-1.2.0 s3transfer-0.10.0 scipy-1.11.4 scvi-tools-1.0.4 sniffio-1.3.0 snowballstemmer-2.2.0 soupsieve-2.5 sparse-0.15.1 sphinx-7.2.6 sphinx-autodoc-typehints-1.25.2 sphinxcontrib-applehelp-1.0.8 sphinxcontrib-devhelp-1.0.6 sphinxcontrib-htmlhelp-2.0.5 sphinxcontrib-jsmath-1.0.1 sphinxcontrib-qthelp-1.0.7 sphinxcontrib-serializinghtml-1.1.10 starlette-0.35.1 starsessions-1.3.0 sympy-1.12 tensorstore-0.1.52 texttable-1.7.0 toolz-0.12.0 torch-2.1.2 torchmetrics-1.3.0 triton-2.1.0 types-python-dateutil-2.8.19.20240106 urllib3-2.0.7 uvicorn-0.25.0 velovi-0.3.0 websocket-client-1.7.0 websockets-12.0 xarray-2023.12.0 xmod-1.8.1 yarl-1.9.4 zipp-3.17.0
All done!
